<?xml version="1.0" encoding="utf-8"?>
<TestRun id="f3b0f6fc-8c34-46c3-85e1-3d8853e7852a" name="pifre@NATE-PC-9800X3D 2026-03-09 15:59:51" runUser="NATE-PC-9800X3D\pifre" xmlns="http://microsoft.com/schemas/VisualStudio/TeamTest/2010">
  <Times creation="2026-03-09T15:59:51.6865602-05:00" queuing="2026-03-09T15:59:51.6865603-05:00" start="2026-03-09T15:59:51.1317119-05:00" finish="2026-03-09T15:59:51.9334534-05:00" />
  <TestSettings name="default" id="856d9a79-84e1-4217-bf22-0a73331421fb">
    <Deployment runDeploymentRoot="pifre_NATE-PC-9800X3D_2026-03-09_15_59_51" />
  </TestSettings>
  <Results>
    <UnitTestResult executionId="a5fd82cf-a840-46af-9e53-f33154d9f8bc" testId="7f9dcb09-4927-9521-ae49-219b353fde42" testName="Motely.Tests.V0FilterRegressionTests.Filter_DeckAndStakeAreValid(fileName: &quot;tag-economy.jaml&quot;, jaml: &quot;name: Economy Tag Money\nauthor: jammy\ndescriptio&quot;···)" computerName="NATE-PC-9800X3D" duration="00:00:00.0000984" startTime="2026-03-09T15:59:51.8670167-05:00" endTime="2026-03-09T15:59:51.8671017-05:00" testType="13cdc9d9-ddb5-4fa4-a97d-d965ccfc6d4b" outcome="Passed" testListId="8c84fa94-04c1-424b-9868-57a2d4851a1d" relativeResultsDirectory="a5fd82cf-a840-46af-9e53-f33154d9f8bc" />
    <UnitTestResult executionId="f325f2c0-00dd-46e5-a3f9-8809ad15b249" testId="e0f92c5d-d275-a903-2338-2f4803d73484" testName="Motely.Tests.V0FilterRegressionTests.Filter_DeckAndStakeAreValid(fileName: &quot;tag-double.jaml&quot;, jaml: &quot;name: Double Tag Copy\nauthor: jammy\ndescription:&quot;···)" computerName="NATE-PC-9800X3D" duration="00:00:00.0001440" startTime="2026-03-09T15:59:51.8627000-05:00" endTime="2026-03-09T15:59:51.8627951-05:00" testType="13cdc9d9-ddb5-4fa4-a97d-d965ccfc6d4b" outcome="Passed" testListId="8c84fa94-04c1-424b-9868-57a2d4851a1d" relativeResultsDirectory="f325f2c0-00dd-46e5-a3f9-8809ad15b249" />
    <UnitTestResult executionId="6ff1274d-6f65-4b08-9b9a-520385334c3d" testId="ddda092c-409f-9f74-7e07-26672911b6f9" testName="Motely.Tests.V0FilterRegressionTests.Filter_DeckAndStakeAreValid(fileName: &quot;rare-stuntman.jaml&quot;, jaml: &quot;name: Stuntman Straight Build\nauthor: jammy\ndesc&quot;···)" computerName="NATE-PC-9800X3D" duration="00:00:00.0000788" startTime="2026-03-09T15:59:51.8566535-05:00" endTime="2026-03-09T15:59:51.8566664-05:00" testType="13cdc9d9-ddb5-4fa4-a97d-d965ccfc6d4b" outcome="Passed" testListId="8c84fa94-04c1-424b-9868-57a2d4851a1d" relativeResultsDirectory="6ff1274d-6f65-4b08-9b9a-520385334c3d" />
    <UnitTestResult executionId="1b936a92-dbc0-48b9-b368-f48b9f162a18" testId="788a9f46-56bd-d8e2-b897-97cf4f1fa753" testName="Motely.Tests.V0FilterRegressionTests.Filter_ParsesAndRuns(fileName: &quot;rare-bootstraps.jaml&quot;, jaml: &quot;name: Bootstraps Mult Scaling\nauthor: jammy\ndesc&quot;···)" computerName="NATE-PC-9800X3D" duration="00:00:00.0001910" startTime="2026-03-09T15:59:51.6685383-05:00" endTime="2026-03-09T15:59:51.6685519-05:00" testType="13cdc9d9-ddb5-4fa4-a97d-d965ccfc6d4b" outcome="Passed" testListId="8c84fa94-04c1-424b-9868-57a2d4851a1d" relativeResultsDirectory="1b936a92-dbc0-48b9-b368-f48b9f162a18" />
    <UnitTestResult executionId="9833cb2b-f16d-462d-8003-87a2d5e58faf" testId="e4467df9-64b4-99cd-4e1a-1b6ec853e21a" testName="Motely.Tests.V0FilterRegressionTests.Filter_DeckAndStakeAreValid(fileName: &quot;rare-cavendish.jaml&quot;, jaml: &quot;name: Cavendish X3 Mult\nauthor: jammy\ndescriptio&quot;···)" computerName="NATE-PC-9800X3D" duration="00:00:00.0000906" startTime="2026-03-09T15:59:51.8692843-05:00" endTime="2026-03-09T15:59:51.8693609-05:00" testType="13cdc9d9-ddb5-4fa4-a97d-d965ccfc6d4b" outcome="Passed" testListId="8c84fa94-04c1-424b-9868-57a2d4851a1d" relativeResultsDirectory="9833cb2b-f16d-462d-8003-87a2d5e58faf" />
    <UnitTestResult executionId="53fc0ad7-b169-4ded-84f9-72c23a00abc9" testId="96512b8d-65aa-7b1d-f850-c9ea8677cd9d" testName="Motely.Tests.V0FilterRegressionTests.Filter_DeckAndStakeAreValid(fileName: &quot;common-blue-joker.jaml&quot;, jaml: &quot;name: Blue Joker Deck Size\nauthor: jammy\ndescrip&quot;···)" computerName="NATE-PC-9800X3D" duration="00:00:00.0000969" startTime="2026-03-09T15:59:51.8546746-05:00" endTime="2026-03-09T15:59:51.8546926-05:00" testType="13cdc9d9-ddb5-4fa4-a97d-d965ccfc6d4b" outcome="Passed" testListId="8c84fa94-04c1-424b-9868-57a2d4851a1d" relativeResultsDirectory="53fc0ad7-b169-4ded-84f9-72c23a00abc9" />
    <UnitTestResult executionId="0490c055-dc39-42b3-b64f-a3ccd28a7ac8" testId="fdbbf562-476d-f969-29c7-df2d153a9caf" testName="Motely.Tests.V0FilterRegressionTests.Filter_ParsesAndRuns(fileName: &quot;rare-satellite.jaml&quot;, jaml: &quot;name: Satellite planetCard Economy\nauthor: jammy\ndes&quot;···)" computerName="NATE-PC-9800X3D" duration="00:00:00.0002685" startTime="2026-03-09T15:59:51.6683453-05:00" endTime="2026-03-09T15:59:51.6683619-05:00" testType="13cdc9d9-ddb5-4fa4-a97d-d965ccfc6d4b" outcome="Passed" testListId="8c84fa94-04c1-424b-9868-57a2d4851a1d" relativeResultsDirectory="0490c055-dc39-42b3-b64f-a3ccd28a7ac8" />
    <UnitTestResult executionId="c53ee5da-bf65-4698-b273-32a9495d8813" testId="a895ceea-7102-3259-a96a-9fc5b4aa0702" testName="Motely.Tests.V0FilterRegressionTests.Filter_DeckAndStakeAreValid(fileName: &quot;spectralCard-sigil.jaml&quot;, jaml: &quot;name: Sigil Flush Build\nauthor: jammy\ndescriptio&quot;···)" computerName="NATE-PC-9800X3D" duration="00:00:00.0000903" startTime="2026-03-09T15:59:51.8701376-05:00" endTime="2026-03-09T15:59:51.8701540-05:00" testType="13cdc9d9-ddb5-4fa4-a97d-d965ccfc6d4b" outcome="Passed" testListId="8c84fa94-04c1-424b-9868-57a2d4851a1d" relativeResultsDirectory="c53ee5da-bf65-4698-b273-32a9495d8813" />
    <UnitTestResult executionId="e43c4bdd-77a0-4e95-bcd2-839ee1173d1a" testId="82d03e11-67cc-4808-4c75-2f3efaad7faa" testName="Motely.Tests.V0FilterRegressionTests.Filter_ParsesAndRuns(fileName: &quot;rare-wee-joker.jaml&quot;, jaml: &quot;name: Wee Joker Erratic\nauthor: jammy\ndescriptio&quot;···)" computerName="NATE-PC-9800X3D" duration="00:00:00.0006625" startTime="2026-03-09T15:59:51.7285580-05:00" endTime="2026-03-09T15:59:51.7292019-05:00" testType="13cdc9d9-ddb5-4fa4-a97d-d965ccfc6d4b" outcome="Passed" testListId="8c84fa94-04c1-424b-9868-57a2d4851a1d" relativeResultsDirectory="e43c4bdd-77a0-4e95-bcd2-839ee1173d1a" />
    <UnitTestResult executionId="604be93f-f15b-40c4-be25-7f6c9d8a5f25" testId="3727581f-d283-f766-09a8-2023fd7cd890" testName="Motely.Tests.V0FilterRegressionTests.Filter_ParsesAndRuns(fileName: &quot;common-stencil-joker.jaml&quot;, jaml: &quot;name: Joker Stencil Black Deck\nauthor: jammy\ndes&quot;···)" computerName="NATE-PC-9800X3D" duration="00:00:00.0001727" startTime="2026-03-09T15:59:51.7753781-05:00" endTime="2026-03-09T15:59:51.7755567-05:00" testType="13cdc9d9-ddb5-4fa4-a97d-d965ccfc6d4b" outcome="Passed" testListId="8c84fa94-04c1-424b-9868-57a2d4851a1d" relativeResultsDirectory="604be93f-f15b-40c4-be25-7f6c9d8a5f25" />
    <UnitTestResult executionId="f198849a-c8b1-48c6-a360-ac26731a337d" testId="2140d793-fd71-14b7-eec0-a6107bff3792" testName="Motely.Tests.V0FilterRegressionTests.Filter_ParsesAndRuns(fileName: &quot;uncommon-mime.jaml&quot;, jaml: &quot;name: Mime Steel Baron\nauthor: jammy\ndescription&quot;···)" computerName="NATE-PC-9800X3D" duration="00:00:00.0535693" startTime="2026-03-09T15:59:51.5650759-05:00" endTime="2026-03-09T15:59:51.6233963-05:00" testType="13cdc9d9-ddb5-4fa4-a97d-d965ccfc6d4b" outcome="Passed" testListId="8c84fa94-04c1-424b-9868-57a2d4851a1d" relativeResultsDirectory="f198849a-c8b1-48c6-a360-ac26731a337d" />
    <UnitTestResult executionId="80ed3330-cfda-48c6-8565-7e9b65194098" testId="13b628fa-3a03-ca31-6f76-6f7114268256" testName="Motely.Tests.V0FilterRegressionTests.Filter_DeckAndStakeAreValid(fileName: &quot;uncommon-8-ball.jaml&quot;, jaml: &quot;name: EightBall tarotCard Generation\nauthor: jammy\nd&quot;···)" computerName="NATE-PC-9800X3D" duration="00:00:00.0000883" startTime="2026-03-09T15:59:51.8592714-05:00" endTime="2026-03-09T15:59:51.8592846-05:00" testType="13cdc9d9-ddb5-4fa4-a97d-d965ccfc6d4b" outcome="Passed" testListId="8c84fa94-04c1-424b-9868-57a2d4851a1d" relativeResultsDirectory="80ed3330-cfda-48c6-8565-7e9b65194098" />
    <UnitTestResult executionId="a446b345-8cb0-4f47-a6d6-d5e69279e41e" testId="664e1514-82b1-08fd-98d5-58af408cad39" testName="Motely.Tests.V0FilterRegressionTests.Filter_ParsesAndRuns(fileName: &quot;uncommon-business-card.jaml&quot;, jaml: &quot;name: Business Card Face Economy\nauthor: jammy\nd&quot;···)" computerName="NATE-PC-9800X3D" duration="00:00:00.0001492" startTime="2026-03-09T15:59:51.7484924-05:00" endTime="2026-03-09T15:59:51.7486383-05:00" testType="13cdc9d9-ddb5-4fa4-a97d-d965ccfc6d4b" outcome="Passed" testListId="8c84fa94-04c1-424b-9868-57a2d4851a1d" relativeResultsDirectory="a446b345-8cb0-4f47-a6d6-d5e69279e41e" />
    <UnitTestResult executionId="cf9796a2-c92e-4d8b-99ea-7f0da15d63f3" testId="cf703c58-5241-b2ff-3a87-f3b1dec1c021" testName="Motely.Tests.V0FilterRegressionTests.Filter_HasRequiredMetadata(fileName: &quot;deck-abandoned.jaml&quot;, jaml: &quot;name: Abandoned Deck Ride the Bus\nauthor: jammy\n&quot;···)" computerName="NATE-PC-9800X3D" duration="00:00:00.0000919" startTime="2026-03-09T15:59:51.8869538-05:00" endTime="2026-03-09T15:59:51.8870144-05:00" testType="13cdc9d9-ddb5-4fa4-a97d-d965ccfc6d4b" outcome="Passed" testListId="8c84fa94-04c1-424b-9868-57a2d4851a1d" relativeResultsDirectory="cf9796a2-c92e-4d8b-99ea-7f0da15d63f3" />
    <UnitTestResult executionId="c197f94a-62b9-46fa-bff1-d7d0f4d111d9" testId="116f9366-301b-ccd0-7817-c2497eb6a048" testName="Motely.Tests.V0FilterRegressionTests.Filter_HasRequiredMetadata(fileName: &quot;tag-coupon.jaml&quot;, jaml: &quot;name: Coupon Tag Shop Discount\nauthor: jammy\ndes&quot;···)" computerName="NATE-PC-9800X3D" duration="00:00:00.0000961" startTime="2026-03-09T15:59:51.8833925-05:00" endTime="2026-03-09T15:59:51.8834722-05:00" testType="13cdc9d9-ddb5-4fa4-a97d-d965ccfc6d4b" outcome="Passed" testListId="8c84fa94-04c1-424b-9868-57a2d4851a1d" relativeResultsDirectory="c197f94a-62b9-46fa-bff1-d7d0f4d111d9" />
    <UnitTestResult executionId="d3309cd2-352c-47fc-a87c-a7661c6f4f26" testId="9f5fd941-de89-78c5-1f69-ab932c36b856" testName="Motely.Tests.V0FilterRegressionTests.Filter_HasRequiredMetadata(fileName: &quot;spectralCard-wraith.jaml&quot;, jaml: &quot;name: Wraith Rare Joker\nauthor: jammy\ndescriptio&quot;···)" computerName="NATE-PC-9800X3D" duration="00:00:00.0000786" startTime="2026-03-09T15:59:51.8917267-05:00" endTime="2026-03-09T15:59:51.8917412-05:00" testType="13cdc9d9-ddb5-4fa4-a97d-d965ccfc6d4b" outcome="Passed" testListId="8c84fa94-04c1-424b-9868-57a2d4851a1d" relativeResultsDirectory="d3309cd2-352c-47fc-a87c-a7661c6f4f26" />
    <UnitTestResult executionId="dda2ee1d-4fef-4622-87d5-f35ec6d17a0c" testId="598fcd29-a1b4-03f3-d43e-8cce3e8fff58" testName="Motely.Tests.V0FilterRegressionTests.Filter_DeckAndStakeAreValid(fileName: &quot;tag-charm.jaml&quot;, jaml: &quot;name: Charm Tag Mega Pack\nauthor: jammy\ndescript&quot;···)" computerName="NATE-PC-9800X3D" duration="00:00:00.0001036" startTime="2026-03-09T15:59:51.8533423-05:00" endTime="2026-03-09T15:59:51.8533612-05:00" testType="13cdc9d9-ddb5-4fa4-a97d-d965ccfc6d4b" outcome="Passed" testListId="8c84fa94-04c1-424b-9868-57a2d4851a1d" relativeResultsDirectory="dda2ee1d-4fef-4622-87d5-f35ec6d17a0c" />
    <UnitTestResult executionId="1a40e55b-e93a-48a1-aafe-cf83b67d922f" testId="b347794c-191e-d608-1571-8db1b33df504" testName="Motely.Tests.V0FilterRegressionTests.Filter_HasRequiredMetadata(fileName: &quot;tag-charm.jaml&quot;, jaml: &quot;name: Charm Tag Mega Pack\nauthor: jammy\ndescript&quot;···)" computerName="NATE-PC-9800X3D" duration="00:00:00.0000794" startTime="2026-03-09T15:59:51.8917648-05:00" endTime="2026-03-09T15:59:51.8917777-05:00" testType="13cdc9d9-ddb5-4fa4-a97d-d965ccfc6d4b" outcome="Passed" testListId="8c84fa94-04c1-424b-9868-57a2d4851a1d" relativeResultsDirectory="1a40e55b-e93a-48a1-aafe-cf83b67d922f" />
    <UnitTestResult executionId="11e4b0a2-0a88-44e6-9980-dfd3e3cb9dbe" testId="e11e03ad-17b8-8fd4-e8be-b7c37e5b10a0" testName="Motely.Tests.V0FilterRegressionTests.Filter_HasRequiredMetadata(fileName: &quot;common-clever-joker.jaml&quot;, jaml: &quot;name: Clever Joker Two Pair\nauthor: jammy\ndescri&quot;···)" computerName="NATE-PC-9800X3D" duration="00:00:00.0000891" startTime="2026-03-09T15:59:51.8912546-05:00" endTime="2026-03-09T15:59:51.8912931-05:00" testType="13cdc9d9-ddb5-4fa4-a97d-d965ccfc6d4b" outcome="Passed" testListId="8c84fa94-04c1-424b-9868-57a2d4851a1d" relativeResultsDirectory="11e4b0a2-0a88-44e6-9980-dfd3e3cb9dbe" />
    <UnitTestResult executionId="5b815971-d245-4081-af2d-eb7de65d5935" testId="7a8ab9eb-2ff9-68be-b49c-8ca69adf4728" testName="Motely.Tests.V0FilterRegressionTests.Filter_ParsesAndRuns(fileName: &quot;deck-erratic.jaml&quot;, jaml: &quot;name: Erratic Deck Wee Joker\nauthor: jammy\ndescr&quot;···)" computerName="NATE-PC-9800X3D" duration="00:00:00.0001963" startTime="2026-03-09T15:59:51.7924430-05:00" endTime="2026-03-09T15:59:51.7926181-05:00" testType="13cdc9d9-ddb5-4fa4-a97d-d965ccfc6d4b" outcome="Passed" testListId="8c84fa94-04c1-424b-9868-57a2d4851a1d" relativeResultsDirectory="5b815971-d245-4081-af2d-eb7de65d5935" />
    <UnitTestResult executionId="78c773c2-6cb9-42eb-9aca-cc4a041061bc" testId="97a015c5-d017-716f-278f-d865ac067815" testName="Motely.Tests.V0FilterRegressionTests.Filter_DeckAndStakeAreValid(fileName: &quot;rare-duo-trio-family.jaml&quot;, jaml: &quot;name: The Duo Trio Family\nauthor: jammy\ndescript&quot;···)" computerName="NATE-PC-9800X3D" duration="00:00:00.0000924" startTime="2026-03-09T15:59:51.8675234-05:00" endTime="2026-03-09T15:59:51.8675998-05:00" testType="13cdc9d9-ddb5-4fa4-a97d-d965ccfc6d4b" outcome="Passed" testListId="8c84fa94-04c1-424b-9868-57a2d4851a1d" relativeResultsDirectory="78c773c2-6cb9-42eb-9aca-cc4a041061bc" />
    <UnitTestResult executionId="5719698d-ddae-4534-8bc1-c20e4e7edfd2" testId="24aec842-1a7d-52bd-5c9a-4e01e9c704a9" testName="Motely.Tests.V0FilterRegressionTests.Filter_HasRequiredMetadata(fileName: &quot;common-constellation.jaml&quot;, jaml: &quot;name: Constellation planetCard Engine\nauthor: jammy\n&quot;···)" computerName="NATE-PC-9800X3D" duration="00:00:00.0001035" startTime="2026-03-09T15:59:51.8910346-05:00" endTime="2026-03-09T15:59:51.8910539-05:00" testType="13cdc9d9-ddb5-4fa4-a97d-d965ccfc6d4b" outcome="Passed" testListId="8c84fa94-04c1-424b-9868-57a2d4851a1d" relativeResultsDirectory="5719698d-ddae-4534-8bc1-c20e4e7edfd2" />
    <UnitTestResult executionId="77f8c400-f628-4006-a186-d1f7534b9b02" testId="236c8339-42f3-7afa-d74c-afd3993a68d7" testName="Motely.Tests.V0FilterRegressionTests.Filter_ParsesAndRuns(fileName: &quot;uncommon-pareidolia.jaml&quot;, jaml: &quot;name: Pareidolia All Face Cards\nauthor: jammy\nde&quot;···)" computerName="NATE-PC-9800X3D" duration="00:00:00.0001916" startTime="2026-03-09T15:59:51.7320826-05:00" endTime="2026-03-09T15:59:51.7320983-05:00" testType="13cdc9d9-ddb5-4fa4-a97d-d965ccfc6d4b" outcome="Passed" testListId="8c84fa94-04c1-424b-9868-57a2d4851a1d" relativeResultsDirectory="77f8c400-f628-4006-a186-d1f7534b9b02" />
    <UnitTestResult executionId="6ea32302-7a73-49dc-8ebc-bfde92bfbb53" testId="7debe4a2-1320-29de-6323-806bacbe37d1" testName="Motely.Tests.V0FilterRegressionTests.Filter_HasRequiredMetadata(fileName: &quot;tag-juggle.jaml&quot;, jaml: &quot;name: Juggle Tag Hands\nauthor: jammy\ndescription&quot;···)" computerName="NATE-PC-9800X3D" duration="00:00:00.0000791" startTime="2026-03-09T15:59:51.8780904-05:00" endTime="2026-03-09T15:59:51.8781058-05:00" testType="13cdc9d9-ddb5-4fa4-a97d-d965ccfc6d4b" outcome="Passed" testListId="8c84fa94-04c1-424b-9868-57a2d4851a1d" relativeResultsDirectory="6ea32302-7a73-49dc-8ebc-bfde92bfbb53" />
    <UnitTestResult executionId="b69fc2d8-55a7-4f9e-8aec-35d9f59e490b" testId="6b2d424a-016d-1de6-3bfa-cdd840b71b1c" testName="Motely.Tests.V0FilterRegressionTests.Filter_ParsesAndRuns(fileName: &quot;spectralCard-incantation.jaml&quot;, jaml: &quot;name: Incantation Number Cards\nauthor: jammy\ndes&quot;···)" computerName="NATE-PC-9800X3D" duration="00:00:00.0049592" startTime="2026-03-09T15:59:51.6292937-05:00" endTime="2026-03-09T15:59:51.6331291-05:00" testType="13cdc9d9-ddb5-4fa4-a97d-d965ccfc6d4b" outcome="Passed" testListId="8c84fa94-04c1-424b-9868-57a2d4851a1d" relativeResultsDirectory="b69fc2d8-55a7-4f9e-8aec-35d9f59e490b" />
    <UnitTestResult executionId="b463f5d9-bae3-4143-b988-b1e1f04227d7" testId="54d63a19-ed75-e3b3-e258-af256c18dd0d" testName="Motely.Tests.V0FilterRegressionTests.Filter_HasRequiredMetadata(fileName: &quot;common-half-joker.jaml&quot;, jaml: &quot;name: Half Joker Small Hand\nauthor: jammy\ndescri&quot;···)" computerName="NATE-PC-9800X3D" duration="00:00:00.0000804" startTime="2026-03-09T15:59:51.8781306-05:00" endTime="2026-03-09T15:59:51.8781439-05:00" testType="13cdc9d9-ddb5-4fa4-a97d-d965ccfc6d4b" outcome="Passed" testListId="8c84fa94-04c1-424b-9868-57a2d4851a1d" relativeResultsDirectory="b463f5d9-bae3-4143-b988-b1e1f04227d7" />
    <UnitTestResult executionId="b209f369-8efc-43eb-b445-c347e092f6ae" testId="1cd98fbe-c166-431e-0881-f5131fe3ecc7" testName="Motely.Tests.V0FilterRegressionTests.Filter_ParsesAndRuns(fileName: &quot;uncommon-delayed-gratification.jaml&quot;, jaml: &quot;name: Delayed Gratification Blue Deck\nauthor: jam&quot;···)" computerName="NATE-PC-9800X3D" duration="00:00:00.0002196" startTime="2026-03-09T15:59:51.7493553-05:00" endTime="2026-03-09T15:59:51.7493736-05:00" testType="13cdc9d9-ddb5-4fa4-a97d-d965ccfc6d4b" outcome="Passed" testListId="8c84fa94-04c1-424b-9868-57a2d4851a1d" relativeResultsDirectory="b209f369-8efc-43eb-b445-c347e092f6ae" />
    <UnitTestResult executionId="26610bb1-16ad-42a4-90f6-62baf0651b41" testId="a7669505-d3a8-8f44-6185-2151240f097b" testName="Motely.Tests.V0FilterRegressionTests.Filter_HasRequiredMetadata(fileName: &quot;uncommon-four-fingers.jaml&quot;, jaml: &quot;name: Four Fingers Flush Five\nauthor: jammy\ndesc&quot;···)" computerName="NATE-PC-9800X3D" duration="00:00:00.0000908" startTime="2026-03-09T15:59:51.8762057-05:00" endTime="2026-03-09T15:59:51.8762193-05:00" testType="13cdc9d9-ddb5-4fa4-a97d-d965ccfc6d4b" outcome="Passed" testListId="8c84fa94-04c1-424b-9868-57a2d4851a1d" relativeResultsDirectory="26610bb1-16ad-42a4-90f6-62baf0651b41" />
    <UnitTestResult executionId="79d200a5-d232-4acb-9dbf-9b6c03c92694" testId="688017f5-335f-3c4d-f33a-3fc9e4788032" testName="Motely.Tests.V0FilterRegressionTests.Filter_ParsesAndRuns(fileName: &quot;spectralCard-medium.jaml&quot;, jaml: &quot;name: Medium Purple Seal\nauthor: jammy\ndescripti&quot;···)" computerName="NATE-PC-9800X3D" duration="00:00:00.0001808" startTime="2026-03-09T15:59:51.7922445-05:00" endTime="2026-03-09T15:59:51.7924103-05:00" testType="13cdc9d9-ddb5-4fa4-a97d-d965ccfc6d4b" outcome="Passed" testListId="8c84fa94-04c1-424b-9868-57a2d4851a1d" relativeResultsDirectory="79d200a5-d232-4acb-9dbf-9b6c03c92694" />
    <UnitTestResult executionId="058637ae-e3a9-430a-9595-d6d5accffc2e" testId="6b22e9e2-64ec-e1f5-a22f-d5ca00d67653" testName="Motely.Tests.V0FilterRegressionTests.Filter_HasRequiredMetadata(fileName: &quot;spectralCard-cryptid.jaml&quot;, jaml: &quot;name: Cryptid Card Clone\nauthor: jammy\ndescripti&quot;···)" computerName="NATE-PC-9800X3D" duration="00:00:00.0000933" startTime="2026-03-09T15:59:51.8757173-05:00" endTime="2026-03-09T15:59:51.8757958-05:00" testType="13cdc9d9-ddb5-4fa4-a97d-d965ccfc6d4b" outcome="Passed" testListId="8c84fa94-04c1-424b-9868-57a2d4851a1d" relativeResultsDirectory="058637ae-e3a9-430a-9595-d6d5accffc2e" />
    <UnitTestResult executionId="7dfca3c0-760a-4de5-b948-961cce298308" testId="eb80bad3-4ec3-b1a8-a981-d783a9ef5d39" testName="Motely.Tests.V0FilterRegressionTests.Filter_DeckAndStakeAreValid(fileName: &quot;standard-gold-seal-economy.jaml&quot;, jaml: &quot;name: Gold Seal Economy Cards\nauthor: jammy\ndesc&quot;···)" computerName="NATE-PC-9800X3D" duration="00:00:00.0001079" startTime="2026-03-09T15:59:51.8665685-05:00" endTime="2026-03-09T15:59:51.8665818-05:00" testType="13cdc9d9-ddb5-4fa4-a97d-d965ccfc6d4b" outcome="Passed" testListId="8c84fa94-04c1-424b-9868-57a2d4851a1d" relativeResultsDirectory="7dfca3c0-760a-4de5-b948-961cce298308" />
    <UnitTestResult executionId="4ddefc1f-e461-4540-abf1-129d06b090c4" testId="80a78d34-35cf-eeba-3083-b0bc3411a318" testName="Motely.Tests.V0FilterRegressionTests.Filter_ParsesAndRuns(fileName: &quot;common-jolly-joker.jaml&quot;, jaml: &quot;name: Jolly Joker Pair\nauthor: jammy\ndescription&quot;···)" computerName="NATE-PC-9800X3D" duration="00:00:00.0003989" startTime="2026-03-09T15:59:51.6796029-05:00" endTime="2026-03-09T15:59:51.6799680-05:00" testType="13cdc9d9-ddb5-4fa4-a97d-d965ccfc6d4b" outcome="Passed" testListId="8c84fa94-04c1-424b-9868-57a2d4851a1d" relativeResultsDirectory="4ddefc1f-e461-4540-abf1-129d06b090c4" />
    <UnitTestResult executionId="3ae3b314-2348-44eb-9215-4b881bb57fde" testId="a62f5861-a23e-de7b-4d10-f166a732afde" testName="Motely.Tests.V0FilterRegressionTests.Filter_HasRequiredMetadata(fileName: &quot;common-credit-card.jaml&quot;, jaml: &quot;name: Credit Card Debt\nauthor: jammy\ndescription&quot;···)" computerName="NATE-PC-9800X3D" duration="00:00:00.0000986" startTime="2026-03-09T15:59:51.8784016-05:00" endTime="2026-03-09T15:59:51.8784730-05:00" testType="13cdc9d9-ddb5-4fa4-a97d-d965ccfc6d4b" outcome="Passed" testListId="8c84fa94-04c1-424b-9868-57a2d4851a1d" relativeResultsDirectory="3ae3b314-2348-44eb-9215-4b881bb57fde" />
    <UnitTestResult executionId="ae7ade7e-2b09-4fa2-a39d-774c17b22eeb" testId="f296fa53-2b9a-a789-12b9-97ae2bf3f4df" testName="Motely.Tests.V0FilterRegressionTests.Filter_ParsesAndRuns(fileName: &quot;deck-anaglyph.jaml&quot;, jaml: &quot;name: Anaglyph Deck Negative Tag\nauthor: jammy\nd&quot;···)" computerName="NATE-PC-9800X3D" duration="00:00:00.0001700" startTime="2026-03-09T15:59:51.7750204-05:00" endTime="2026-03-09T15:59:51.7751777-05:00" testType="13cdc9d9-ddb5-4fa4-a97d-d965ccfc6d4b" outcome="Passed" testListId="8c84fa94-04c1-424b-9868-57a2d4851a1d" relativeResultsDirectory="ae7ade7e-2b09-4fa2-a39d-774c17b22eeb" />
    <UnitTestResult executionId="4b649988-45be-434f-93ac-19a5fe1a6067" testId="72ed2700-b5ea-54f5-49ae-b13f05739e31" testName="Motely.Tests.V0FilterRegressionTests.Filter_HasRequiredMetadata(fileName: &quot;deck-checkered.jaml&quot;, jaml: &quot;name: Checkered Deck Blackboard\nauthor: jammy\nde&quot;···)" computerName="NATE-PC-9800X3D" duration="00:00:00.0020039" startTime="2026-03-09T15:59:51.8815598-05:00" endTime="2026-03-09T15:59:51.8816444-05:00" testType="13cdc9d9-ddb5-4fa4-a97d-d965ccfc6d4b" outcome="Passed" testListId="8c84fa94-04c1-424b-9868-57a2d4851a1d" relativeResultsDirectory="4b649988-45be-434f-93ac-19a5fe1a6067" />
    <UnitTestResult executionId="fec123ea-1444-450e-9950-0594ea902088" testId="0bba27a4-a7f3-e415-bf39-26f03473ca40" testName="Motely.Tests.V0FilterRegressionTests.Filter_HasRequiredMetadata(fileName: &quot;common-crafty-joker.jaml&quot;, jaml: &quot;name: Crafty Joker Flush\nauthor: jammy\ndescripti&quot;···)" computerName="NATE-PC-9800X3D" duration="00:00:00.0000796" startTime="2026-03-09T15:59:51.8841997-05:00" endTime="2026-03-09T15:59:51.8842247-05:00" testType="13cdc9d9-ddb5-4fa4-a97d-d965ccfc6d4b" outcome="Passed" testListId="8c84fa94-04c1-424b-9868-57a2d4851a1d" relativeResultsDirectory="fec123ea-1444-450e-9950-0594ea902088" />
    <UnitTestResult executionId="78f34be3-30b7-460c-9392-0c1ed1b7ed7b" testId="123cf601-654d-1281-ef1a-8a17cd02233d" testName="Motely.Tests.V0FilterRegressionTests.Filter_DeckAndStakeAreValid(fileName: &quot;deck-checkered.jaml&quot;, jaml: &quot;name: Checkered Deck Blackboard\nauthor: jammy\nde&quot;···)" computerName="NATE-PC-9800X3D" duration="00:00:00.0000921" startTime="2026-03-09T15:59:51.8583457-05:00" endTime="2026-03-09T15:59:51.8583586-05:00" testType="13cdc9d9-ddb5-4fa4-a97d-d965ccfc6d4b" outcome="Passed" testListId="8c84fa94-04c1-424b-9868-57a2d4851a1d" relativeResultsDirectory="78f34be3-30b7-460c-9392-0c1ed1b7ed7b" />
    <UnitTestResult executionId="83bb02e8-ce3f-4d15-b908-087450d0a757" testId="b2d55551-33d3-6b0f-2a5a-1aa6295a69a5" testName="Motely.Tests.V0FilterRegressionTests.Filter_HasRequiredMetadata(fileName: &quot;tag-standard.jaml&quot;, jaml: &quot;name: Standard Tag Free Pack\nauthor: jammy\ndescr&quot;···)" computerName="NATE-PC-9800X3D" duration="00:00:00.0000798" startTime="2026-03-09T15:59:51.8880697-05:00" endTime="2026-03-09T15:59:51.8881524-05:00" testType="13cdc9d9-ddb5-4fa4-a97d-d965ccfc6d4b" outcome="Passed" testListId="8c84fa94-04c1-424b-9868-57a2d4851a1d" relativeResultsDirectory="83bb02e8-ce3f-4d15-b908-087450d0a757" />
    <UnitTestResult executionId="bb0a470c-d106-4982-a168-ce84a5e6a082" testId="ec6bbffd-a5f8-2587-cc63-8f3b2a09dcb3" testName="Motely.Tests.V0FilterRegressionTests.Filter_HasRequiredMetadata(fileName: &quot;common-runner.jaml&quot;, jaml: &quot;name: Runner Straight Chips\nauthor: jammy\ndescri&quot;···)" computerName="NATE-PC-9800X3D" duration="00:00:00.0001535" startTime="2026-03-09T15:59:51.8887839-05:00" endTime="2026-03-09T15:59:51.8887990-05:00" testType="13cdc9d9-ddb5-4fa4-a97d-d965ccfc6d4b" outcome="Passed" testListId="8c84fa94-04c1-424b-9868-57a2d4851a1d" relativeResultsDirectory="bb0a470c-d106-4982-a168-ce84a5e6a082" />
    <UnitTestResult executionId="512b9f7b-deeb-4b12-ab17-3349d99171c6" testId="2b7287e5-1a56-c56f-5bf8-02d07dbf4795" testName="Motely.Tests.V0FilterRegressionTests.Filter_ParsesAndRuns(fileName: &quot;common-devious-joker.jaml&quot;, jaml: &quot;name: Devious Joker Straight\nauthor: jammy\ndescr&quot;···)" computerName="NATE-PC-9800X3D" duration="00:00:00.0003386" startTime="2026-03-09T15:59:51.8128007-05:00" endTime="2026-03-09T15:59:51.8131767-05:00" testType="13cdc9d9-ddb5-4fa4-a97d-d965ccfc6d4b" outcome="Passed" testListId="8c84fa94-04c1-424b-9868-57a2d4851a1d" relativeResultsDirectory="512b9f7b-deeb-4b12-ab17-3349d99171c6" />
    <UnitTestResult executionId="c8d51d3c-0246-42bf-86a4-2d2afc9d161c" testId="a6644018-be81-c0b1-1e8e-127d72e2c0a0" testName="Motely.Tests.V0FilterRegressionTests.Filter_ParsesAndRuns(fileName: &quot;standard-purple-seal-tarotCard.jaml&quot;, jaml: &quot;name: Purple Seal tarotCard Generation\nauthor: jammy\&quot;···)" computerName="NATE-PC-9800X3D" duration="00:00:00.0005314" startTime="2026-03-09T15:59:51.7677225-05:00" endTime="2026-03-09T15:59:51.7679935-05:00" testType="13cdc9d9-ddb5-4fa4-a97d-d965ccfc6d4b" outcome="Passed" testListId="8c84fa94-04c1-424b-9868-57a2d4851a1d" relativeResultsDirectory="c8d51d3c-0246-42bf-86a4-2d2afc9d161c" />
    <UnitTestResult executionId="0c950cfd-5f26-436e-a2f2-6a879c766530" testId="1d10cb84-ce46-7455-bda8-41d5b444f499" testName="Motely.Tests.V0FilterRegressionTests.Filter_DeckAndStakeAreValid(fileName: &quot;tag-investment.jaml&quot;, jaml: &quot;name: Investment Tag Economy\nauthor: jammy\ndescr&quot;···)" computerName="NATE-PC-9800X3D" duration="00:00:00.0000905" startTime="2026-03-09T15:59:51.8677753-05:00" endTime="2026-03-09T15:59:51.8677935-05:00" testType="13cdc9d9-ddb5-4fa4-a97d-d965ccfc6d4b" outcome="Passed" testListId="8c84fa94-04c1-424b-9868-57a2d4851a1d" relativeResultsDirectory="0c950cfd-5f26-436e-a2f2-6a879c766530" />
    <UnitTestResult executionId="ec23e160-6afe-425a-aca2-fcf4dcc915e5" testId="09ff02ba-e92c-3c40-f01e-cc6a92fc99fc" testName="Motely.Tests.V0FilterRegressionTests.Filter_DeckAndStakeAreValid(fileName: &quot;spectralCard-ectoplasm.jaml&quot;, jaml: &quot;name: Ectoplasm Negative Joker\nauthor: jammy\ndes&quot;···)" computerName="NATE-PC-9800X3D" duration="00:00:00.0000971" startTime="2026-03-09T15:59:51.8583104-05:00" endTime="2026-03-09T15:59:51.8583237-05:00" testType="13cdc9d9-ddb5-4fa4-a97d-d965ccfc6d4b" outcome="Passed" testListId="8c84fa94-04c1-424b-9868-57a2d4851a1d" relativeResultsDirectory="ec23e160-6afe-425a-aca2-fcf4dcc915e5" />
    <UnitTestResult executionId="577503fe-644e-4c8e-a0b3-d59d6a13af76" testId="332bd854-e8d8-7f33-84fa-c27165c238fe" testName="Motely.Tests.V0FilterRegressionTests.Filter_DeckAndStakeAreValid(fileName: &quot;tarotCard-the-sun.jaml&quot;, jaml: &quot;name: TheSun Heart Flush\nauthor: jammy\ndescripti&quot;···)" computerName="NATE-PC-9800X3D" duration="00:00:00.0000894" startTime="2026-03-09T15:59:51.8624364-05:00" endTime="2026-03-09T15:59:51.8624495-05:00" testType="13cdc9d9-ddb5-4fa4-a97d-d965ccfc6d4b" outcome="Passed" testListId="8c84fa94-04c1-424b-9868-57a2d4851a1d" relativeResultsDirectory="577503fe-644e-4c8e-a0b3-d59d6a13af76" />
    <UnitTestResult executionId="dea49c23-d256-4e55-9df9-15c1382787fa" testId="6254fe4d-9bdd-ca73-57c6-cc941d9f0df4" testName="Motely.Tests.V0FilterRegressionTests.Filter_HasRequiredMetadata(fileName: &quot;common-greedy-joker.jaml&quot;, jaml: &quot;name: Greedy Joker Diamonds\nauthor: jammy\ndescri&quot;···)" computerName="NATE-PC-9800X3D" duration="00:00:00.0001677" startTime="2026-03-09T15:59:51.8792341-05:00" endTime="2026-03-09T15:59:51.8792892-05:00" testType="13cdc9d9-ddb5-4fa4-a97d-d965ccfc6d4b" outcome="Passed" testListId="8c84fa94-04c1-424b-9868-57a2d4851a1d" relativeResultsDirectory="dea49c23-d256-4e55-9df9-15c1382787fa" />
    <UnitTestResult executionId="b6aaa31f-7549-400f-8a8c-340be7fdd8b7" testId="a27e8ca8-51a5-2f1c-be23-0d2a4876e70a" testName="Motely.Tests.V0FilterRegressionTests.Filter_HasRequiredMetadata(fileName: &quot;legendary-perkeo.jaml&quot;, jaml: &quot;name: Perkeo Consumable Engine\nauthor: jammy\ndes&quot;···)" computerName="NATE-PC-9800X3D" duration="00:00:00.0000945" startTime="2026-03-09T15:59:51.8763762-05:00" endTime="2026-03-09T15:59:51.8763936-05:00" testType="13cdc9d9-ddb5-4fa4-a97d-d965ccfc6d4b" outcome="Passed" testListId="8c84fa94-04c1-424b-9868-57a2d4851a1d" relativeResultsDirectory="b6aaa31f-7549-400f-8a8c-340be7fdd8b7" />
    <UnitTestResult executionId="07caa6de-5249-4961-8635-9550d99cbdf6" testId="3d0bf662-ce6a-261a-6440-061a580a3963" testName="Motely.Tests.V0FilterRegressionTests.Filter_DeckAndStakeAreValid(fileName: &quot;common-constellation.jaml&quot;, jaml: &quot;name: Constellation planetCard Engine\nauthor: jammy\n&quot;···)" computerName="NATE-PC-9800X3D" duration="00:00:00.0000920" startTime="2026-03-09T15:59:51.8651047-05:00" endTime="2026-03-09T15:59:51.8651801-05:00" testType="13cdc9d9-ddb5-4fa4-a97d-d965ccfc6d4b" outcome="Passed" testListId="8c84fa94-04c1-424b-9868-57a2d4851a1d" relativeResultsDirectory="07caa6de-5249-4961-8635-9550d99cbdf6" />
    <UnitTestResult executionId="cf717f54-3003-4225-96dd-d0547eadb13a" testId="86c615f9-bb2a-49c1-bc55-d2d0525a4c1c" testName="Motely.Tests.V0FilterRegressionTests.Filter_HasRequiredMetadata(fileName: &quot;common-blue-joker.jaml&quot;, jaml: &quot;name: Blue Joker Deck Size\nauthor: jammy\ndescrip&quot;···)" computerName="NATE-PC-9800X3D" duration="00:00:00.0000941" startTime="2026-03-09T15:59:51.8899405-05:00" endTime="2026-03-09T15:59:51.8899587-05:00" testType="13cdc9d9-ddb5-4fa4-a97d-d965ccfc6d4b" outcome="Passed" testListId="8c84fa94-04c1-424b-9868-57a2d4851a1d" relativeResultsDirectory="cf717f54-3003-4225-96dd-d0547eadb13a" />
    <UnitTestResult executionId="7e2430b8-6eb6-412e-887a-2f2d473e84ce" testId="ca12b358-de75-db94-3cfc-6b6cb5df280d" testName="Motely.Tests.V0FilterRegressionTests.Filter_ParsesAndRuns(fileName: &quot;tag-economy.jaml&quot;, jaml: &quot;name: Economy Tag Money\nauthor: jammy\ndescriptio&quot;···)" computerName="NATE-PC-9800X3D" duration="00:00:00.0023190" startTime="2026-03-09T15:59:51.7891753-05:00" endTime="2026-03-09T15:59:51.7914980-05:00" testType="13cdc9d9-ddb5-4fa4-a97d-d965ccfc6d4b" outcome="Passed" testListId="8c84fa94-04c1-424b-9868-57a2d4851a1d" relativeResultsDirectory="7e2430b8-6eb6-412e-887a-2f2d473e84ce" />
    <UnitTestResult executionId="2c8656ed-360c-473c-85b7-d91689ad8b61" testId="267b1ccd-0782-39a5-3418-c7ade642190a" testName="Motely.Tests.V0FilterRegressionTests.Filter_HasRequiredMetadata(fileName: &quot;common-wily-joker.jaml&quot;, jaml: &quot;name: Wily Joker Three of a Kind\nauthor: jammy\nd&quot;···)" computerName="NATE-PC-9800X3D" duration="00:00:00.0000810" startTime="2026-03-09T15:59:51.8863222-05:00" endTime="2026-03-09T15:59:51.8863818-05:00" testType="13cdc9d9-ddb5-4fa4-a97d-d965ccfc6d4b" outcome="Passed" testListId="8c84fa94-04c1-424b-9868-57a2d4851a1d" relativeResultsDirectory="2c8656ed-360c-473c-85b7-d91689ad8b61" />
    <UnitTestResult executionId="62ddaa21-626e-42a3-9b1d-4df09ebac609" testId="d09ba0db-4f1d-a8bd-9e06-6d4108e45e2b" testName="Motely.Tests.V0FilterRegressionTests.Filter_DeckAndStakeAreValid(fileName: &quot;rare-baron.jaml&quot;, jaml: &quot;name: Baron Steel King\nauthor: jammy\ndescription&quot;···)" computerName="NATE-PC-9800X3D" duration="00:00:00.0001011" startTime="2026-03-09T15:59:51.8607067-05:00" endTime="2026-03-09T15:59:51.8608165-05:00" testType="13cdc9d9-ddb5-4fa4-a97d-d965ccfc6d4b" outcome="Passed" testListId="8c84fa94-04c1-424b-9868-57a2d4851a1d" relativeResultsDirectory="62ddaa21-626e-42a3-9b1d-4df09ebac609" />
    <UnitTestResult executionId="fcb2c9c2-c781-4cd0-9358-7887fb2938b5" testId="861adee8-e34b-a77e-801a-2efdea1718bd" testName="Motely.Tests.V0FilterRegressionTests.Filter_DeckAndStakeAreValid(fileName: &quot;tag-d6.jaml&quot;, jaml: &quot;name: D6 Tag Reroll\nauthor: jammy\ndescription: D&quot;···)" computerName="NATE-PC-9800X3D" duration="00:00:00.0000760" startTime="2026-03-09T15:59:51.8652911-05:00" endTime="2026-03-09T15:59:51.8653528-05:00" testType="13cdc9d9-ddb5-4fa4-a97d-d965ccfc6d4b" outcome="Passed" testListId="8c84fa94-04c1-424b-9868-57a2d4851a1d" relativeResultsDirectory="fcb2c9c2-c781-4cd0-9358-7887fb2938b5" />
    <UnitTestResult executionId="5e548ef9-d897-4891-af65-b405a1836db7" testId="398b051c-0a95-9af0-f30f-1dd2c1653869" testName="Motely.Tests.V0FilterRegressionTests.Filter_DeckAndStakeAreValid(fileName: &quot;deck-red.jaml&quot;, jaml: &quot;name: Red Deck Early Economy\nauthor: jammy\ndescr&quot;···)" computerName="NATE-PC-9800X3D" duration="00:00:00.0000930" startTime="2026-03-09T15:59:51.8676214-05:00" endTime="2026-03-09T15:59:51.8677226-05:00" testType="13cdc9d9-ddb5-4fa4-a97d-d965ccfc6d4b" outcome="Passed" testListId="8c84fa94-04c1-424b-9868-57a2d4851a1d" relativeResultsDirectory="5e548ef9-d897-4891-af65-b405a1836db7" />
    <UnitTestResult executionId="a2c3f301-1447-4bc3-929d-df838a95881f" testId="a2957705-6b34-164e-efd5-58e90a41aa82" testName="Motely.Tests.V0FilterRegressionTests.Filter_ParsesAndRuns(fileName: &quot;boss-the-wheel.jaml&quot;, jaml: &quot;name: TheWheel Boss Blind\nauthor: jammy\ndescript&quot;···)" computerName="NATE-PC-9800X3D" duration="00:00:00.0019908" startTime="2026-03-09T15:59:51.8006165-05:00" endTime="2026-03-09T15:59:51.8026112-05:00" testType="13cdc9d9-ddb5-4fa4-a97d-d965ccfc6d4b" outcome="Passed" testListId="8c84fa94-04c1-424b-9868-57a2d4851a1d" relativeResultsDirectory="a2c3f301-1447-4bc3-929d-df838a95881f" />
    <UnitTestResult executionId="377abc46-1033-4e80-bd6e-392774b5c04c" testId="d05ca910-1ef2-2b19-0739-e95c1f38d3dd" testName="Motely.Tests.V0FilterRegressionTests.Filter_ParsesAndRuns(fileName: &quot;common-faceless-joker.jaml&quot;, jaml: &quot;name: Faceless Joker Economy\nauthor: jammy\ndescr&quot;···)" computerName="NATE-PC-9800X3D" duration="00:00:00.0001733" startTime="2026-03-09T15:59:51.8363836-05:00" endTime="2026-03-09T15:59:51.8365215-05:00" testType="13cdc9d9-ddb5-4fa4-a97d-d965ccfc6d4b" outcome="Passed" testListId="8c84fa94-04c1-424b-9868-57a2d4851a1d" relativeResultsDirectory="377abc46-1033-4e80-bd6e-392774b5c04c" />
    <UnitTestResult executionId="5a5239ef-685d-49d9-b6f3-2ee40442df6d" testId="5afc111b-3cee-b650-af7f-36bcc40dcd41" testName="Motely.Tests.V0FilterRegressionTests.Filter_HasRequiredMetadata(fileName: &quot;uncommon-banner.jaml&quot;, jaml: &quot;name: Banner Unused Discards\nauthor: jammy\ndescr&quot;···)" computerName="NATE-PC-9800X3D" duration="00:00:00.0000800" startTime="2026-03-09T15:59:51.8900968-05:00" endTime="2026-03-09T15:59:51.8901101-05:00" testType="13cdc9d9-ddb5-4fa4-a97d-d965ccfc6d4b" outcome="Passed" testListId="8c84fa94-04c1-424b-9868-57a2d4851a1d" relativeResultsDirectory="5a5239ef-685d-49d9-b6f3-2ee40442df6d" />
    <UnitTestResult executionId="02c3e315-7018-4dfc-9abd-5ca1a9650ce5" testId="2734b5c7-fa59-3ab2-5f78-eb7013f262a6" testName="Motely.Tests.V0FilterRegressionTests.Filter_ParsesAndRuns(fileName: &quot;rare-baron.jaml&quot;, jaml: &quot;name: Baron Steel King\nauthor: jammy\ndescription&quot;···)" computerName="NATE-PC-9800X3D" duration="00:00:00.0001906" startTime="2026-03-09T15:59:51.7481800-05:00" endTime="2026-03-09T15:59:51.7482925-05:00" testType="13cdc9d9-ddb5-4fa4-a97d-d965ccfc6d4b" outcome="Passed" testListId="8c84fa94-04c1-424b-9868-57a2d4851a1d" relativeResultsDirectory="02c3e315-7018-4dfc-9abd-5ca1a9650ce5" />
    <UnitTestResult executionId="365141dc-ea8a-4e9e-8c40-483083e5b366" testId="edd5891e-2eec-ac16-629e-f1b2693859a4" testName="Motely.Tests.V0FilterRegressionTests.Filter_HasRequiredMetadata(fileName: &quot;deck-erratic.jaml&quot;, jaml: &quot;name: Erratic Deck Wee Joker\nauthor: jammy\ndescr&quot;···)" computerName="NATE-PC-9800X3D" duration="00:00:00.0001045" startTime="2026-03-09T15:59:51.8912210-05:00" endTime="2026-03-09T15:59:51.8912338-05:00" testType="13cdc9d9-ddb5-4fa4-a97d-d965ccfc6d4b" outcome="Passed" testListId="8c84fa94-04c1-424b-9868-57a2d4851a1d" relativeResultsDirectory="365141dc-ea8a-4e9e-8c40-483083e5b366" />
    <UnitTestResult executionId="944a5f89-22b6-49a0-b7e5-32be0ffd3d95" testId="5d147711-375f-b21e-9ffa-90aac1af769b" testName="Motely.Tests.V0FilterRegressionTests.Filter_HasRequiredMetadata(fileName: &quot;uncommon-abstract-joker.jaml&quot;, jaml: &quot;name: Abstract Joker Black Deck\nauthor: jammy\nde&quot;···)" computerName="NATE-PC-9800X3D" duration="00:00:00.0000805" startTime="2026-03-09T15:59:51.8853777-05:00" endTime="2026-03-09T15:59:51.8854440-05:00" testType="13cdc9d9-ddb5-4fa4-a97d-d965ccfc6d4b" outcome="Passed" testListId="8c84fa94-04c1-424b-9868-57a2d4851a1d" relativeResultsDirectory="944a5f89-22b6-49a0-b7e5-32be0ffd3d95" />
    <UnitTestResult executionId="3de59219-2d44-44e3-bbd8-5ca476c53010" testId="d1cd2668-d454-b0dd-5934-a42ba477a0e5" testName="Motely.Tests.V0FilterRegressionTests.Filter_DeckAndStakeAreValid(fileName: &quot;tarotCard-temperance.jaml&quot;, jaml: &quot;name: Temperance Sell Value\nauthor: jammy\ndescri&quot;···)" computerName="NATE-PC-9800X3D" duration="00:00:00.0001152" startTime="2026-03-09T15:59:51.8559476-05:00" endTime="2026-03-09T15:59:51.8559986-05:00" testType="13cdc9d9-ddb5-4fa4-a97d-d965ccfc6d4b" outcome="Passed" testListId="8c84fa94-04c1-424b-9868-57a2d4851a1d" relativeResultsDirectory="3de59219-2d44-44e3-bbd8-5ca476c53010" />
    <UnitTestResult executionId="64330637-bd15-4ee4-8ba7-03fa425b6186" testId="7156df1b-8d0a-9736-874e-5715055df9a5" testName="Motely.Tests.V0FilterRegressionTests.Filter_ParsesAndRuns(fileName: &quot;tag-ethereal.jaml&quot;, jaml: &quot;name: Ethereal Tag Free Pack\nauthor: jammy\ndescr&quot;···)" computerName="NATE-PC-9800X3D" duration="00:00:00.0065365" startTime="2026-03-09T15:59:51.7546305-05:00" endTime="2026-03-09T15:59:51.7611429-05:00" testType="13cdc9d9-ddb5-4fa4-a97d-d965ccfc6d4b" outcome="Passed" testListId="8c84fa94-04c1-424b-9868-57a2d4851a1d" relativeResultsDirectory="64330637-bd15-4ee4-8ba7-03fa425b6186" />
    <UnitTestResult executionId="298699e6-088e-4b04-a321-a6ce870a099f" testId="3ae924ad-d9ad-5c9d-6576-e8777e650a7e" testName="Motely.Tests.V0FilterRegressionTests.Filter_DeckAndStakeAreValid(fileName: &quot;tag-boss.jaml&quot;, jaml: &quot;name: Boss Tag Reroll\nauthor: jammy\ndescription:&quot;···)" computerName="NATE-PC-9800X3D" duration="00:00:00.0000773" startTime="2026-03-09T15:59:51.8593401-05:00" endTime="2026-03-09T15:59:51.8593535-05:00" testType="13cdc9d9-ddb5-4fa4-a97d-d965ccfc6d4b" outcome="Passed" testListId="8c84fa94-04c1-424b-9868-57a2d4851a1d" relativeResultsDirectory="298699e6-088e-4b04-a321-a6ce870a099f" />
    <UnitTestResult executionId="bf7923dc-3fca-41d0-98b8-7145259c9948" testId="69b1e081-a217-aa9b-4464-4d648a334ee9" testName="Motely.Tests.V0FilterRegressionTests.Filter_DeckAndStakeAreValid(fileName: &quot;tag-speed.jaml&quot;, jaml: &quot;name: Speed Tag Skip\nauthor: jammy\ndescription: &quot;···)" computerName="NATE-PC-9800X3D" duration="00:00:00.0000853" startTime="2026-03-09T15:59:51.8686694-05:00" endTime="2026-03-09T15:59:51.8687605-05:00" testType="13cdc9d9-ddb5-4fa4-a97d-d965ccfc6d4b" outcome="Passed" testListId="8c84fa94-04c1-424b-9868-57a2d4851a1d" relativeResultsDirectory="bf7923dc-3fca-41d0-98b8-7145259c9948" />
    <UnitTestResult executionId="6654e724-b262-4551-b585-0ab0e6b15de2" testId="0bbbeeee-f730-9b66-060b-3f33664e3a6a" testName="Motely.Tests.V0FilterRegressionTests.Filter_ParsesAndRuns(fileName: &quot;boss-the-mouth.jaml&quot;, jaml: &quot;name: TheMouth Boss Blind\nauthor: jammy\ndescript&quot;···)" computerName="NATE-PC-9800X3D" duration="00:00:00.0020398" startTime="2026-03-09T15:59:51.7841340-05:00" endTime="2026-03-09T15:59:51.7861479-05:00" testType="13cdc9d9-ddb5-4fa4-a97d-d965ccfc6d4b" outcome="Passed" testListId="8c84fa94-04c1-424b-9868-57a2d4851a1d" relativeResultsDirectory="6654e724-b262-4551-b585-0ab0e6b15de2" />
    <UnitTestResult executionId="213fdec1-25ff-4927-9f85-939a33e927d4" testId="2604c8a1-2fec-057e-b36c-5a2f243f68c4" testName="Motely.Tests.V0FilterRegressionTests.Filter_HasRequiredMetadata(fileName: &quot;spectralCard-black-hole.jaml&quot;, jaml: &quot;name: BlackHole Hand Levels\nauthor: jammy\ndescri&quot;···)" computerName="NATE-PC-9800X3D" duration="00:00:00.0000947" startTime="2026-03-09T15:59:51.8891950-05:00" endTime="2026-03-09T15:59:51.8892278-05:00" testType="13cdc9d9-ddb5-4fa4-a97d-d965ccfc6d4b" outcome="Passed" testListId="8c84fa94-04c1-424b-9868-57a2d4851a1d" relativeResultsDirectory="213fdec1-25ff-4927-9f85-939a33e927d4" />
    <UnitTestResult executionId="45a676ff-36cd-4c9e-a4bf-2ee412d68ef4" testId="6e6278ac-ea61-d41b-c674-19d0827f5693" testName="Motely.Tests.V0FilterRegressionTests.Filter_ParsesAndRuns(fileName: &quot;legendary-chicot.jaml&quot;, jaml: &quot;name: Chicot Boss Disable\nauthor: jammy\ndescript&quot;···)" computerName="NATE-PC-9800X3D" duration="00:00:00.0038020" startTime="2026-03-09T15:59:51.7360841-05:00" endTime="2026-03-09T15:59:51.7399019-05:00" testType="13cdc9d9-ddb5-4fa4-a97d-d965ccfc6d4b" outcome="Passed" testListId="8c84fa94-04c1-424b-9868-57a2d4851a1d" relativeResultsDirectory="45a676ff-36cd-4c9e-a4bf-2ee412d68ef4" />
    <UnitTestResult executionId="a4b3e774-26fd-4b2f-a573-421aef718940" testId="f78a64d8-045c-a9a4-7396-772a48df0c86" testName="Motely.Tests.V0FilterRegressionTests.Filter_HasRequiredMetadata(fileName: &quot;deck-painted.jaml&quot;, jaml: &quot;name: Painted Deck Flush Build\nauthor: jammy\ndes&quot;···)" computerName="NATE-PC-9800X3D" duration="00:00:00.0000904" startTime="2026-03-09T15:59:51.8902026-05:00" endTime="2026-03-09T15:59:51.8902762-05:00" testType="13cdc9d9-ddb5-4fa4-a97d-d965ccfc6d4b" outcome="Passed" testListId="8c84fa94-04c1-424b-9868-57a2d4851a1d" relativeResultsDirectory="a4b3e774-26fd-4b2f-a573-421aef718940" />
    <UnitTestResult executionId="2288edfa-1fd2-44e0-a168-b223b825bada" testId="1d8c6d73-9f05-5fbe-e443-897913e416d6" testName="Motely.Tests.V0FilterRegressionTests.Filter_DeckAndStakeAreValid(fileName: &quot;rare-satellite.jaml&quot;, jaml: &quot;name: Satellite planetCard Economy\nauthor: jammy\ndes&quot;···)" computerName="NATE-PC-9800X3D" duration="00:00:00.0001215" startTime="2026-03-09T15:59:51.8600334-05:00" endTime="2026-03-09T15:59:51.8601177-05:00" testType="13cdc9d9-ddb5-4fa4-a97d-d965ccfc6d4b" outcome="Passed" testListId="8c84fa94-04c1-424b-9868-57a2d4851a1d" relativeResultsDirectory="2288edfa-1fd2-44e0-a168-b223b825bada" />
    <UnitTestResult executionId="400e3e54-2c71-42b0-b356-e2a375c7e486" testId="db714eb4-5165-1cf8-9b76-000488954470" testName="Motely.Tests.V0FilterRegressionTests.Filter_HasRequiredMetadata(fileName: &quot;tag-holographic.jaml&quot;, jaml: &quot;name: Holographic Tag Early\nauthor: jammy\ndescri&quot;···)" computerName="NATE-PC-9800X3D" duration="00:00:00.0000866" startTime="2026-03-09T15:59:51.8841201-05:00" endTime="2026-03-09T15:59:51.8841330-05:00" testType="13cdc9d9-ddb5-4fa4-a97d-d965ccfc6d4b" outcome="Passed" testListId="8c84fa94-04c1-424b-9868-57a2d4851a1d" relativeResultsDirectory="400e3e54-2c71-42b0-b356-e2a375c7e486" />
    <UnitTestResult executionId="44f82548-6934-452f-833a-29fee75d834e" testId="35fdd6ab-4970-b764-fedb-c435ecbd99c4" testName="Motely.Tests.V0FilterRegressionTests.Filter_HasRequiredMetadata(fileName: &quot;uncommon-even-steven.jaml&quot;, jaml: &quot;name: Even Steven Even Cards\nauthor: jammy\ndescr&quot;···)" computerName="NATE-PC-9800X3D" duration="00:00:00.0000832" startTime="2026-03-09T15:59:51.8910830-05:00" endTime="2026-03-09T15:59:51.8910967-05:00" testType="13cdc9d9-ddb5-4fa4-a97d-d965ccfc6d4b" outcome="Passed" testListId="8c84fa94-04c1-424b-9868-57a2d4851a1d" relativeResultsDirectory="44f82548-6934-452f-833a-29fee75d834e" />
    <UnitTestResult executionId="64b46aa4-f0d0-43f9-a420-4c7c7e4f8f8d" testId="db876f25-10f4-1872-7840-d415f24ce041" testName="Motely.Tests.V0FilterRegressionTests.Filter_HasRequiredMetadata(fileName: &quot;tag-boss.jaml&quot;, jaml: &quot;name: Boss Tag Reroll\nauthor: jammy\ndescription:&quot;···)" computerName="NATE-PC-9800X3D" duration="00:00:00.0000760" startTime="2026-03-09T15:59:51.8927168-05:00" endTime="2026-03-09T15:59:51.8927758-05:00" testType="13cdc9d9-ddb5-4fa4-a97d-d965ccfc6d4b" outcome="Passed" testListId="8c84fa94-04c1-424b-9868-57a2d4851a1d" relativeResultsDirectory="64b46aa4-f0d0-43f9-a420-4c7c7e4f8f8d" />
    <UnitTestResult executionId="53f1c774-5ea5-4b31-8844-30cef7c54582" testId="1ae73257-5e46-2e9e-9ee7-b0d3cba57521" testName="Motely.Tests.V0FilterRegressionTests.Filter_HasRequiredMetadata(fileName: &quot;rare-hit-the-road.jaml&quot;, jaml: &quot;name: Hit the Road Jack Discard\nauthor: jammy\nde&quot;···)" computerName="NATE-PC-9800X3D" duration="00:00:00.0001109" startTime="2026-03-09T15:59:51.8725932-05:00" endTime="2026-03-09T15:59:51.8726069-05:00" testType="13cdc9d9-ddb5-4fa4-a97d-d965ccfc6d4b" outcome="Passed" testListId="8c84fa94-04c1-424b-9868-57a2d4851a1d" relativeResultsDirectory="53f1c774-5ea5-4b31-8844-30cef7c54582" />
    <UnitTestResult executionId="67abc74a-4354-4362-95e0-386ca7b80395" testId="7d1c811a-ac76-6933-257c-94d5e1ef1c4f" testName="Motely.Tests.V0FilterRegressionTests.Filter_ParsesAndRuns(fileName: &quot;tag-negative.jaml&quot;, jaml: &quot;name: Negative Tag Early\nauthor: jammy\ndescripti&quot;···)" computerName="NATE-PC-9800X3D" duration="00:00:00.0024724" startTime="2026-03-09T15:59:51.8456490-05:00" endTime="2026-03-09T15:59:51.8478299-05:00" testType="13cdc9d9-ddb5-4fa4-a97d-d965ccfc6d4b" outcome="Passed" testListId="8c84fa94-04c1-424b-9868-57a2d4851a1d" relativeResultsDirectory="67abc74a-4354-4362-95e0-386ca7b80395" />
    <UnitTestResult executionId="3513281d-a8cd-44f8-9b48-f5a84c49e54a" testId="9b0896c1-0341-046f-8f27-beeaf71c75b4" testName="Motely.Tests.V0FilterRegressionTests.Filter_ParsesAndRuns(fileName: &quot;tag-speed.jaml&quot;, jaml: &quot;name: Speed Tag Skip\nauthor: jammy\ndescription: &quot;···)" computerName="NATE-PC-9800X3D" duration="00:00:00.0023314" startTime="2026-03-09T15:59:51.7331520-05:00" endTime="2026-03-09T15:59:51.7354873-05:00" testType="13cdc9d9-ddb5-4fa4-a97d-d965ccfc6d4b" outcome="Passed" testListId="8c84fa94-04c1-424b-9868-57a2d4851a1d" relativeResultsDirectory="3513281d-a8cd-44f8-9b48-f5a84c49e54a" />
    <UnitTestResult executionId="d260619b-76e3-490d-8a8c-1782167936a9" testId="71738c12-764f-5162-44c9-c2cde01b4adf" testName="Motely.Tests.V0FilterRegressionTests.Filter_HasRequiredMetadata(fileName: &quot;rare-hologram.jaml&quot;, jaml: &quot;name: Hologram Deck Thin\nauthor: jammy\ndescripti&quot;···)" computerName="NATE-PC-9800X3D" duration="00:00:00.0000967" startTime="2026-03-09T15:59:51.8834942-05:00" endTime="2026-03-09T15:59:51.8835994-05:00" testType="13cdc9d9-ddb5-4fa4-a97d-d965ccfc6d4b" outcome="Passed" testListId="8c84fa94-04c1-424b-9868-57a2d4851a1d" relativeResultsDirectory="d260619b-76e3-490d-8a8c-1782167936a9" />
    <UnitTestResult executionId="564a7e74-88ee-41a4-84be-d8eb736eb32f" testId="b4ac48e5-8fdb-ed0b-1cf8-bb9d580c8829" testName="Motely.Tests.V0FilterRegressionTests.Filter_ParsesAndRuns(fileName: &quot;deck-magic.jaml&quot;, jaml: &quot;name: Magic Deck Death Clone\nauthor: jammy\ndescr&quot;···)" computerName="NATE-PC-9800X3D" duration="00:00:00.0002549" startTime="2026-03-09T15:59:51.6716068-05:00" endTime="2026-03-09T15:59:51.6718274-05:00" testType="13cdc9d9-ddb5-4fa4-a97d-d965ccfc6d4b" outcome="Passed" testListId="8c84fa94-04c1-424b-9868-57a2d4851a1d" relativeResultsDirectory="564a7e74-88ee-41a4-84be-d8eb736eb32f" />
    <UnitTestResult executionId="7cee04e6-7406-4c06-ae3e-b8c7c22bb760" testId="3338ec24-2f72-c77e-c3b8-25dde2567b7a" testName="Motely.Tests.V0FilterRegressionTests.Filter_DeckAndStakeAreValid(fileName: &quot;rare-bootstraps.jaml&quot;, jaml: &quot;name: Bootstraps Mult Scaling\nauthor: jammy\ndesc&quot;···)" computerName="NATE-PC-9800X3D" duration="00:00:00.0000911" startTime="2026-03-09T15:59:51.8685735-05:00" endTime="2026-03-09T15:59:51.8686481-05:00" testType="13cdc9d9-ddb5-4fa4-a97d-d965ccfc6d4b" outcome="Passed" testListId="8c84fa94-04c1-424b-9868-57a2d4851a1d" relativeResultsDirectory="7cee04e6-7406-4c06-ae3e-b8c7c22bb760" />
    <UnitTestResult executionId="29578f3c-de73-4c13-a4a1-a0fdbd4d5c6d" testId="d34bac58-786e-0f9f-4d59-c1e11fb85f87" testName="Motely.Tests.V0FilterRegressionTests.Filter_HasRequiredMetadata(fileName: &quot;tarotCard-justice.jaml&quot;, jaml: &quot;name: Justice Glass Build\nauthor: jammy\ndescript&quot;···)" computerName="NATE-PC-9800X3D" duration="00:00:00.0000921" startTime="2026-03-09T15:59:51.8781651-05:00" endTime="2026-03-09T15:59:51.8781784-05:00" testType="13cdc9d9-ddb5-4fa4-a97d-d965ccfc6d4b" outcome="Passed" testListId="8c84fa94-04c1-424b-9868-57a2d4851a1d" relativeResultsDirectory="29578f3c-de73-4c13-a4a1-a0fdbd4d5c6d" />
    <UnitTestResult executionId="fb420a52-1269-455e-a237-ee87a490da0f" testId="4c0bb7bb-cfb9-4df5-8f6d-4a02e4508f33" testName="Motely.Tests.V0FilterRegressionTests.Filter_DeckAndStakeAreValid(fileName: &quot;common-blackboard.jaml&quot;, jaml: &quot;name: Blackboard Checkered Deck\nauthor: jammy\nde&quot;···)" computerName="NATE-PC-9800X3D" duration="00:00:00.0000955" startTime="2026-03-09T15:59:51.8674515-05:00" endTime="2026-03-09T15:59:51.8675016-05:00" testType="13cdc9d9-ddb5-4fa4-a97d-d965ccfc6d4b" outcome="Passed" testListId="8c84fa94-04c1-424b-9868-57a2d4851a1d" relativeResultsDirectory="fb420a52-1269-455e-a237-ee87a490da0f" />
    <UnitTestResult executionId="f3ac933e-e3aa-455b-af03-5bd7edbc89c9" testId="60d66ecd-f17f-8bcb-29f5-c8702dcdee10" testName="Motely.Tests.V0FilterRegressionTests.Filter_DeckAndStakeAreValid(fileName: &quot;common-sly-joker.jaml&quot;, jaml: &quot;name: Sly Joker Pair\nauthor: jammy\ndescription: &quot;···)" computerName="NATE-PC-9800X3D" duration="00:00:00.0000804" startTime="2026-03-09T15:59:51.8565082-05:00" endTime="2026-03-09T15:59:51.8565240-05:00" testType="13cdc9d9-ddb5-4fa4-a97d-d965ccfc6d4b" outcome="Passed" testListId="8c84fa94-04c1-424b-9868-57a2d4851a1d" relativeResultsDirectory="f3ac933e-e3aa-455b-af03-5bd7edbc89c9" />
    <UnitTestResult executionId="bf2976c8-2fa0-4be0-b2c1-c520b2ddb4c3" testId="3fb88327-b63d-4eed-3a69-a704cf1e6b50" testName="Motely.Tests.V0FilterRegressionTests.Filter_ParsesAndRuns(fileName: &quot;tag-handy.jaml&quot;, jaml: &quot;name: Handy Tag Hand Size\nauthor: jammy\ndescript&quot;···)" computerName="NATE-PC-9800X3D" duration="00:00:00.0022894" startTime="2026-03-09T15:59:51.8159653-05:00" endTime="2026-03-09T15:59:51.8182338-05:00" testType="13cdc9d9-ddb5-4fa4-a97d-d965ccfc6d4b" outcome="Passed" testListId="8c84fa94-04c1-424b-9868-57a2d4851a1d" relativeResultsDirectory="bf2976c8-2fa0-4be0-b2c1-c520b2ddb4c3" />
    <UnitTestResult executionId="1b5b55cf-0d25-452e-b379-e3e1959d2e55" testId="ad49ba9d-fd78-175e-1a10-5d8d994a2530" testName="Motely.Tests.V0FilterRegressionTests.Filter_ParsesAndRuns(fileName: &quot;common-zany-joker.jaml&quot;, jaml: &quot;name: Zany Joker Three of a Kind\nauthor: jammy\nd&quot;···)" computerName="NATE-PC-9800X3D" duration="00:00:00.0001707" startTime="2026-03-09T15:59:51.7097514-05:00" endTime="2026-03-09T15:59:51.7098777-05:00" testType="13cdc9d9-ddb5-4fa4-a97d-d965ccfc6d4b" outcome="Passed" testListId="8c84fa94-04c1-424b-9868-57a2d4851a1d" relativeResultsDirectory="1b5b55cf-0d25-452e-b379-e3e1959d2e55" />
    <UnitTestResult executionId="9a49dfbb-ffaa-4d83-a2b6-1191d1a75d06" testId="653a8b71-07ff-cfbf-655a-a518ea72627f" testName="Motely.Tests.V0FilterRegressionTests.Filter_DeckAndStakeAreValid(fileName: &quot;common-clever-joker.jaml&quot;, jaml: &quot;name: Clever Joker Two Pair\nauthor: jammy\ndescri&quot;···)" computerName="NATE-PC-9800X3D" duration="00:00:00.0001477" startTime="2026-03-09T15:59:51.8704506-05:00" endTime="2026-03-09T15:59:51.8705228-05:00" testType="13cdc9d9-ddb5-4fa4-a97d-d965ccfc6d4b" outcome="Passed" testListId="8c84fa94-04c1-424b-9868-57a2d4851a1d" relativeResultsDirectory="9a49dfbb-ffaa-4d83-a2b6-1191d1a75d06" />
    <UnitTestResult executionId="65a2e196-9fd8-44d9-ab56-4e814d118628" testId="2a66691b-7c1b-8295-9dee-a140a33ac8db" testName="Motely.Tests.V0FilterRegressionTests.Filter_DeckAndStakeAreValid(fileName: &quot;common-wrathful-joker.jaml&quot;, jaml: &quot;name: Wrathful Joker Spades\nauthor: jammy\ndescri&quot;···)" computerName="NATE-PC-9800X3D" duration="00:00:00.0000930" startTime="2026-03-09T15:59:51.8604663-05:00" endTime="2026-03-09T15:59:51.8604799-05:00" testType="13cdc9d9-ddb5-4fa4-a97d-d965ccfc6d4b" outcome="Passed" testListId="8c84fa94-04c1-424b-9868-57a2d4851a1d" relativeResultsDirectory="65a2e196-9fd8-44d9-ab56-4e814d118628" />
    <UnitTestResult executionId="1aee86cc-dd8c-4ad9-9d43-80a1c8a0f348" testId="9942beec-8eba-178e-e4ce-08343b015914" testName="Motely.Tests.V0FilterRegressionTests.Filter_ParsesAndRuns(fileName: &quot;common-half-joker.jaml&quot;, jaml: &quot;name: Half Joker Small Hand\nauthor: jammy\ndescri&quot;···)" computerName="NATE-PC-9800X3D" duration="00:00:00.0002337" startTime="2026-03-09T15:59:51.8361723-05:00" endTime="2026-03-09T15:59:51.8363342-05:00" testType="13cdc9d9-ddb5-4fa4-a97d-d965ccfc6d4b" outcome="Passed" testListId="8c84fa94-04c1-424b-9868-57a2d4851a1d" relativeResultsDirectory="1aee86cc-dd8c-4ad9-9d43-80a1c8a0f348" />
    <UnitTestResult executionId="74ff9bbb-c1fe-49ce-8917-001ea6265b03" testId="ad515e13-2d52-6fd8-fb48-49da3dd3d281" testName="Motely.Tests.V0FilterRegressionTests.Filter_ParsesAndRuns(fileName: &quot;tarotCard-death.jaml&quot;, jaml: &quot;name: Death tarotCard Clone\nauthor: jammy\ndescriptio&quot;···)" computerName="NATE-PC-9800X3D" duration="00:00:00.0002412" startTime="2026-03-09T15:59:51.7477007-05:00" endTime="2026-03-09T15:59:51.7479449-05:00" testType="13cdc9d9-ddb5-4fa4-a97d-d965ccfc6d4b" outcome="Passed" testListId="8c84fa94-04c1-424b-9868-57a2d4851a1d" relativeResultsDirectory="74ff9bbb-c1fe-49ce-8917-001ea6265b03" />
    <UnitTestResult executionId="80a31cf2-4c11-4497-950b-89dfefaf06fa" testId="a9ba52d2-f3f5-be9b-2f86-62a4f5a269ad" testName="Motely.Tests.V0FilterRegressionTests.Filter_ParsesAndRuns(fileName: &quot;uncommon-four-fingers.jaml&quot;, jaml: &quot;name: Four Fingers Flush Five\nauthor: jammy\ndesc&quot;···)" computerName="NATE-PC-9800X3D" duration="00:00:00.0001890" startTime="2026-03-09T15:59:51.8310457-05:00" endTime="2026-03-09T15:59:51.8312223-05:00" testType="13cdc9d9-ddb5-4fa4-a97d-d965ccfc6d4b" outcome="Passed" testListId="8c84fa94-04c1-424b-9868-57a2d4851a1d" relativeResultsDirectory="80a31cf2-4c11-4497-950b-89dfefaf06fa" />
    <UnitTestResult executionId="fba72f24-ad19-4e81-b343-f8419ef52008" testId="c9790988-cd8f-a935-c199-5b5839b3e7e2" testName="Motely.Tests.V0FilterRegressionTests.Filter_HasRequiredMetadata(fileName: &quot;uncommon-8-ball.jaml&quot;, jaml: &quot;name: EightBall tarotCard Generation\nauthor: jammy\nd&quot;···)" computerName="NATE-PC-9800X3D" duration="00:00:00.0000830" startTime="2026-03-09T15:59:51.8739634-05:00" endTime="2026-03-09T15:59:51.8740492-05:00" testType="13cdc9d9-ddb5-4fa4-a97d-d965ccfc6d4b" outcome="Passed" testListId="8c84fa94-04c1-424b-9868-57a2d4851a1d" relativeResultsDirectory="fba72f24-ad19-4e81-b343-f8419ef52008" />
    <UnitTestResult executionId="cb43898a-c023-4a3e-9f30-e3cf66caaa1d" testId="c01e8693-771c-c1f4-2716-8a1e8b0c163d" testName="Motely.Tests.V0FilterRegressionTests.Filter_HasRequiredMetadata(fileName: &quot;common-jolly-joker.jaml&quot;, jaml: &quot;name: Jolly Joker Pair\nauthor: jammy\ndescription&quot;···)" computerName="NATE-PC-9800X3D" duration="00:00:00.0000858" startTime="2026-03-09T15:59:51.8772842-05:00" endTime="2026-03-09T15:59:51.8772985-05:00" testType="13cdc9d9-ddb5-4fa4-a97d-d965ccfc6d4b" outcome="Passed" testListId="8c84fa94-04c1-424b-9868-57a2d4851a1d" relativeResultsDirectory="cb43898a-c023-4a3e-9f30-e3cf66caaa1d" />
    <UnitTestResult executionId="9abcfc3f-831f-44a9-aeec-e7a9cfac172b" testId="391eb80b-c85f-ac3c-57b5-ce60c0c58405" testName="Motely.Tests.V0FilterRegressionTests.Filter_DeckAndStakeAreValid(fileName: &quot;uncommon-chaos-the-clown.jaml&quot;, jaml: &quot;name: Chaos the Clown Free Reroll\nauthor: jammy\n&quot;···)" computerName="NATE-PC-9800X3D" duration="00:00:00.0000822" startTime="2026-03-09T15:59:51.8593741-05:00" endTime="2026-03-09T15:59:51.8594390-05:00" testType="13cdc9d9-ddb5-4fa4-a97d-d965ccfc6d4b" outcome="Passed" testListId="8c84fa94-04c1-424b-9868-57a2d4851a1d" relativeResultsDirectory="9abcfc3f-831f-44a9-aeec-e7a9cfac172b" />
    <UnitTestResult executionId="70736ef7-9088-440c-98b1-a99986c33a11" testId="d1e359f9-7c57-f532-234e-201dd8e09e78" testName="Motely.Tests.V0FilterRegressionTests.Filter_ParsesAndRuns(fileName: &quot;tarotCard-judgement.jaml&quot;, jaml: &quot;name: Judgement Free Joker\nauthor: jammy\ndescrip&quot;···)" computerName="NATE-PC-9800X3D" duration="00:00:00.0001667" startTime="2026-03-09T15:59:51.8308681-05:00" endTime="2026-03-09T15:59:51.8310222-05:00" testType="13cdc9d9-ddb5-4fa4-a97d-d965ccfc6d4b" outcome="Passed" testListId="8c84fa94-04c1-424b-9868-57a2d4851a1d" relativeResultsDirectory="70736ef7-9088-440c-98b1-a99986c33a11" />
    <UnitTestResult executionId="30f9244f-dc88-46d3-94fa-c2fb707bbc5b" testId="026ff07e-e3b7-bd9b-b93c-50b365391bb6" testName="Motely.Tests.V0FilterRegressionTests.Filter_HasRequiredMetadata(fileName: &quot;common-lusty-joker.jaml&quot;, jaml: &quot;name: Lusty Joker Hearts\nauthor: jammy\ndescripti&quot;···)" computerName="NATE-PC-9800X3D" duration="00:00:00.0000887" startTime="2026-03-09T15:59:51.8901318-05:00" endTime="2026-03-09T15:59:51.8901803-05:00" testType="13cdc9d9-ddb5-4fa4-a97d-d965ccfc6d4b" outcome="Passed" testListId="8c84fa94-04c1-424b-9868-57a2d4851a1d" relativeResultsDirectory="30f9244f-dc88-46d3-94fa-c2fb707bbc5b" />
    <UnitTestResult executionId="6acc17a4-38ca-43e9-8977-623820e2ae8e" testId="41e393cd-07a7-46f0-d4ef-4217598c6250" testName="Motely.Tests.V0FilterRegressionTests.Filter_ParsesAndRuns(fileName: &quot;tarotCard-the-chariot.jaml&quot;, jaml: &quot;name: TheChariot Steel Baron\nauthor: jammy\ndescr&quot;···)" computerName="NATE-PC-9800X3D" duration="00:00:00.0001603" startTime="2026-03-09T15:59:51.7104293-05:00" endTime="2026-03-09T15:59:51.7105412-05:00" testType="13cdc9d9-ddb5-4fa4-a97d-d965ccfc6d4b" outcome="Passed" testListId="8c84fa94-04c1-424b-9868-57a2d4851a1d" relativeResultsDirectory="6acc17a4-38ca-43e9-8977-623820e2ae8e" />
    <UnitTestResult executionId="18c0790a-e4bd-411a-b86f-8d214a74d2df" testId="bc77475d-4353-ff44-f828-cddef4b2412c" testName="Motely.Tests.V0FilterRegressionTests.Filter_DeckAndStakeAreValid(fileName: &quot;spectralCard-cryptid.jaml&quot;, jaml: &quot;name: Cryptid Card Clone\nauthor: jammy\ndescripti&quot;···)" computerName="NATE-PC-9800X3D" duration="00:00:00.0001183" startTime="2026-03-09T15:59:51.8531433-05:00" endTime="2026-03-09T15:59:51.8532803-05:00" testType="13cdc9d9-ddb5-4fa4-a97d-d965ccfc6d4b" outcome="Passed" testListId="8c84fa94-04c1-424b-9868-57a2d4851a1d" relativeResultsDirectory="18c0790a-e4bd-411a-b86f-8d214a74d2df" />
    <UnitTestResult executionId="cab7d457-0248-42f1-9e28-886a0ddde081" testId="e91e0101-2993-2fe2-b2c0-65f2960d9cc0" testName="Motely.Tests.V0FilterRegressionTests.Filter_DeckAndStakeAreValid(fileName: &quot;uncommon-scholar.jaml&quot;, jaml: &quot;name: Scholar Ace Build\nauthor: jammy\ndescriptio&quot;···)" computerName="NATE-PC-9800X3D" duration="00:00:00.0000887" startTime="2026-03-09T15:59:51.8648372-05:00" endTime="2026-03-09T15:59:51.8648521-05:00" testType="13cdc9d9-ddb5-4fa4-a97d-d965ccfc6d4b" outcome="Passed" testListId="8c84fa94-04c1-424b-9868-57a2d4851a1d" relativeResultsDirectory="cab7d457-0248-42f1-9e28-886a0ddde081" />
    <UnitTestResult executionId="bc1af8cb-fa23-4e6d-b13d-5d8c67004d92" testId="607747dd-3385-dad4-e922-9e90cc7e9ce5" testName="Motely.Tests.V0FilterRegressionTests.Filter_ParsesAndRuns(fileName: &quot;uncommon-supernova.jaml&quot;, jaml: &quot;name: Supernova Hand Level Mult\nauthor: jammy\nde&quot;···)" computerName="NATE-PC-9800X3D" duration="00:00:00.0002430" startTime="2026-03-09T15:59:51.7887420-05:00" endTime="2026-03-09T15:59:51.7889536-05:00" testType="13cdc9d9-ddb5-4fa4-a97d-d965ccfc6d4b" outcome="Passed" testListId="8c84fa94-04c1-424b-9868-57a2d4851a1d" relativeResultsDirectory="bc1af8cb-fa23-4e6d-b13d-5d8c67004d92" />
    <UnitTestResult executionId="787df50e-a8c5-4726-842f-500c86a150db" testId="b9b5f706-52d9-f41f-8955-2111c2c51083" testName="Motely.Tests.V0FilterRegressionTests.Filter_HasRequiredMetadata(fileName: &quot;rare-the-idol.jaml&quot;, jaml: &quot;name: The Idol Clone Build\nauthor: jammy\ndescrip&quot;···)" computerName="NATE-PC-9800X3D" duration="00:00:00.0001093" startTime="2026-03-09T15:59:51.8765709-05:00" endTime="2026-03-09T15:59:51.8766208-05:00" testType="13cdc9d9-ddb5-4fa4-a97d-d965ccfc6d4b" outcome="Passed" testListId="8c84fa94-04c1-424b-9868-57a2d4851a1d" relativeResultsDirectory="787df50e-a8c5-4726-842f-500c86a150db" />
    <UnitTestResult executionId="a7bea8db-3a59-4887-8ed9-766592be0067" testId="c388b6b1-c7a7-2c37-25b5-0a6f88c1bc03" testName="Motely.Tests.V0FilterRegressionTests.Filter_DeckAndStakeAreValid(fileName: &quot;deck-green.jaml&quot;, jaml: &quot;name: Green Deck Active Economy\nauthor: jammy\nde&quot;···)" computerName="NATE-PC-9800X3D" duration="00:00:00.0000922" startTime="2026-03-09T15:59:51.8624019-05:00" endTime="2026-03-09T15:59:51.8624152-05:00" testType="13cdc9d9-ddb5-4fa4-a97d-d965ccfc6d4b" outcome="Passed" testListId="8c84fa94-04c1-424b-9868-57a2d4851a1d" relativeResultsDirectory="a7bea8db-3a59-4887-8ed9-766592be0067" />
    <UnitTestResult executionId="8ccafb80-13bf-49be-94a9-ef1c1298fba5" testId="da6d470b-4ebe-195e-0669-2aac3ce7a3f6" testName="Motely.Tests.V0FilterRegressionTests.Filter_DeckAndStakeAreValid(fileName: &quot;common-wily-joker.jaml&quot;, jaml: &quot;name: Wily Joker Three of a Kind\nauthor: jammy\nd&quot;···)" computerName="NATE-PC-9800X3D" duration="00:00:00.0000796" startTime="2026-03-09T15:59:51.8656614-05:00" endTime="2026-03-09T15:59:51.8656746-05:00" testType="13cdc9d9-ddb5-4fa4-a97d-d965ccfc6d4b" outcome="Passed" testListId="8c84fa94-04c1-424b-9868-57a2d4851a1d" relativeResultsDirectory="8ccafb80-13bf-49be-94a9-ef1c1298fba5" />
    <UnitTestResult executionId="858074e3-8a40-4ee0-9a02-85216420339c" testId="81dc00f1-4e33-b3ca-d2ec-1534a5fffa1a" testName="Motely.Tests.V0FilterRegressionTests.Filter_ParsesAndRuns(fileName: &quot;uncommon-hack.jaml&quot;, jaml: &quot;name: Hack Retrigger 2-5\nauthor: jammy\ndescripti&quot;···)" computerName="NATE-PC-9800X3D" duration="00:00:00.0001703" startTime="2026-03-09T15:59:51.8314231-05:00" endTime="2026-03-09T15:59:51.8315987-05:00" testType="13cdc9d9-ddb5-4fa4-a97d-d965ccfc6d4b" outcome="Passed" testListId="8c84fa94-04c1-424b-9868-57a2d4851a1d" relativeResultsDirectory="858074e3-8a40-4ee0-9a02-85216420339c" />
    <UnitTestResult executionId="885857e0-29b1-4b4e-8b60-57ea4beb6cba" testId="60b59ad2-787c-4cd7-e6e6-6d658c767c31" testName="Motely.Tests.V0FilterRegressionTests.Filter_DeckAndStakeAreValid(fileName: &quot;deck-anaglyph.jaml&quot;, jaml: &quot;name: Anaglyph Deck Negative Tag\nauthor: jammy\nd&quot;···)" computerName="NATE-PC-9800X3D" duration="00:00:00.0001230" startTime="2026-03-09T15:59:51.8557760-05:00" endTime="2026-03-09T15:59:51.8558926-05:00" testType="13cdc9d9-ddb5-4fa4-a97d-d965ccfc6d4b" outcome="Passed" testListId="8c84fa94-04c1-424b-9868-57a2d4851a1d" relativeResultsDirectory="885857e0-29b1-4b4e-8b60-57ea4beb6cba" />
    <UnitTestResult executionId="a9fdbf23-5704-441c-ac17-05e3dcea50a1" testId="2b6e32bf-bdd6-d5e2-6b3f-7634456fd0f3" testName="Motely.Tests.V0FilterRegressionTests.Filter_ParsesAndRuns(fileName: &quot;common-blue-joker.jaml&quot;, jaml: &quot;name: Blue Joker Deck Size\nauthor: jammy\ndescrip&quot;···)" computerName="NATE-PC-9800X3D" duration="00:00:00.0001781" startTime="2026-03-09T15:59:51.7322233-05:00" endTime="2026-03-09T15:59:51.7323888-05:00" testType="13cdc9d9-ddb5-4fa4-a97d-d965ccfc6d4b" outcome="Passed" testListId="8c84fa94-04c1-424b-9868-57a2d4851a1d" relativeResultsDirectory="a9fdbf23-5704-441c-ac17-05e3dcea50a1" />
    <UnitTestResult executionId="ca1ce5d3-0b5e-4089-836d-ecb962f3348f" testId="89b3a680-b5b2-8a4d-2e0e-9962f541f293" testName="Motely.Tests.V0FilterRegressionTests.Filter_DeckAndStakeAreValid(fileName: &quot;spectralCard-talisman.jaml&quot;, jaml: &quot;name: Talisman Gold Seal\nauthor: jammy\ndescripti&quot;···)" computerName="NATE-PC-9800X3D" duration="00:00:00.0000980" startTime="2026-03-09T15:59:51.8702114-05:00" endTime="2026-03-09T15:59:51.8702250-05:00" testType="13cdc9d9-ddb5-4fa4-a97d-d965ccfc6d4b" outcome="Passed" testListId="8c84fa94-04c1-424b-9868-57a2d4851a1d" relativeResultsDirectory="ca1ce5d3-0b5e-4089-836d-ecb962f3348f" />
    <UnitTestResult executionId="af882253-2c48-45a6-b03c-02e42938eef8" testId="0c50fcff-4880-3544-af34-a28804d48378" testName="Motely.Tests.V0FilterRegressionTests.Filter_DeckAndStakeAreValid(fileName: &quot;tag-polychrome.jaml&quot;, jaml: &quot;name: Polychrome Tag Early\nauthor: jammy\ndescrip&quot;···)" computerName="NATE-PC-9800X3D" duration="00:00:00.0000902" startTime="2026-03-09T15:59:51.8617132-05:00" endTime="2026-03-09T15:59:51.8617345-05:00" testType="13cdc9d9-ddb5-4fa4-a97d-d965ccfc6d4b" outcome="Passed" testListId="8c84fa94-04c1-424b-9868-57a2d4851a1d" relativeResultsDirectory="af882253-2c48-45a6-b03c-02e42938eef8" />
    <UnitTestResult executionId="9f23088d-82b6-4606-9663-6dd5f7f947f8" testId="9460809f-cd6b-5cb7-4315-bbb6ea0d7897" testName="Motely.Tests.V0FilterRegressionTests.Filter_DeckAndStakeAreValid(fileName: &quot;boss-the-wall.jaml&quot;, jaml: &quot;name: TheWall Boss Blind\nauthor: jammy\ndescripti&quot;···)" computerName="NATE-PC-9800X3D" duration="00:00:00.0000897" startTime="2026-03-09T15:59:51.8666035-05:00" endTime="2026-03-09T15:59:51.8666167-05:00" testType="13cdc9d9-ddb5-4fa4-a97d-d965ccfc6d4b" outcome="Passed" testListId="8c84fa94-04c1-424b-9868-57a2d4851a1d" relativeResultsDirectory="9f23088d-82b6-4606-9663-6dd5f7f947f8" />
    <UnitTestResult executionId="88681a88-ee13-4cc1-af9e-33e688dd1395" testId="181e9004-7083-d06a-978b-6031a5d1a3ea" testName="Motely.Tests.V0FilterRegressionTests.Filter_ParsesAndRuns(fileName: &quot;tarotCard-the-empress.jaml&quot;, jaml: &quot;name: TheEmpress Mult Enhancement\nauthor: jammy\n&quot;···)" computerName="NATE-PC-9800X3D" duration="00:00:00.0002415" startTime="2026-03-09T15:59:51.7689320-05:00" endTime="2026-03-09T15:59:51.7691643-05:00" testType="13cdc9d9-ddb5-4fa4-a97d-d965ccfc6d4b" outcome="Passed" testListId="8c84fa94-04c1-424b-9868-57a2d4851a1d" relativeResultsDirectory="88681a88-ee13-4cc1-af9e-33e688dd1395" />
    <UnitTestResult executionId="7783977a-4d29-4a68-82ed-b4889d607ccd" testId="8645386a-fac4-78fb-7f27-dcf4d49ec35f" testName="Motely.Tests.V0FilterRegressionTests.Filter_HasRequiredMetadata(fileName: &quot;standard-blue-seal-planetCard.jaml&quot;, jaml: &quot;name: Blue Seal planetCard Generation\nauthor: jammy\n&quot;···)" computerName="NATE-PC-9800X3D" duration="00:00:00.0000971" startTime="2026-03-09T15:59:51.8766529-05:00" endTime="2026-03-09T15:59:51.8767180-05:00" testType="13cdc9d9-ddb5-4fa4-a97d-d965ccfc6d4b" outcome="Passed" testListId="8c84fa94-04c1-424b-9868-57a2d4851a1d" relativeResultsDirectory="7783977a-4d29-4a68-82ed-b4889d607ccd" />
    <UnitTestResult executionId="388f2881-c47f-43b3-b89d-95d680ab7128" testId="eca10e5b-b586-b738-e47b-5ba8148f8cd5" testName="Motely.Tests.V0FilterRegressionTests.Filter_DeckAndStakeAreValid(fileName: &quot;tag-top-up.jaml&quot;, jaml: &quot;name: Top-up Tag Jokers\nauthor: jammy\ndescriptio&quot;···)" computerName="NATE-PC-9800X3D" duration="00:00:00.0000913" startTime="2026-03-09T15:59:51.8589177-05:00" endTime="2026-03-09T15:59:51.8589469-05:00" testType="13cdc9d9-ddb5-4fa4-a97d-d965ccfc6d4b" outcome="Passed" testListId="8c84fa94-04c1-424b-9868-57a2d4851a1d" relativeResultsDirectory="388f2881-c47f-43b3-b89d-95d680ab7128" />
    <UnitTestResult executionId="3beb6218-3b31-4cc2-bf58-6e0c6fd855b5" testId="bfdb4884-51bc-447c-231a-b9fd8999e720" testName="Motely.Tests.V0FilterRegressionTests.Filter_HasRequiredMetadata(fileName: &quot;tag-economy.jaml&quot;, jaml: &quot;name: Economy Tag Money\nauthor: jammy\ndescriptio&quot;···)" computerName="NATE-PC-9800X3D" duration="00:00:00.0001042" startTime="2026-03-09T15:59:51.8791425-05:00" endTime="2026-03-09T15:59:51.8791597-05:00" testType="13cdc9d9-ddb5-4fa4-a97d-d965ccfc6d4b" outcome="Passed" testListId="8c84fa94-04c1-424b-9868-57a2d4851a1d" relativeResultsDirectory="3beb6218-3b31-4cc2-bf58-6e0c6fd855b5" />
    <UnitTestResult executionId="ba7892a6-994b-4c7f-8bfb-78ce572c6ba3" testId="956ab38f-37bb-8285-06b6-95d02d61c186" testName="Motely.Tests.V0FilterRegressionTests.Filter_HasRequiredMetadata(fileName: &quot;common-droll-joker.jaml&quot;, jaml: &quot;name: Droll Joker Flush\nauthor: jammy\ndescriptio&quot;···)" computerName="NATE-PC-9800X3D" duration="00:00:00.0000918" startTime="2026-03-09T15:59:51.8761651-05:00" endTime="2026-03-09T15:59:51.8761803-05:00" testType="13cdc9d9-ddb5-4fa4-a97d-d965ccfc6d4b" outcome="Passed" testListId="8c84fa94-04c1-424b-9868-57a2d4851a1d" relativeResultsDirectory="ba7892a6-994b-4c7f-8bfb-78ce572c6ba3" />
    <UnitTestResult executionId="ead8e479-eaf5-4ffd-bdc9-b2806bfa043a" testId="dcc37659-159b-68dd-01e4-88a1db832e76" testName="Motely.Tests.V0FilterRegressionTests.Filter_DeckAndStakeAreValid(fileName: &quot;legendary-perkeo.jaml&quot;, jaml: &quot;name: Perkeo Consumable Engine\nauthor: jammy\ndes&quot;···)" computerName="NATE-PC-9800X3D" duration="00:00:00.0000911" startTime="2026-03-09T15:59:51.8640330-05:00" endTime="2026-03-09T15:59:51.8640674-05:00" testType="13cdc9d9-ddb5-4fa4-a97d-d965ccfc6d4b" outcome="Passed" testListId="8c84fa94-04c1-424b-9868-57a2d4851a1d" relativeResultsDirectory="ead8e479-eaf5-4ffd-bdc9-b2806bfa043a" />
    <UnitTestResult executionId="4d0a37cd-72d2-47f4-951c-1ad8cd02d0b1" testId="409a00e0-26f3-a9b3-efe5-0f11f18574c5" testName="Motely.Tests.V0FilterRegressionTests.Filter_ParsesAndRuns(fileName: &quot;standard-gold-seal-economy.jaml&quot;, jaml: &quot;name: Gold Seal Economy Cards\nauthor: jammy\ndesc&quot;···)" computerName="NATE-PC-9800X3D" duration="00:00:00.0003665" startTime="2026-03-09T15:59:51.7486665-05:00" endTime="2026-03-09T15:59:51.7490280-05:00" testType="13cdc9d9-ddb5-4fa4-a97d-d965ccfc6d4b" outcome="Passed" testListId="8c84fa94-04c1-424b-9868-57a2d4851a1d" relativeResultsDirectory="4d0a37cd-72d2-47f4-951c-1ad8cd02d0b1" />
    <UnitTestResult executionId="4b19e891-8609-4f6b-b1f6-b543853c376a" testId="babcd01e-3c27-58d9-fa15-3e40c406c613" testName="Motely.Tests.V0FilterRegressionTests.Filter_HasRequiredMetadata(fileName: &quot;tarotCard-judgement.jaml&quot;, jaml: &quot;name: Judgement Free Joker\nauthor: jammy\ndescrip&quot;···)" computerName="NATE-PC-9800X3D" duration="00:00:00.0000854" startTime="2026-03-09T15:59:51.8821319-05:00" endTime="2026-03-09T15:59:51.8821452-05:00" testType="13cdc9d9-ddb5-4fa4-a97d-d965ccfc6d4b" outcome="Passed" testListId="8c84fa94-04c1-424b-9868-57a2d4851a1d" relativeResultsDirectory="4b19e891-8609-4f6b-b1f6-b543853c376a" />
    <UnitTestResult executionId="08ebcd85-81b3-4d35-b865-71bc8e4b02a5" testId="3ceeb418-3b20-3b0b-d517-ff2148665ff2" testName="Motely.Tests.V0FilterRegressionTests.Filter_ParsesAndRuns(fileName: &quot;uncommon-ride-the-bus.jaml&quot;, jaml: &quot;name: Ride the Bus Abandoned\nauthor: jammy\ndescr&quot;···)" computerName="NATE-PC-9800X3D" duration="00:00:00.0001986" startTime="2026-03-09T15:59:51.6683904-05:00" endTime="2026-03-09T15:59:51.6684051-05:00" testType="13cdc9d9-ddb5-4fa4-a97d-d965ccfc6d4b" outcome="Passed" testListId="8c84fa94-04c1-424b-9868-57a2d4851a1d" relativeResultsDirectory="08ebcd85-81b3-4d35-b865-71bc8e4b02a5" />
    <UnitTestResult executionId="e0dc7712-91a9-4854-b7ce-397b833519cb" testId="abf9238d-91d3-39cc-9ade-2b0db25116d9" testName="Motely.Tests.V0FilterRegressionTests.Filter_HasRequiredMetadata(fileName: &quot;common-crazy-joker.jaml&quot;, jaml: &quot;name: Crazy Joker Straight\nauthor: jammy\ndescrip&quot;···)" computerName="NATE-PC-9800X3D" duration="00:00:00.0000929" startTime="2026-03-09T15:59:51.8773608-05:00" endTime="2026-03-09T15:59:51.8773744-05:00" testType="13cdc9d9-ddb5-4fa4-a97d-d965ccfc6d4b" outcome="Passed" testListId="8c84fa94-04c1-424b-9868-57a2d4851a1d" relativeResultsDirectory="e0dc7712-91a9-4854-b7ce-397b833519cb" />
    <UnitTestResult executionId="f47ed8b7-130c-40c5-8435-447c9ffe8740" testId="9498c53a-f269-2c8f-4f79-a2b8c31cf242" testName="Motely.Tests.V0FilterRegressionTests.Filter_ParsesAndRuns(fileName: &quot;legendary-canio.jaml&quot;, jaml: &quot;name: Canio Face Destruction\nauthor: jammy\ndescr&quot;···)" computerName="NATE-PC-9800X3D" duration="00:00:00.0034748" startTime="2026-03-09T15:59:51.7931393-05:00" endTime="2026-03-09T15:59:51.7964819-05:00" testType="13cdc9d9-ddb5-4fa4-a97d-d965ccfc6d4b" outcome="Passed" testListId="8c84fa94-04c1-424b-9868-57a2d4851a1d" relativeResultsDirectory="f47ed8b7-130c-40c5-8435-447c9ffe8740" />
    <UnitTestResult executionId="88d6d089-9410-4154-a6dc-154ec27b48ae" testId="a0440a9e-f83b-5a3e-b8d8-f1f0b8a8286b" testName="Motely.Tests.V0FilterRegressionTests.Filter_DeckAndStakeAreValid(fileName: &quot;spectralCard-the-soul.jaml&quot;, jaml: &quot;name: TheSoul Legendary\nauthor: jammy\ndescriptio&quot;···)" computerName="NATE-PC-9800X3D" duration="00:00:00.0000883" startTime="2026-03-09T15:59:51.8643872-05:00" endTime="2026-03-09T15:59:51.8644825-05:00" testType="13cdc9d9-ddb5-4fa4-a97d-d965ccfc6d4b" outcome="Passed" testListId="8c84fa94-04c1-424b-9868-57a2d4851a1d" relativeResultsDirectory="88d6d089-9410-4154-a6dc-154ec27b48ae" />
    <UnitTestResult executionId="0b1def04-f8a5-4052-aca5-1186009fb419" testId="8303a3ae-fa45-da33-06cb-617b7c26e984" testName="Motely.Tests.V0FilterRegressionTests.Filter_HasRequiredMetadata(fileName: &quot;deck-anaglyph.jaml&quot;, jaml: &quot;name: Anaglyph Deck Negative Tag\nauthor: jammy\nd&quot;···)" computerName="NATE-PC-9800X3D" duration="00:00:00.0001036" startTime="2026-03-09T15:59:51.8831612-05:00" endTime="2026-03-09T15:59:51.8831788-05:00" testType="13cdc9d9-ddb5-4fa4-a97d-d965ccfc6d4b" outcome="Passed" testListId="8c84fa94-04c1-424b-9868-57a2d4851a1d" relativeResultsDirectory="0b1def04-f8a5-4052-aca5-1186009fb419" />
    <UnitTestResult executionId="974812db-3c52-4f5b-a3f4-811b9700a8bb" testId="9334495c-4260-d14b-3c92-8c513be21e30" testName="Motely.Tests.V0FilterRegressionTests.Filter_HasRequiredMetadata(fileName: &quot;common-joker.jaml&quot;, jaml: &quot;name: Base Joker Early\nauthor: jammy\ndescription&quot;···)" computerName="NATE-PC-9800X3D" duration="00:00:00.0000775" startTime="2026-03-09T15:59:51.8859119-05:00" endTime="2026-03-09T15:59:51.8859290-05:00" testType="13cdc9d9-ddb5-4fa4-a97d-d965ccfc6d4b" outcome="Passed" testListId="8c84fa94-04c1-424b-9868-57a2d4851a1d" relativeResultsDirectory="974812db-3c52-4f5b-a3f4-811b9700a8bb" />
    <UnitTestResult executionId="961ff1da-a268-451f-981a-f65ade2e6e70" testId="482c25b2-be4a-5126-010b-2ac0d1735b58" testName="Motely.Tests.V0FilterRegressionTests.Filter_HasRequiredMetadata(fileName: &quot;boss-the-needle.jaml&quot;, jaml: &quot;name: TheNeedle Boss Blind\nauthor: jammy\ndescrip&quot;···)" computerName="NATE-PC-9800X3D" duration="00:00:00.0001056" startTime="2026-03-09T15:59:51.8821660-05:00" endTime="2026-03-09T15:59:51.8821797-05:00" testType="13cdc9d9-ddb5-4fa4-a97d-d965ccfc6d4b" outcome="Passed" testListId="8c84fa94-04c1-424b-9868-57a2d4851a1d" relativeResultsDirectory="961ff1da-a268-451f-981a-f65ade2e6e70" />
    <UnitTestResult executionId="4561a82f-5d13-49d9-9658-e7b83a3a9456" testId="5f0d0295-f77e-232e-005b-3637753c23d3" testName="Motely.Tests.V0FilterRegressionTests.Filter_DeckAndStakeAreValid(fileName: &quot;standard-purple-seal-tarotCard.jaml&quot;, jaml: &quot;name: Purple Seal tarotCard Generation\nauthor: jammy\&quot;···)" computerName="NATE-PC-9800X3D" duration="00:00:00.0000978" startTime="2026-03-09T15:59:51.8685113-05:00" endTime="2026-03-09T15:59:51.8685511-05:00" testType="13cdc9d9-ddb5-4fa4-a97d-d965ccfc6d4b" outcome="Passed" testListId="8c84fa94-04c1-424b-9868-57a2d4851a1d" relativeResultsDirectory="4561a82f-5d13-49d9-9658-e7b83a3a9456" />
    <UnitTestResult executionId="26b3f38e-1deb-493b-b361-c77c0d2216c4" testId="747576fb-2c77-6e07-7e9b-c0b556dea0a3" testName="Motely.Tests.V0FilterRegressionTests.Filter_ParsesAndRuns(fileName: &quot;tag-uncommon.jaml&quot;, jaml: &quot;name: Uncommon Tag Free Joker\nauthor: jammy\ndesc&quot;···)" computerName="NATE-PC-9800X3D" duration="00:00:00.0025915" startTime="2026-03-09T15:59:51.8368120-05:00" endTime="2026-03-09T15:59:51.8393525-05:00" testType="13cdc9d9-ddb5-4fa4-a97d-d965ccfc6d4b" outcome="Passed" testListId="8c84fa94-04c1-424b-9868-57a2d4851a1d" relativeResultsDirectory="26b3f38e-1deb-493b-b361-c77c0d2216c4" />
    <UnitTestResult executionId="997b322c-4929-4ec3-ae69-38a6c0d3cc23" testId="8d58ade8-9ba4-c284-bbca-d510d7025ab6" testName="Motely.Tests.V0FilterRegressionTests.Filter_HasRequiredMetadata(fileName: &quot;tag-ethereal.jaml&quot;, jaml: &quot;name: Ethereal Tag Free Pack\nauthor: jammy\ndescr&quot;···)" computerName="NATE-PC-9800X3D" duration="00:00:00.0001155" startTime="2026-03-09T15:59:51.8794294-05:00" endTime="2026-03-09T15:59:51.8795202-05:00" testType="13cdc9d9-ddb5-4fa4-a97d-d965ccfc6d4b" outcome="Passed" testListId="8c84fa94-04c1-424b-9868-57a2d4851a1d" relativeResultsDirectory="997b322c-4929-4ec3-ae69-38a6c0d3cc23" />
    <UnitTestResult executionId="b1172107-7f66-497e-8cdf-5e0c7d3ce273" testId="121d536f-d6c7-741b-ba79-016735ee23f6" testName="Motely.Tests.V0FilterRegressionTests.Filter_HasRequiredMetadata(fileName: &quot;common-sixth-sense.jaml&quot;, jaml: &quot;name: Sixth Sense spectralCard\nauthor: jammy\ndescrip&quot;···)" computerName="NATE-PC-9800X3D" duration="00:00:00.0000940" startTime="2026-03-09T15:59:51.8836940-05:00" endTime="2026-03-09T15:59:51.8837704-05:00" testType="13cdc9d9-ddb5-4fa4-a97d-d965ccfc6d4b" outcome="Passed" testListId="8c84fa94-04c1-424b-9868-57a2d4851a1d" relativeResultsDirectory="b1172107-7f66-497e-8cdf-5e0c7d3ce273" />
[...]
    <TestEntry testId="e1917d43-2650-a6ef-03f7-1a211528ccd3" executionId="a0186bd6-2114-48ab-86fa-79818b38f537" testListId="8c84fa94-04c1-424b-9868-57a2d4851a1d" />
    <TestEntry testId="acb2a199-78d5-ddb9-66ca-975a318b9fd3" executionId="ea3bea14-d113-417b-a823-ce8d6ae478c1" testListId="8c84fa94-04c1-424b-9868-57a2d4851a1d" />
    <TestEntry testId="2faa05b5-014c-1a4d-483e-ef583efa0c73" executionId="fef34e5a-499b-43c5-ad6b-15c0e3666ee8" testListId="8c84fa94-04c1-424b-9868-57a2d4851a1d" />
    <TestEntry testId="359de63c-c14f-6f75-f6ac-a6e9ad1386ca" executionId="c8a6de8d-38f6-402b-bb0a-2d589cca340d" testListId="8c84fa94-04c1-424b-9868-57a2d4851a1d" />
    <TestEntry testId="ae54460f-1341-d0c1-1911-bfe8ea3b1ec9" executionId="d4576199-89c0-46c0-afa6-e767dae6d9c7" testListId="8c84fa94-04c1-424b-9868-57a2d4851a1d" />
    <TestEntry testId="1e3625e0-7f77-6c13-8590-413506671a22" executionId="b2de01ea-52c5-4bcd-8a9c-91778ba8cccd" testListId="8c84fa94-04c1-424b-9868-57a2d4851a1d" />
    <TestEntry testId="867121cd-b35f-e21b-3340-d3fa63d51c16" executionId="09eaa4b0-c79a-40dc-a532-77a7d66dbb5f" testListId="8c84fa94-04c1-424b-9868-57a2d4851a1d" />
    <TestEntry testId="97ef7803-b78b-c542-1bc5-bbcd30154f1b" executionId="6a313fe0-51a4-4593-b589-54f92dc70f49" testListId="8c84fa94-04c1-424b-9868-57a2d4851a1d" />
    <TestEntry testId="6392f9b5-e5a7-d067-7356-d65ba0a43d65" executionId="69faea12-af03-4769-afd5-8ec52f439738" testListId="8c84fa94-04c1-424b-9868-57a2d4851a1d" />
    <TestEntry testId="cbf09a8c-2049-5a8c-fd2a-90a8b5724f39" executionId="b466e7eb-beb2-4528-87ba-b6cb6dcaf042" testListId="8c84fa94-04c1-424b-9868-57a2d4851a1d" />
    <TestEntry testId="2d612b0d-7d88-bda1-5414-35e4aef65176" executionId="375b32c3-25bb-4f62-be2e-42b127146940" testListId="8c84fa94-04c1-424b-9868-57a2d4851a1d" />
    <TestEntry testId="af7aa454-5af6-8301-213b-5dd60acbcaaf" executionId="f591eee0-aca6-4323-a688-1883a8206e37" testListId="8c84fa94-04c1-424b-9868-57a2d4851a1d" />
    <TestEntry testId="0a48ae42-cf84-3cc3-e151-1ffa65f8d6ba" executionId="fb6dbdf5-a0ef-4195-b178-622984040f01" testListId="8c84fa94-04c1-424b-9868-57a2d4851a1d" />
    <TestEntry testId="587368a4-48a6-f7b6-019a-357ad1c111d9" executionId="c248530f-501c-473e-9ee3-5d8278582410" testListId="8c84fa94-04c1-424b-9868-57a2d4851a1d" />
    <TestEntry testId="673ecb3e-2b6e-4a44-2b8a-2f940f94d255" executionId="3ded6df3-6031-4fec-b290-ae1d11d5dd5c" testListId="8c84fa94-04c1-424b-9868-57a2d4851a1d" />
    <TestEntry testId="939a0ebe-461d-f4a0-0058-d1f077b7f809" executionId="d4499418-22d6-4cae-9bda-e101d01b1db0" testListId="8c84fa94-04c1-424b-9868-57a2d4851a1d" />
    <TestEntry testId="4755029e-b0f4-3508-c20b-f70ad88728ad" executionId="fc618149-527d-47f2-95e6-ccc591ea64ac" testListId="8c84fa94-04c1-424b-9868-57a2d4851a1d" />
    <TestEntry testId="1f5222fb-431d-3de9-77e3-2666b2f7c9a3" executionId="ff607308-d712-45e5-bb79-f29dce58ca1d" testListId="8c84fa94-04c1-424b-9868-57a2d4851a1d" />
    <TestEntry testId="d3300a62-7bbd-f484-9852-0a54b80fc024" executionId="08c6acbf-ea1b-407c-a9f1-b424875eff3f" testListId="8c84fa94-04c1-424b-9868-57a2d4851a1d" />
    <TestEntry testId="b320d59b-b947-5110-4d4f-36dbdcb8e0ab" executionId="53f16fb0-c246-44ee-ae25-c1dedec19a9b" testListId="8c84fa94-04c1-424b-9868-57a2d4851a1d" />
    <TestEntry testId="c41cbcaf-78b5-f9d8-da8b-2351f88ba7e9" executionId="cab45959-28ed-41d1-9241-d4d8726f7c34" testListId="8c84fa94-04c1-424b-9868-57a2d4851a1d" />
    <TestEntry testId="ac371c8c-ea01-7b8e-427a-4f7ed5afffb3" executionId="e99ad553-d52d-4ee2-a4f3-dd3d72ceb091" testListId="8c84fa94-04c1-424b-9868-57a2d4851a1d" />
    <TestEntry testId="becf1525-e7b1-7b75-946f-88bc44dfea9d" executionId="594e669e-1f25-47cd-98b6-9f52c2f9c471" testListId="8c84fa94-04c1-424b-9868-57a2d4851a1d" />
    <TestEntry testId="88946250-a2cd-4f71-2e50-b3c068330ffb" executionId="3e18cb23-6f7d-4fde-a9ad-23d38daa7187" testListId="8c84fa94-04c1-424b-9868-57a2d4851a1d" />
    <TestEntry testId="4235582d-9bdb-f55a-b8ba-fe28dee9bb86" executionId="4d09ea0d-c7c2-464d-b08c-ca36da31043e" testListId="8c84fa94-04c1-424b-9868-57a2d4851a1d" />
    <TestEntry testId="526d1b23-2b2f-1822-7e35-bcb758fd88d1" executionId="836474a3-b33b-426d-987c-365ba8fa8aa9" testListId="8c84fa94-04c1-424b-9868-57a2d4851a1d" />
    <TestEntry testId="4db66b07-f4e4-7bfd-e654-dadd7e186235" executionId="97e6b251-22c7-4386-9ce0-ce6414c03c9e" testListId="8c84fa94-04c1-424b-9868-57a2d4851a1d" />
    <TestEntry testId="599c270b-daaf-1376-55f3-3f9753c97b16" executionId="94280b55-7b94-49ee-87bb-4e08adadc7d5" testListId="8c84fa94-04c1-424b-9868-57a2d4851a1d" />
    <TestEntry testId="f3ce4edb-7ebd-70f8-82e4-ab055c8ee8ce" executionId="04c2b39b-61bd-4753-b731-640a8e511857" testListId="8c84fa94-04c1-424b-9868-57a2d4851a1d" />
    <TestEntry testId="4cb6dc5d-dc14-d26c-ea4e-f721d626581a" executionId="bd1e1cb0-e442-4da3-9859-54e03ee36067" testListId="8c84fa94-04c1-424b-9868-57a2d4851a1d" />
    <TestEntry testId="1a6a428d-a36f-9fb1-5444-4b4460ffe09e" executionId="40ed1202-1495-452f-b78e-ec7823c5783e" testListId="8c84fa94-04c1-424b-9868-57a2d4851a1d" />
    <TestEntry testId="17f4a009-0e3b-3a28-3fbc-ddca5b7360a6" executionId="f2c6e7ee-84d3-4613-a71b-3a245f2a51ea" testListId="8c84fa94-04c1-424b-9868-57a2d4851a1d" />
    <TestEntry testId="d84ee913-de15-9c46-3774-c0b9543c217e" executionId="95b3e862-4574-4ea5-9e9e-5333eb1d87ce" testListId="8c84fa94-04c1-424b-9868-57a2d4851a1d" />
    <TestEntry testId="82782079-6df1-5a42-7167-2ccdeab8ef24" executionId="f4c5e4cd-2678-416a-85b2-e43423603d38" testListId="8c84fa94-04c1-424b-9868-57a2d4851a1d" />
    <TestEntry testId="3fe325f1-88f2-d356-36d0-75ab64eb11fc" executionId="9b895c2f-9a4e-479a-931d-076220befc27" testListId="8c84fa94-04c1-424b-9868-57a2d4851a1d" />
    <TestEntry testId="d6dc5941-13eb-4a33-8515-bbd38cc49166" executionId="1f02e95a-38f3-4d7c-a47b-29efce05e369" testListId="8c84fa94-04c1-424b-9868-57a2d4851a1d" />
    <TestEntry testId="60dc766c-8133-bf73-0cce-8f6be8931638" executionId="9ebe5d0f-ab6e-4848-a213-ff03f0e01aec" testListId="8c84fa94-04c1-424b-9868-57a2d4851a1d" />
    <TestEntry testId="fa55aa6b-8025-da45-f051-9811ee5cfa93" executionId="a613451b-7836-48d4-a3c5-b247a6aed3c8" testListId="8c84fa94-04c1-424b-9868-57a2d4851a1d" />
    <TestEntry testId="6e0dfa73-3c6c-b718-ae11-46fe103016c3" executionId="8710e334-5a58-49f6-b76c-66f4a18d4d97" testListId="8c84fa94-04c1-424b-9868-57a2d4851a1d" />
    <TestEntry testId="b04adae4-3ec8-2272-8a21-3f20595f520c" executionId="5d5d650a-a18c-4375-8703-123efd8a9b46" testListId="8c84fa94-04c1-424b-9868-57a2d4851a1d" />
    <TestEntry testId="90046692-2b9b-0ac7-ecc7-efbe69ec337e" executionId="a22912cb-00cd-4add-ae7f-a44dec992731" testListId="8c84fa94-04c1-424b-9868-57a2d4851a1d" />
    <TestEntry testId="80d5261e-7053-0290-2e51-69c8c618dcf2" executionId="8ff9d178-dd5a-40a6-a731-a8a2df605e83" testListId="8c84fa94-04c1-424b-9868-57a2d4851a1d" />
    <TestEntry testId="9e0fa217-076c-a34c-561d-bcf8127fa0a5" executionId="7c27d7ff-4302-4dd3-a7f5-140875da5e6f" testListId="8c84fa94-04c1-424b-9868-57a2d4851a1d" />
    <TestEntry testId="3e84a2b3-e24f-6417-bcfd-1ca5931aa9ad" executionId="2d59075b-d4f1-4735-a396-078de8880708" testListId="8c84fa94-04c1-424b-9868-57a2d4851a1d" />
    <TestEntry testId="b7cc335a-b331-5835-c400-64c39db15012" executionId="6a9d1087-0f3b-42ef-b7c1-502a9a892d9a" testListId="8c84fa94-04c1-424b-9868-57a2d4851a1d" />
    <TestEntry testId="9d9a1ef4-6603-535c-8520-0e968a0fd6af" executionId="01e7c2d5-0b76-44fb-8746-b259771e1493" testListId="8c84fa94-04c1-424b-9868-57a2d4851a1d" />
    <TestEntry testId="c81fde48-ffe0-a591-50de-2ab1174ea36c" executionId="bdd2461b-19a5-458e-b12e-3d52cf978fea" testListId="8c84fa94-04c1-424b-9868-57a2d4851a1d" />
    <TestEntry testId="83aefa84-a251-257b-0308-3de8d12db9b3" executionId="ba450960-e540-4bec-88c7-17c4c1148b40" testListId="8c84fa94-04c1-424b-9868-57a2d4851a1d" />
    <TestEntry testId="087e4dff-65f1-5eaa-8924-758cf3061e94" executionId="f23e657e-42c8-49f5-9252-5b9ecd29d276" testListId="8c84fa94-04c1-424b-9868-57a2d4851a1d" />
    <TestEntry testId="990d166c-4b5e-4f0d-3a9a-183242566a46" executionId="61301652-b414-4c59-be27-152a5dbea81e" testListId="8c84fa94-04c1-424b-9868-57a2d4851a1d" />
    <TestEntry testId="f5739d74-3962-00ff-48ef-6e3fa001a263" executionId="c3303bae-0227-46c0-8db7-70516ec127f2" testListId="8c84fa94-04c1-424b-9868-57a2d4851a1d" />
    <TestEntry testId="5cf78b1f-cce7-7444-68db-e6da8574688e" executionId="5ca7ddd1-a49a-4391-ab31-45f49c19bb47" testListId="8c84fa94-04c1-424b-9868-57a2d4851a1d" />
    <TestEntry testId="bb899d6f-02a8-c850-7090-f56e322c2931" executionId="6c66951b-1a2c-4e68-8d10-e504c262a5fd" testListId="8c84fa94-04c1-424b-9868-57a2d4851a1d" />
    <TestEntry testId="9fe988c5-022e-20ad-4b5f-fedfa3a40d3c" executionId="b0963886-b465-4c09-8a32-31622cd421dc" testListId="8c84fa94-04c1-424b-9868-57a2d4851a1d" />
    <TestEntry testId="a53ca05a-bfe9-c6a8-8d17-1496850b1afc" executionId="d1c60100-069e-4436-aef6-b462207c4379" testListId="8c84fa94-04c1-424b-9868-57a2d4851a1d" />
    <TestEntry testId="257ce790-b175-6342-e9ee-06f0f7fe4db1" executionId="416f4af1-f92f-4b5c-b641-b49e5641d319" testListId="8c84fa94-04c1-424b-9868-57a2d4851a1d" />
    <TestEntry testId="3b65197a-57f7-063a-d568-4f8ed4ae4375" executionId="f7c3e0a4-e6ef-4f8a-b6d2-dcc87c684d3c" testListId="8c84fa94-04c1-424b-9868-57a2d4851a1d" />
    <TestEntry testId="d5bd54de-f00a-099c-65ab-4e124ef86909" executionId="dbc6821e-a0d7-4241-b6e3-f10e8c5196f1" testListId="8c84fa94-04c1-424b-9868-57a2d4851a1d" />
    <TestEntry testId="04d62f21-284b-7348-1775-8ead1e90438e" executionId="7cc241b0-7e64-4577-8326-dae5ffe7ce53" testListId="8c84fa94-04c1-424b-9868-57a2d4851a1d" />
    <TestEntry testId="fe187d31-3a38-6668-6b4a-b148a9b95936" executionId="1cdbaa55-c4c1-428c-9c43-42b92a9a2a71" testListId="8c84fa94-04c1-424b-9868-57a2d4851a1d" />
    <TestEntry testId="f58f6026-127c-c6d5-776e-e886082dcbe9" executionId="ad711fec-c060-418a-8ca0-0ae6f6735a8a" testListId="8c84fa94-04c1-424b-9868-57a2d4851a1d" />
    <TestEntry testId="46f39428-b26b-7e08-1d37-f25895af33c4" executionId="db0e3822-21d3-43b1-8f5c-732a960abb0a" testListId="8c84fa94-04c1-424b-9868-57a2d4851a1d" />
    <TestEntry testId="94e12b8e-3747-6349-0b93-ee8f809f952c" executionId="07a0c6ee-f1a1-4956-a933-31b292017b0a" testListId="8c84fa94-04c1-424b-9868-57a2d4851a1d" />
    <TestEntry testId="662c901c-bcb4-a843-7686-01be5d8b8816" executionId="7c99586d-27c3-4503-8b6b-eec0c3aa4364" testListId="8c84fa94-04c1-424b-9868-57a2d4851a1d" />
    <TestEntry testId="7ebac760-c908-a0e9-d4ce-a1cc59a0d067" executionId="32bc3a85-03ad-4e6d-8170-83e70adac1dc" testListId="8c84fa94-04c1-424b-9868-57a2d4851a1d" />
    <TestEntry testId="cd41fb84-64e0-7d12-7068-444f3b5bb9af" executionId="586190e5-04a6-4362-b499-c2cbbc12db1b" testListId="8c84fa94-04c1-424b-9868-57a2d4851a1d" />
    <TestEntry testId="78dc25ec-95a5-8ff6-33f9-9107ea866b90" executionId="a225046b-11c8-4d56-a298-2038e494320b" testListId="8c84fa94-04c1-424b-9868-57a2d4851a1d" />
    <TestEntry testId="e6d7e378-3ab6-f2ff-b1d1-70732fee5031" executionId="73cdc167-8471-458d-a4d9-296ad3586153" testListId="8c84fa94-04c1-424b-9868-57a2d4851a1d" />
    <TestEntry testId="1e2a49b4-727d-fa88-c555-e92f706a8c37" executionId="f41dc593-e579-483f-95f1-a1f49b896a47" testListId="8c84fa94-04c1-424b-9868-57a2d4851a1d" />
    <TestEntry testId="a8afee78-489e-8967-40e1-bc07efd6dc38" executionId="ced73ba3-6501-458c-a06c-4c2c1fc37a42" testListId="8c84fa94-04c1-424b-9868-57a2d4851a1d" />
    <TestEntry testId="0ab5e8f6-e942-74b3-b668-e2d2a9642905" executionId="8ed366fe-d9b0-4fd8-b99a-f634fbbab55c" testListId="8c84fa94-04c1-424b-9868-57a2d4851a1d" />
    <TestEntry testId="5cfa2dc6-ee90-26c9-f1b3-4a12fa26ad12" executionId="1d65089f-cb1c-43aa-a0e7-4ee23be39581" testListId="8c84fa94-04c1-424b-9868-57a2d4851a1d" />
    <TestEntry testId="c48839aa-04a8-bb3a-7b9b-32ff652419ce" executionId="37898a4e-d6a1-4243-8fb7-4a38eb10bf5f" testListId="8c84fa94-04c1-424b-9868-57a2d4851a1d" />
    <TestEntry testId="d2631026-0d8e-b583-283f-6156835d6a46" executionId="03ee4e9b-1eba-4542-8d4d-d8c9f4945e35" testListId="8c84fa94-04c1-424b-9868-57a2d4851a1d" />
    <TestEntry testId="a9111e34-2492-e87c-2b85-e6f9d54dfe46" executionId="1e3496d5-b1a1-4c2b-83e9-5b8c04466323" testListId="8c84fa94-04c1-424b-9868-57a2d4851a1d" />
    <TestEntry testId="afde7f89-d0d2-ee0d-26d9-eaf51a1ce4fe" executionId="8bb9ecd0-2f96-469e-ae06-888041f200a9" testListId="8c84fa94-04c1-424b-9868-57a2d4851a1d" />
    <TestEntry testId="53cf0c95-96d0-056e-6ab7-3ce1635cda66" executionId="b5261153-2b6a-4f88-acd1-c3aa09487f24" testListId="8c84fa94-04c1-424b-9868-57a2d4851a1d" />
    <TestEntry testId="431b87b3-2aaf-0fd3-21f7-80873104cfc8" executionId="26446b4e-02b3-400c-8a34-9064670eff9c" testListId="8c84fa94-04c1-424b-9868-57a2d4851a1d" />
    <TestEntry testId="ae5e1e1e-d03d-8a24-8cd8-b3694262c6ea" executionId="ae6f91a7-b91c-4d6e-b652-da96a075e737" testListId="8c84fa94-04c1-424b-9868-57a2d4851a1d" />
    <TestEntry testId="123b2fa3-22b2-c426-ed9e-ae45e6c614e2" executionId="82e61abe-90d5-4ef5-ad22-95b7877f9a4b" testListId="8c84fa94-04c1-424b-9868-57a2d4851a1d" />
    <TestEntry testId="0576e9e4-85cf-6162-4161-9646af962b10" executionId="221b3943-909f-4665-80f3-d212f4bc9cda" testListId="8c84fa94-04c1-424b-9868-57a2d4851a1d" />
    <TestEntry testId="195adeee-d790-42fc-192f-d4699c88e2ba" executionId="97307871-71d6-48e8-8722-773341eec02a" testListId="8c84fa94-04c1-424b-9868-57a2d4851a1d" />
    <TestEntry testId="91262587-5705-6651-4507-b3a360fa1149" executionId="585390d4-b768-4665-bf38-98d9813633fc" testListId="8c84fa94-04c1-424b-9868-57a2d4851a1d" />
    <TestEntry testId="e989d32e-c58f-897f-32a9-b3163ad63334" executionId="ef880316-3b83-4153-865d-1d572579349c" testListId="8c84fa94-04c1-424b-9868-57a2d4851a1d" />
    <TestEntry testId="e45256ed-aa8b-3c32-8635-7071fad8ff20" executionId="43b9dc70-fccf-4685-8c1b-7e0ec5ccdfe3" testListId="8c84fa94-04c1-424b-9868-57a2d4851a1d" />
    <TestEntry testId="83d00775-b1c6-8460-8b74-e05f3b89b381" executionId="bd90b26a-d248-4f79-b7c2-25321923fee4" testListId="8c84fa94-04c1-424b-9868-57a2d4851a1d" />
    <TestEntry testId="0b98bde2-bf44-c6c8-2dc6-df95e40585b8" executionId="ab664973-c647-4f5a-a4c7-213b5035fa11" testListId="8c84fa94-04c1-424b-9868-57a2d4851a1d" />
    <TestEntry testId="c51aea34-13e0-6cd0-1d0a-7a49a5e4097b" executionId="afc4e895-16d8-4861-a428-dc3bda52ded1" testListId="8c84fa94-04c1-424b-9868-57a2d4851a1d" />
    <TestEntry testId="85b1e0a0-b134-8911-4435-24bc52394ec5" executionId="aafdd48a-1bd6-4aad-9d3d-10fd2389375d" testListId="8c84fa94-04c1-424b-9868-57a2d4851a1d" />
    <TestEntry testId="28977713-d773-f16e-e972-d5617d066237" executionId="cef877d8-9b3b-4f0a-b161-7ad330ee47f6" testListId="8c84fa94-04c1-424b-9868-57a2d4851a1d" />
    <TestEntry testId="7e8eec0a-daad-4c56-1538-1f2db7678fc0" executionId="7108d6f4-ff59-41da-bce0-34fd5035cd6b" testListId="8c84fa94-04c1-424b-9868-57a2d4851a1d" />
    <TestEntry testId="31f68de1-c07b-48c1-d212-eccfce02dccc" executionId="629ec620-ba99-425f-a77e-aa1cc819cfc9" testListId="8c84fa94-04c1-424b-9868-57a2d4851a1d" />
    <TestEntry testId="dee8a916-82b5-3788-64af-c6623fe9ebe6" executionId="a1bc5ec0-b966-432f-8494-2bc248c2dea3" testListId="8c84fa94-04c1-424b-9868-57a2d4851a1d" />
    <TestEntry testId="b6c69d6b-0a5c-b955-a943-9a9b8df9c840" executionId="2769b059-a03f-4581-970c-9fceccba90da" testListId="8c84fa94-04c1-424b-9868-57a2d4851a1d" />
    <TestEntry testId="35496a2b-2a8d-9655-8783-20f3ab39282c" executionId="fe10e681-2170-4bf9-98da-c5995eafdc8c" testListId="8c84fa94-04c1-424b-9868-57a2d4851a1d" />
    <TestEntry testId="2517e053-e00f-6ec6-3653-99a1de477e00" executionId="5f05eb0a-97ab-4d4f-9c37-cea0c9d8f309" testListId="8c84fa94-04c1-424b-9868-57a2d4851a1d" />
    <TestEntry testId="4b4ec671-567a-332c-d83c-8626b5468263" executionId="1e0bad7b-cf57-4c6b-af92-ab70f4213004" testListId="8c84fa94-04c1-424b-9868-57a2d4851a1d" />
    <TestEntry testId="6ffd192d-4894-644c-5b57-39cc300350a4" executionId="e6074edf-9e53-4233-b72b-afe5af78d772" testListId="8c84fa94-04c1-424b-9868-57a2d4851a1d" />
    <TestEntry testId="751d6fb1-2b2c-8599-1bf7-2fc501184814" executionId="43439a77-d08d-4cdc-8062-6121cbd91db9" testListId="8c84fa94-04c1-424b-9868-57a2d4851a1d" />
    <TestEntry testId="dd3f40eb-8c0c-b61d-7c59-5f4fd3dcbb40" executionId="92240734-7ac4-4758-8510-d7f1a1cb30ef" testListId="8c84fa94-04c1-424b-9868-57a2d4851a1d" />
    <TestEntry testId="fb985b18-1e0d-65cd-aa79-a3dfdd74615b" executionId="88d1d973-55dd-4c5e-b213-dfbb32dfae71" testListId="8c84fa94-04c1-424b-9868-57a2d4851a1d" />
    <TestEntry testId="ed2814a1-b762-ec63-741c-00bb02d399eb" executionId="538f990a-c7a3-403e-8135-ec97d63a1f22" testListId="8c84fa94-04c1-424b-9868-57a2d4851a1d" />
    <TestEntry testId="43cdd847-80c7-cc7a-2af5-1958eecf4bac" executionId="f4762a3a-ade4-46f4-a9fa-550f0f4c8ffd" testListId="8c84fa94-04c1-424b-9868-57a2d4851a1d" />
    <TestEntry testId="41e9eb9f-f0ff-d56b-2147-5968f2ddb811" executionId="a0376a0f-c6d6-4ffe-b74f-e6d87493fcde" testListId="8c84fa94-04c1-424b-9868-57a2d4851a1d" />
    <TestEntry testId="6e2fe41d-79f6-355a-db2b-3e705c7e3c3d" executionId="52e2d691-d51c-4ad9-af9c-37c46f22eb7c" testListId="8c84fa94-04c1-424b-9868-57a2d4851a1d" />
    <TestEntry testId="d5e60cde-6867-3a84-0b01-b3d56f68585d" executionId="dac86e07-6681-4e3c-be31-bee3b268917d" testListId="8c84fa94-04c1-424b-9868-57a2d4851a1d" />
    <TestEntry testId="cc3ea589-3bb1-526c-e7f3-8a765d6db752" executionId="f58de859-94f5-4de4-823b-879879ca643e" testListId="8c84fa94-04c1-424b-9868-57a2d4851a1d" />
    <TestEntry testId="0ad82e81-1f89-e9b1-ef23-2e6eb58c38c0" executionId="5172fe15-91c3-4f0b-ab29-d459ccb8707a" testListId="8c84fa94-04c1-424b-9868-57a2d4851a1d" />
    <TestEntry testId="ebdec0fa-0275-bd17-5607-5b194ec642dc" executionId="4eaf0e30-76a7-43ab-a95e-cf97f7868646" testListId="8c84fa94-04c1-424b-9868-57a2d4851a1d" />
    <TestEntry testId="a7cfdac4-cf34-5fd2-beaa-636c066215ac" executionId="cfe938da-83b9-46eb-a534-9d006a966513" testListId="8c84fa94-04c1-424b-9868-57a2d4851a1d" />
    <TestEntry testId="9ee20b18-fa1f-8433-e7e2-401f09407178" executionId="808f9528-c6ce-462d-9c33-31e2f01887a9" testListId="8c84fa94-04c1-424b-9868-57a2d4851a1d" />
    <TestEntry testId="0acb82ef-28a9-fa11-f060-d75d7d12f50d" executionId="27316bff-935c-4401-bd11-ba58256bad19" testListId="8c84fa94-04c1-424b-9868-57a2d4851a1d" />
    <TestEntry testId="4c479956-2536-caf7-b92b-dea14a00baf7" executionId="799cd010-9ac5-4021-9c94-7f0f42fc6875" testListId="8c84fa94-04c1-424b-9868-57a2d4851a1d" />
    <TestEntry testId="3561dfed-48ed-801e-a83c-99166ea2a958" executionId="8b636359-597d-4731-9cee-d185f25c492a" testListId="8c84fa94-04c1-424b-9868-57a2d4851a1d" />
    <TestEntry testId="a99078b4-2e3a-8a7e-e3b9-40e5edb21694" executionId="e131bee2-40db-4db2-8ca8-bc2646c5e4e0" testListId="8c84fa94-04c1-424b-9868-57a2d4851a1d" />
  </TestEntries>
  <TestLists>
    <TestList name="Results Not in a List" id="8c84fa94-04c1-424b-9868-57a2d4851a1d" />
    <TestList name="All Loaded Results" id="19431567-8539-422a-85d7-44ee4e166bda" />
  </TestLists>
  <ResultSummary outcome="Completed">
    <Counters total="538" executed="538" passed="538" failed="0" error="0" timeout="0" aborted="0" inconclusive="0" passedButRunAborted="0" notRunnable="0" notExecuted="0" disconnected="0" warning="0" completed="0" inProgress="0" pending="0" />
    <Output>
      <StdOut>[xUnit.net 00:00:00.00] xUnit.net VSTest Adapter v3.1.5+1b188a7b0a (64-bit .NET 10.0.3)&#xD;
[xUnit.net 00:00:00.04]   Discovering: Motely.Tests&#xD;
[xUnit.net 00:00:00.11]   Discovered:  Motely.Tests&#xD;
[xUnit.net 00:00:00.17]   Starting:    Motely.Tests&#xD;
[xUnit.net 00:00:00.52]   Finished:    Motely.Tests&#xD;
</StdOut>
    </Output>
  </ResultSummary>
</TestRun>