<?xml version="1.0" encoding="utf-8"?>
<TestRun id="be1795e9-04e3-48bd-b5f8-e442e06b8fd0" name="pifre@NATE-PC-9800X3D 2026-03-09 15:59:28" runUser="NATE-PC-9800X3D\pifre" xmlns="http://microsoft.com/schemas/VisualStudio/TeamTest/2010">
  <Times creation="2026-03-09T15:59:28.3085673-05:00" queuing="2026-03-09T15:59:28.3085674-05:00" start="2026-03-09T15:59:27.7973790-05:00" finish="2026-03-09T15:59:28.5310591-05:00" />
  <TestSettings name="default" id="eb326723-a30a-4dce-a5ef-b4a5c3482a29">
    <Deployment runDeploymentRoot="pifre_NATE-PC-9800X3D_2026-03-09_15_59_28" />
  </TestSettings>
  <Results>
    <UnitTestResult executionId="6c8448c4-6eb7-41e7-bb83-ef41cd74a5a2" testId="9fadd82a-9617-78fd-2af1-8475f9bf0cb9" testName="Motely.Tests.V0FilterRegressionTests.Filter_ParsesAndRuns(fileName: &quot;common-green-joker.jaml&quot;, jaml: &quot;name: Green Joker Hand Scaling\nauthor: jammy\ndes&quot;···)" computerName="NATE-PC-9800X3D" duration="00:00:00.0001802" startTime="2026-03-09T15:59:28.4116029-05:00" endTime="2026-03-09T15:59:28.4117934-05:00" testType="13cdc9d9-ddb5-4fa4-a97d-d965ccfc6d4b" outcome="Passed" testListId="8c84fa94-04c1-424b-9868-57a2d4851a1d" relativeResultsDirectory="6c8448c4-6eb7-41e7-bb83-ef41cd74a5a2" />
    <UnitTestResult executionId="7f7fccf6-5e06-499b-a0fd-4e7167862dfb" testId="65828345-1472-fee9-332a-a8adf610945e" testName="Motely.Tests.V0FilterRegressionTests.Filter_ParsesAndRuns(fileName: &quot;common-wrathful-joker.jaml&quot;, jaml: &quot;name: Wrathful Joker Spades\nauthor: jammy\ndescri&quot;···)" computerName="NATE-PC-9800X3D" duration="00:00:00.0001945" startTime="2026-03-09T15:59:28.4374852-05:00" endTime="2026-03-09T15:59:28.4376562-05:00" testType="13cdc9d9-ddb5-4fa4-a97d-d965ccfc6d4b" outcome="Passed" testListId="8c84fa94-04c1-424b-9868-57a2d4851a1d" relativeResultsDirectory="7f7fccf6-5e06-499b-a0fd-4e7167862dfb" />
    <UnitTestResult executionId="1804f0f1-8719-493e-9cc6-25b57df18773" testId="bedfc2fd-3c5b-09fa-c299-e120cea7865a" testName="Motely.Tests.V0FilterRegressionTests.Filter_ParsesAndRuns(fileName: &quot;spectral-sigil.jaml&quot;, jaml: &quot;name: Sigil Flush Build\nauthor: jammy\ndescriptio&quot;···)" computerName="NATE-PC-9800X3D" duration="00:00:00.0003992" startTime="2026-03-09T15:59:28.3445033-05:00" endTime="2026-03-09T15:59:28.3448492-05:00" testType="13cdc9d9-ddb5-4fa4-a97d-d965ccfc6d4b" outcome="Passed" testListId="8c84fa94-04c1-424b-9868-57a2d4851a1d" relativeResultsDirectory="1804f0f1-8719-493e-9cc6-25b57df18773" />
    <UnitTestResult executionId="6ad52ec8-c66c-4949-8594-b829a5e9d076" testId="460a7572-0059-9946-17c7-a364be53b92a" testName="Motely.Tests.V0FilterRegressionTests.Filter_ParsesAndRuns(fileName: &quot;uncommon-abstract-joker.jaml&quot;, jaml: &quot;name: Abstract Joker Black Deck\nauthor: jammy\nde&quot;···)" computerName="NATE-PC-9800X3D" duration="00:00:00.0001750" startTime="2026-03-09T15:59:28.2925368-05:00" endTime="2026-03-09T15:59:28.2925500-05:00" testType="13cdc9d9-ddb5-4fa4-a97d-d965ccfc6d4b" outcome="Passed" testListId="8c84fa94-04c1-424b-9868-57a2d4851a1d" relativeResultsDirectory="6ad52ec8-c66c-4949-8594-b829a5e9d076" />
    <UnitTestResult executionId="2a1cf9a5-1bbb-4ff8-a2f0-84e6143211c7" testId="0deeade7-29de-3aa5-4805-81dc6ad10871" testName="Motely.Tests.V0FilterRegressionTests.Filter_ParsesAndRuns(fileName: &quot;common-sly-joker.jaml&quot;, jaml: &quot;name: Sly Joker Pair\nauthor: jammy\ndescription: &quot;···)" computerName="NATE-PC-9800X3D" duration="00:00:00.0001684" startTime="2026-03-09T15:59:28.4340155-05:00" endTime="2026-03-09T15:59:28.4341661-05:00" testType="13cdc9d9-ddb5-4fa4-a97d-d965ccfc6d4b" outcome="Passed" testListId="8c84fa94-04c1-424b-9868-57a2d4851a1d" relativeResultsDirectory="2a1cf9a5-1bbb-4ff8-a2f0-84e6143211c7" />
    <UnitTestResult executionId="3e0662cc-9e06-4046-8fdf-984594b5e8a3" testId="7f25e031-81cb-4ce6-1a20-518115cbb65d" testName="Motely.Tests.V0FilterRegressionTests.Filter_ParsesAndRuns(fileName: &quot;spectral-familiar.jaml&quot;, jaml: &quot;name: Familiar Face Card Build\nauthor: jammy\ndes&quot;···)" computerName="NATE-PC-9800X3D" duration="00:00:00.0002716" startTime="2026-03-09T15:59:28.4368248-05:00" endTime="2026-03-09T15:59:28.4370495-05:00" testType="13cdc9d9-ddb5-4fa4-a97d-d965ccfc6d4b" outcome="Passed" testListId="8c84fa94-04c1-424b-9868-57a2d4851a1d" relativeResultsDirectory="3e0662cc-9e06-4046-8fdf-984594b5e8a3" />
    <UnitTestResult executionId="786a1e51-4f34-48b5-9d24-aaf912ac2d90" testId="358a3a78-113a-498a-939e-d2bb931444cd" testName="Motely.Tests.V0FilterRegressionTests.Filter_ParsesAndRuns(fileName: &quot;spectral-immolate.jaml&quot;, jaml: &quot;name: Immolate Erosion\nauthor: jammy\ndescription&quot;···)" computerName="NATE-PC-9800X3D" duration="00:00:00.0001919" startTime="2026-03-09T15:59:28.4370777-05:00" endTime="2026-03-09T15:59:28.4372517-05:00" testType="13cdc9d9-ddb5-4fa4-a97d-d965ccfc6d4b" outcome="Passed" testListId="8c84fa94-04c1-424b-9868-57a2d4851a1d" relativeResultsDirectory="786a1e51-4f34-48b5-9d24-aaf912ac2d90" />
    <UnitTestResult executionId="4643defa-79ca-4ab5-951e-611d6a0308ac" testId="ad49ba9d-fd78-175e-1a10-5d8d994a2530" testName="Motely.Tests.V0FilterRegressionTests.Filter_ParsesAndRuns(fileName: &quot;common-zany-joker.jaml&quot;, jaml: &quot;name: Zany Joker Three of a Kind\nauthor: jammy\nd&quot;···)" computerName="NATE-PC-9800X3D" duration="00:00:00.0002012" startTime="2026-03-09T15:59:28.3389604-05:00" endTime="2026-03-09T15:59:28.3391088-05:00" testType="13cdc9d9-ddb5-4fa4-a97d-d965ccfc6d4b" outcome="Passed" testListId="8c84fa94-04c1-424b-9868-57a2d4851a1d" relativeResultsDirectory="4643defa-79ca-4ab5-951e-611d6a0308ac" />
    <UnitTestResult executionId="3e0f985b-1d99-4066-9b64-0c44ec5dfbda" testId="e48a0eed-871a-5e82-f43d-eb5cd7b613ea" testName="Motely.Tests.V0FilterRegressionTests.Filter_ParsesAndRuns(fileName: &quot;common-droll-joker.jaml&quot;, jaml: &quot;name: Droll Joker Flush\nauthor: jammy\ndescriptio&quot;···)" computerName="NATE-PC-9800X3D" duration="00:00:00.0001936" startTime="2026-03-09T15:59:28.4820907-05:00" endTime="2026-03-09T15:59:28.4822713-05:00" testType="13cdc9d9-ddb5-4fa4-a97d-d965ccfc6d4b" outcome="Passed" testListId="8c84fa94-04c1-424b-9868-57a2d4851a1d" relativeResultsDirectory="3e0f985b-1d99-4066-9b64-0c44ec5dfbda" />
    <UnitTestResult executionId="1f490b97-ba2a-432a-ae9e-1d2298169fdc" testId="67ef2e44-d29c-3b5b-9047-aa7efe78a604" testName="Motely.Tests.V0FilterRegressionTests.Filter_ParsesAndRuns(fileName: &quot;uncommon-even-steven.jaml&quot;, jaml: &quot;name: Even Steven Even Cards\nauthor: jammy\ndescr&quot;···)" computerName="NATE-PC-9800X3D" duration="00:00:00.0002857" startTime="2026-03-09T15:59:28.3299946-05:00" endTime="2026-03-09T15:59:28.3302331-05:00" testType="13cdc9d9-ddb5-4fa4-a97d-d965ccfc6d4b" outcome="Passed" testListId="8c84fa94-04c1-424b-9868-57a2d4851a1d" relativeResultsDirectory="1f490b97-ba2a-432a-ae9e-1d2298169fdc" />
    <UnitTestResult executionId="b7c9d0bd-f634-4bec-af9d-a5c61e6d7858" testId="78dc25ec-95a5-8ff6-33f9-9107ea866b90" testName="Motely.Tests.V0FilterRegressionTests.Filter_ParsesAndRuns(fileName: &quot;common-constellation.jaml&quot;, jaml: &quot;name: Constellation Planet Engine\nauthor: jammy\n&quot;···)" computerName="NATE-PC-9800X3D" duration="00:00:00.0002685" startTime="2026-03-09T15:59:28.4535976-05:00" endTime="2026-03-09T15:59:28.4538092-05:00" testType="13cdc9d9-ddb5-4fa4-a97d-d965ccfc6d4b" outcome="Passed" testListId="8c84fa94-04c1-424b-9868-57a2d4851a1d" relativeResultsDirectory="b7c9d0bd-f634-4bec-af9d-a5c61e6d7858" />
    <UnitTestResult executionId="c50c19d4-bc86-4e18-8dc6-b1a6974e7cd2" testId="393eceab-aa96-7e34-36a5-392c1018170c" testName="Motely.Tests.V0FilterRegressionTests.Filter_ParsesAndRuns(fileName: &quot;uncommon-burglar.jaml&quot;, jaml: &quot;name: Burglar Extra Hands\nauthor: jammy\ndescript&quot;···)" computerName="NATE-PC-9800X3D" duration="00:00:00.0002046" startTime="2026-03-09T15:59:28.4509037-05:00" endTime="2026-03-09T15:59:28.4509246-05:00" testType="13cdc9d9-ddb5-4fa4-a97d-d965ccfc6d4b" outcome="Passed" testListId="8c84fa94-04c1-424b-9868-57a2d4851a1d" relativeResultsDirectory="c50c19d4-bc86-4e18-8dc6-b1a6974e7cd2" />
    <UnitTestResult executionId="02305c4e-4e88-4a54-8ea0-fa581c80b7cb" testId="d14da123-75c3-6cad-a06f-06846febd061" testName="Motely.Tests.V0FilterRegressionTests.Filter_ParsesAndRuns(fileName: &quot;deck-checkered.jaml&quot;, jaml: &quot;name: Checkered Deck Blackboard\nauthor: jammy\nde&quot;···)" computerName="NATE-PC-9800X3D" duration="00:00:00.0002095" startTime="2026-03-09T15:59:28.4057671-05:00" endTime="2026-03-09T15:59:28.4059366-05:00" testType="13cdc9d9-ddb5-4fa4-a97d-d965ccfc6d4b" outcome="Passed" testListId="8c84fa94-04c1-424b-9868-57a2d4851a1d" relativeResultsDirectory="02305c4e-4e88-4a54-8ea0-fa581c80b7cb" />
    <UnitTestResult executionId="2dae646e-9d4c-4e2f-a7f3-1ea39c5a5bb0" testId="673ecb3e-2b6e-4a44-2b8a-2f940f94d255" testName="Motely.Tests.V0FilterRegressionTests.Filter_ParsesAndRuns(fileName: &quot;tag-juggle.jaml&quot;, jaml: &quot;name: Juggle Tag Hands\nauthor: jammy\ndescription&quot;···)" computerName="NATE-PC-9800X3D" duration="00:00:00.0026351" startTime="2026-03-09T15:59:28.4509606-05:00" endTime="2026-03-09T15:59:28.4535344-05:00" testType="13cdc9d9-ddb5-4fa4-a97d-d965ccfc6d4b" outcome="Passed" testListId="8c84fa94-04c1-424b-9868-57a2d4851a1d" relativeResultsDirectory="2dae646e-9d4c-4e2f-a7f3-1ea39c5a5bb0" />
    <UnitTestResult executionId="cb7bfb06-afc1-45d4-8e6b-8f4bfbfdc6bd" testId="a618f407-add6-85b7-9807-8b6abef1815c" testName="Motely.Tests.V0FilterRegressionTests.Filter_ParsesAndRuns(fileName: &quot;deck-plasma.jaml&quot;, jaml: &quot;name: Plasma Deck Chip Engine\nauthor: jammy\ndesc&quot;···)" computerName="NATE-PC-9800X3D" duration="00:00:00.0002646" startTime="2026-03-09T15:59:28.4288498-05:00" endTime="2026-03-09T15:59:28.4291238-05:00" testType="13cdc9d9-ddb5-4fa4-a97d-d965ccfc6d4b" outcome="Passed" testListId="8c84fa94-04c1-424b-9868-57a2d4851a1d" relativeResultsDirectory="cb7bfb06-afc1-45d4-8e6b-8f4bfbfdc6bd" />
    <UnitTestResult executionId="00e17209-9820-4368-962b-b6c1c1c584ad" testId="53a410d6-f57b-a158-e5f7-e5d3673ba114" testName="Motely.Tests.V0FilterRegressionTests.Filter_ParsesAndRuns(fileName: &quot;tag-standard.jaml&quot;, jaml: &quot;name: Standard Tag Free Pack\nauthor: jammy\ndescr&quot;···)" computerName="NATE-PC-9800X3D" duration="00:00:00.0025776" startTime="2026-03-09T15:59:28.3542700-05:00" endTime="2026-03-09T15:59:28.3568096-05:00" testType="13cdc9d9-ddb5-4fa4-a97d-d965ccfc6d4b" outcome="Passed" testListId="8c84fa94-04c1-424b-9868-57a2d4851a1d" relativeResultsDirectory="00e17209-9820-4368-962b-b6c1c1c584ad" />
    <UnitTestResult executionId="6da26036-687b-46aa-85a9-7a50a5e0299b" testId="d05ca910-1ef2-2b19-0739-e95c1f38d3dd" testName="Motely.Tests.V0FilterRegressionTests.Filter_ParsesAndRuns(fileName: &quot;common-faceless-joker.jaml&quot;, jaml: &quot;name: Faceless Joker Economy\nauthor: jammy\ndescr&quot;···)" computerName="NATE-PC-9800X3D" duration="00:00:00.0001826" startTime="2026-03-09T15:59:28.4762425-05:00" endTime="2026-03-09T15:59:28.4763380-05:00" testType="13cdc9d9-ddb5-4fa4-a97d-d965ccfc6d4b" outcome="Passed" testListId="8c84fa94-04c1-424b-9868-57a2d4851a1d" relativeResultsDirectory="6da26036-687b-46aa-85a9-7a50a5e0299b" />
    <UnitTestResult executionId="34d8bd01-3c72-42f9-acad-876a079b0e25" testId="5cfa2dc6-ee90-26c9-f1b3-4a12fa26ad12" testName="Motely.Tests.V0FilterRegressionTests.Filter_ParsesAndRuns(fileName: &quot;standard-polychrome-red-steel-king.jaml&quot;, jaml: &quot;name: Polychrome Red Seal Steel King\nauthor: jamm&quot;···)" computerName="NATE-PC-9800X3D" duration="00:00:00.0011213" startTime="2026-03-09T15:59:28.3603616-05:00" endTime="2026-03-09T15:59:28.3614503-05:00" testType="13cdc9d9-ddb5-4fa4-a97d-d965ccfc6d4b" outcome="Passed" testListId="8c84fa94-04c1-424b-9868-57a2d4851a1d" relativeResultsDirectory="34d8bd01-3c72-42f9-acad-876a079b0e25" />
    <UnitTestResult executionId="f54ac2a0-6fd3-4b71-b8ae-50f5f682f963" testId="0f1c33ef-8f1b-3060-80fc-cde916b03379" testName="Motely.Tests.V0FilterRegressionTests.Filter_ParsesAndRuns(fileName: &quot;spectral-the-soul.jaml&quot;, jaml: &quot;name: TheSoul Legendary\nauthor: jammy\ndescriptio&quot;···)" computerName="NATE-PC-9800X3D" duration="00:00:00.0001867" startTime="2026-03-09T15:59:28.4914417-05:00" endTime="2026-03-09T15:59:28.4915759-05:00" testType="13cdc9d9-ddb5-4fa4-a97d-d965ccfc6d4b" outcome="Passed" testListId="8c84fa94-04c1-424b-9868-57a2d4851a1d" relativeResultsDirectory="f54ac2a0-6fd3-4b71-b8ae-50f5f682f963" />
    <UnitTestResult executionId="7f4606bd-e3db-4546-a4e5-249932cbf9f2" testId="fdbbf562-476d-f969-29c7-df2d153a9caf" testName="Motely.Tests.V0FilterRegressionTests.Filter_ParsesAndRuns(fileName: &quot;rare-satellite.jaml&quot;, jaml: &quot;name: Satellite Planet Economy\nauthor: jammy\ndes&quot;···)" computerName="NATE-PC-9800X3D" duration="00:00:00.0002919" startTime="2026-03-09T15:59:28.2922893-05:00" endTime="2026-03-09T15:59:28.2923083-05:00" testType="13cdc9d9-ddb5-4fa4-a97d-d965ccfc6d4b" outcome="Passed" testListId="8c84fa94-04c1-424b-9868-57a2d4851a1d" relativeResultsDirectory="7f4606bd-e3db-4546-a4e5-249932cbf9f2" />
    <UnitTestResult executionId="1f50e2e7-14e9-4fe5-8798-5491b8742c8a" testId="81dc00f1-4e33-b3ca-d2ec-1534a5fffa1a" testName="Motely.Tests.V0FilterRegressionTests.Filter_ParsesAndRuns(fileName: &quot;uncommon-hack.jaml&quot;, jaml: &quot;name: Hack Retrigger 2-5\nauthor: jammy\ndescripti&quot;···)" computerName="NATE-PC-9800X3D" duration="00:00:00.0001807" startTime="2026-03-09T15:59:28.4708545-05:00" endTime="2026-03-09T15:59:28.4709680-05:00" testType="13cdc9d9-ddb5-4fa4-a97d-d965ccfc6d4b" outcome="Passed" testListId="8c84fa94-04c1-424b-9868-57a2d4851a1d" relativeResultsDirectory="1f50e2e7-14e9-4fe5-8798-5491b8742c8a" />
    <UnitTestResult executionId="68b59649-a58e-4e71-ba54-57c1f0a13f93" testId="b7cc335a-b331-5835-c400-64c39db15012" testName="Motely.Tests.V0FilterRegressionTests.Filter_ParsesAndRuns(fileName: &quot;spectral-deja-vu.jaml&quot;, jaml: &quot;name: DejaVu Red Seal\nauthor: jammy\ndescription:&quot;···)" computerName="NATE-PC-9800X3D" duration="00:00:00.0002389" startTime="2026-03-09T15:59:28.3407037-05:00" endTime="2026-03-09T15:59:28.3407502-05:00" testType="13cdc9d9-ddb5-4fa4-a97d-d965ccfc6d4b" outcome="Passed" testListId="8c84fa94-04c1-424b-9868-57a2d4851a1d" relativeResultsDirectory="68b59649-a58e-4e71-ba54-57c1f0a13f93" />
    <UnitTestResult executionId="8bb5732f-8c9e-4b79-9f3a-26116c970ad6" testId="a9ba52d2-f3f5-be9b-2f86-62a4f5a269ad" testName="Motely.Tests.V0FilterRegressionTests.Filter_ParsesAndRuns(fileName: &quot;uncommon-four-fingers.jaml&quot;, jaml: &quot;name: Four Fingers Flush Five\nauthor: jammy\ndesc&quot;···)" computerName="NATE-PC-9800X3D" duration="00:00:00.0003474" startTime="2026-03-09T15:59:28.4702612-05:00" endTime="2026-03-09T15:59:28.4705720-05:00" testType="13cdc9d9-ddb5-4fa4-a97d-d965ccfc6d4b" outcome="Passed" testListId="8c84fa94-04c1-424b-9868-57a2d4851a1d" relativeResultsDirectory="8bb5732f-8c9e-4b79-9f3a-26116c970ad6" />
    <UnitTestResult executionId="9d66328e-f849-4f3d-b742-6aa774ccec25" testId="a6764ae8-c8f1-f63e-79fc-88e71b9d18d4" testName="Motely.Tests.V0FilterRegressionTests.Filter_ParsesAndRuns(fileName: &quot;common-mad-joker.jaml&quot;, jaml: &quot;name: Mad Joker Two Pair\nauthor: jammy\ndescripti&quot;···)" computerName="NATE-PC-9800X3D" duration="00:00:00.0001655" startTime="2026-03-09T15:59:28.3089237-05:00" endTime="2026-03-09T15:59:28.3090755-05:00" testType="13cdc9d9-ddb5-4fa4-a97d-d965ccfc6d4b" outcome="Passed" testListId="8c84fa94-04c1-424b-9868-57a2d4851a1d" relativeResultsDirectory="9d66328e-f849-4f3d-b742-6aa774ccec25" />
    <UnitTestResult executionId="3d4b61a5-7364-484a-bf99-56f25699e830" testId="7d1c811a-ac76-6933-257c-94d5e1ef1c4f" testName="Motely.Tests.V0FilterRegressionTests.Filter_ParsesAndRuns(fileName: &quot;tag-negative.jaml&quot;, jaml: &quot;name: Negative Tag Early\nauthor: jammy\ndescripti&quot;···)" computerName="NATE-PC-9800X3D" duration="00:00:00.0029129" startTime="2026-03-09T15:59:28.4851903-05:00" endTime="2026-03-09T15:59:28.4877797-05:00" testType="13cdc9d9-ddb5-4fa4-a97d-d965ccfc6d4b" outcome="Passed" testListId="8c84fa94-04c1-424b-9868-57a2d4851a1d" relativeResultsDirectory="3d4b61a5-7364-484a-bf99-56f25699e830" />
    <UnitTestResult executionId="0aebf4da-ca67-45bd-a6be-46141c263686" testId="88235476-de64-fc48-3fe2-843779207679" testName="Motely.Tests.V0FilterRegressionTests.Filter_ParsesAndRuns(fileName: &quot;rare-the-idol.jaml&quot;, jaml: &quot;name: The Idol Clone Build\nauthor: jammy\ndescrip&quot;···)" computerName="NATE-PC-9800X3D" duration="00:00:00.0002153" startTime="2026-03-09T15:59:28.4045385-05:00" endTime="2026-03-09T15:59:28.4045641-05:00" testType="13cdc9d9-ddb5-4fa4-a97d-d965ccfc6d4b" outcome="Passed" testListId="8c84fa94-04c1-424b-9868-57a2d4851a1d" relativeResultsDirectory="0aebf4da-ca67-45bd-a6be-46141c263686" />
    <UnitTestResult executionId="fd608735-418d-41b4-a4c2-a653ea2616e4" testId="f58f6026-127c-c6d5-776e-e886082dcbe9" testName="Motely.Tests.V0FilterRegressionTests.Filter_ParsesAndRuns(fileName: &quot;common-clever-joker.jaml&quot;, jaml: &quot;name: Clever Joker Two Pair\nauthor: jammy\ndescri&quot;···)" computerName="NATE-PC-9800X3D" duration="00:00:00.0001730" startTime="2026-03-09T15:59:28.4910488-05:00" endTime="2026-03-09T15:59:28.4911724-05:00" testType="13cdc9d9-ddb5-4fa4-a97d-d965ccfc6d4b" outcome="Passed" testListId="8c84fa94-04c1-424b-9868-57a2d4851a1d" relativeResultsDirectory="fd608735-418d-41b4-a4c2-a653ea2616e4" />
    <UnitTestResult executionId="789675bf-1642-4b45-9ba4-37af86862fc5" testId="0a36b618-0555-d225-89be-f60889f0fb93" testName="Motely.Tests.V0FilterRegressionTests.Filter_ParsesAndRuns(fileName: &quot;deck-ghost.jaml&quot;, jaml: &quot;name: Ghost Deck Spectral Spam\nauthor: jammy\ndes&quot;···)" computerName="NATE-PC-9800X3D" duration="00:00:00.0002228" startTime="2026-03-09T15:59:28.4283447-05:00" endTime="2026-03-09T15:59:28.4285796-05:00" testType="13cdc9d9-ddb5-4fa4-a97d-d965ccfc6d4b" outcome="Failed" testListId="8c84fa94-04c1-424b-9868-57a2d4851a1d" relativeResultsDirectory="789675bf-1642-4b45-9ba4-37af86862fc5">
      <Output>
        <ErrorInfo>
          <Message>[deck-ghost.jaml] JAML parse failed: Requested value 'OopsAll6s' was not found.</Message>
          <StackTrace>   at Motely.Tests.V0FilterRegressionTests.Filter_ParsesAndRuns(String fileName, String jaml) in X:\JammySeedFinder\src\MotelyJAML\Motely.Tests\V0FilterRegressionTests.cs:line 33&#xD;
   at InvokeStub_V0FilterRegressionTests.Filter_ParsesAndRuns(Object, Span`1)&#xD;
   at System.Reflection.MethodBaseInvoker.InvokeWithFewArgs(Object obj, BindingFlags invokeAttr, Binder binder, Object[] parameters, CultureInfo culture)</StackTrace>
        </ErrorInfo>
      </Output>
    </UnitTestResult>
    <UnitTestResult executionId="88223f5b-465a-4735-8c45-206aefbf31c0" testId="01b70eb3-d4eb-ffa9-57d1-74cde721a5f4" testName="Motely.Tests.V0FilterRegressionTests.Filter_ParsesAndRuns(fileName: &quot;tag-foil.jaml&quot;, jaml: &quot;name: Foil Tag Early\nauthor: jammy\ndescription: &quot;···)" computerName="NATE-PC-9800X3D" duration="00:00:00.0025420" startTime="2026-03-09T15:59:28.4711950-05:00" endTime="2026-03-09T15:59:28.4737473-05:00" testType="13cdc9d9-ddb5-4fa4-a97d-d965ccfc6d4b" outcome="Passed" testListId="8c84fa94-04c1-424b-9868-57a2d4851a1d" relativeResultsDirectory="88223f5b-465a-4735-8c45-206aefbf31c0" />
    <UnitTestResult executionId="616ac961-7237-44c9-9d31-3e127059cdd4" testId="3fb88327-b63d-4eed-3a69-a704cf1e6b50" testName="Motely.Tests.V0FilterRegressionTests.Filter_ParsesAndRuns(fileName: &quot;tag-handy.jaml&quot;, jaml: &quot;name: Handy Tag Hand Size\nauthor: jammy\ndescript&quot;···)" computerName="NATE-PC-9800X3D" duration="00:00:00.0025556" startTime="2026-03-09T15:59:28.4538364-05:00" endTime="2026-03-09T15:59:28.4564009-05:00" testType="13cdc9d9-ddb5-4fa4-a97d-d965ccfc6d4b" outcome="Passed" testListId="8c84fa94-04c1-424b-9868-57a2d4851a1d" relativeResultsDirectory="616ac961-7237-44c9-9d31-3e127059cdd4" />
    <UnitTestResult executionId="53c34bcc-6b06-4bd5-9ad0-4edd62dcad04" testId="4cb6dc5d-dc14-d26c-ea4e-f721d626581a" testName="Motely.Tests.V0FilterRegressionTests.Filter_ParsesAndRuns(fileName: &quot;rare-tribe-order.jaml&quot;, jaml: &quot;name: The Tribe and Order\nauthor: jammy\ndescript&quot;···)" computerName="NATE-PC-9800X3D" duration="00:00:00.0003154" startTime="2026-03-09T15:59:28.3386683-05:00" endTime="2026-03-09T15:59:28.3389035-05:00" testType="13cdc9d9-ddb5-4fa4-a97d-d965ccfc6d4b" outcome="Passed" testListId="8c84fa94-04c1-424b-9868-57a2d4851a1d" relativeResultsDirectory="53c34bcc-6b06-4bd5-9ad0-4edd62dcad04" />
    <UnitTestResult executionId="bf800bde-85e2-4e64-b1ab-89fdac458896" testId="8a083d6a-26ff-5975-3549-751df18c7ef9" testName="Motely.Tests.V0FilterRegressionTests.Filter_ParsesAndRuns(fileName: &quot;tag-investment.jaml&quot;, jaml: &quot;name: Investment Tag Economy\nauthor: jammy\ndescr&quot;···)" computerName="NATE-PC-9800X3D" duration="00:00:00.0026316" startTime="2026-03-09T15:59:28.4564519-05:00" endTime="2026-03-09T15:59:28.4590530-05:00" testType="13cdc9d9-ddb5-4fa4-a97d-d965ccfc6d4b" outcome="Passed" testListId="8c84fa94-04c1-424b-9868-57a2d4851a1d" relativeResultsDirectory="bf800bde-85e2-4e64-b1ab-89fdac458896" />
    <UnitTestResult executionId="feae2961-efaf-4236-92f5-8f5163c0c87f" testId="087e4dff-65f1-5eaa-8924-758cf3061e94" testName="Motely.Tests.V0FilterRegressionTests.Filter_ParsesAndRuns(fileName: &quot;tag-top-up.jaml&quot;, jaml: &quot;name: Top-up Tag Jokers\nauthor: jammy\ndescriptio&quot;···)" computerName="NATE-PC-9800X3D" duration="00:00:00.0025198" startTime="2026-03-09T15:59:28.3899045-05:00" endTime="2026-03-09T15:59:28.3923980-05:00" testType="13cdc9d9-ddb5-4fa4-a97d-d965ccfc6d4b" outcome="Passed" testListId="8c84fa94-04c1-424b-9868-57a2d4851a1d" relativeResultsDirectory="feae2961-efaf-4236-92f5-8f5163c0c87f" />
    <UnitTestResult executionId="6add25f7-bd21-4d15-9d35-6964d40a9275" testId="0bbbeeee-f730-9b66-060b-3f33664e3a6a" testName="Motely.Tests.V0FilterRegressionTests.Filter_ParsesAndRuns(fileName: &quot;boss-the-mouth.jaml&quot;, jaml: &quot;name: TheMouth Boss Blind\nauthor: jammy\ndescript&quot;···)" computerName="NATE-PC-9800X3D" duration="00:00:00.0020236" startTime="2026-03-09T15:59:28.4205820-05:00" endTime="2026-03-09T15:59:28.4223052-05:00" testType="13cdc9d9-ddb5-4fa4-a97d-d965ccfc6d4b" outcome="Passed" testListId="8c84fa94-04c1-424b-9868-57a2d4851a1d" relativeResultsDirectory="6add25f7-bd21-4d15-9d35-6964d40a9275" />
    <UnitTestResult executionId="808bbdc8-5895-4df6-92a6-ab42e5b61c11" testId="1a6a428d-a36f-9fb1-5444-4b4460ffe09e" testName="Motely.Tests.V0FilterRegressionTests.Filter_ParsesAndRuns(fileName: &quot;common-splash.jaml&quot;, jaml: &quot;name: Splash All Cards Score\nauthor: jammy\ndescr&quot;···)" computerName="NATE-PC-9800X3D" duration="00:00:00.0001844" startTime="2026-03-09T15:59:28.3081625-05:00" endTime="2026-03-09T15:59:28.3083322-05:00" testType="13cdc9d9-ddb5-4fa4-a97d-d965ccfc6d4b" outcome="Passed" testListId="8c84fa94-04c1-424b-9868-57a2d4851a1d" relativeResultsDirectory="808bbdc8-5895-4df6-92a6-ab42e5b61c11" />
    <UnitTestResult executionId="4cb9d80c-a6f4-43a7-a320-fd583a279071" testId="2d076501-d18b-fa28-88a5-dc4cbacd2402" testName="Motely.Tests.V0FilterRegressionTests.Filter_ParsesAndRuns(fileName: &quot;common-dna.jaml&quot;, jaml: &quot;name: DNA Card Clone\nauthor: jammy\ndescription: &quot;···)" computerName="NATE-PC-9800X3D" duration="00:00:00.0001812" startTime="2026-03-09T15:59:28.3682773-05:00" endTime="2026-03-09T15:59:28.3684438-05:00" testType="13cdc9d9-ddb5-4fa4-a97d-d965ccfc6d4b" outcome="Passed" testListId="8c84fa94-04c1-424b-9868-57a2d4851a1d" relativeResultsDirectory="4cb9d80c-a6f4-43a7-a320-fd583a279071" />
    <UnitTestResult executionId="a82c6355-525b-4179-895a-19f3b413f476" testId="e853332d-bff7-cfb3-3a2e-3cd069b90711" testName="Motely.Tests.V0FilterRegressionTests.Filter_ParsesAndRuns(fileName: &quot;tarot-strength.jaml&quot;, jaml: &quot;name: Strength Baron Build\nauthor: jammy\ndescrip&quot;···)" computerName="NATE-PC-9800X3D" duration="00:00:00.0001985" startTime="2026-03-09T15:59:28.4911990-05:00" endTime="2026-03-09T15:59:28.4913949-05:00" testType="13cdc9d9-ddb5-4fa4-a97d-d965ccfc6d4b" outcome="Passed" testListId="8c84fa94-04c1-424b-9868-57a2d4851a1d" relativeResultsDirectory="a82c6355-525b-4179-895a-19f3b413f476" />
    <UnitTestResult executionId="a27a23d0-d316-43ac-9a7f-1e360580ad3e" testId="747576fb-2c77-6e07-7e9b-c0b556dea0a3" testName="Motely.Tests.V0FilterRegressionTests.Filter_ParsesAndRuns(fileName: &quot;tag-uncommon.jaml&quot;, jaml: &quot;name: Uncommon Tag Free Joker\nauthor: jammy\ndesc&quot;···)" computerName="NATE-PC-9800X3D" duration="00:00:00.0025584" startTime="2026-03-09T15:59:28.4765571-05:00" endTime="2026-03-09T15:59:28.4791300-05:00" testType="13cdc9d9-ddb5-4fa4-a97d-d965ccfc6d4b" outcome="Passed" testListId="8c84fa94-04c1-424b-9868-57a2d4851a1d" relativeResultsDirectory="a27a23d0-d316-43ac-9a7f-1e360580ad3e" />
    <UnitTestResult executionId="bb59b120-76dd-48bc-b0f3-09c9905dd5b8" testId="7e8eec0a-daad-4c56-1538-1f2db7678fc0" testName="Motely.Tests.V0FilterRegressionTests.Filter_ParsesAndRuns(fileName: &quot;deck-painted.jaml&quot;, jaml: &quot;name: Painted Deck Flush Build\nauthor: jammy\ndes&quot;···)" computerName="NATE-PC-9800X3D" duration="00:00:00.0001947" startTime="2026-03-09T15:59:28.4908462-05:00" endTime="2026-03-09T15:59:28.4910017-05:00" testType="13cdc9d9-ddb5-4fa4-a97d-d965ccfc6d4b" outcome="Passed" testListId="8c84fa94-04c1-424b-9868-57a2d4851a1d" relativeResultsDirectory="bb59b120-76dd-48bc-b0f3-09c9905dd5b8" />
    <UnitTestResult executionId="2ae7c91e-4f33-41b6-b6f4-626d57a37acc" testId="867121cd-b35f-e21b-3340-d3fa63d51c16" testName="Motely.Tests.V0FilterRegressionTests.Filter_ParsesAndRuns(fileName: &quot;tag-orbital.jaml&quot;, jaml: &quot;name: Orbital Tag Hand Upgrade\nauthor: jammy\ndes&quot;···)" computerName="NATE-PC-9800X3D" duration="00:00:00.0025940" startTime="2026-03-09T15:59:28.4225959-05:00" endTime="2026-03-09T15:59:28.4251544-05:00" testType="13cdc9d9-ddb5-4fa4-a97d-d965ccfc6d4b" outcome="Passed" testListId="8c84fa94-04c1-424b-9868-57a2d4851a1d" relativeResultsDirectory="2ae7c91e-4f33-41b6-b6f4-626d57a37acc" />
    <UnitTestResult executionId="0dca8d19-8ff0-49f6-8021-132be89a86b5" testId="c48839aa-04a8-bb3a-7b9b-32ff652419ce" testName="Motely.Tests.V0FilterRegressionTests.Filter_ParsesAndRuns(fileName: &quot;common-credit-card.jaml&quot;, jaml: &quot;name: Credit Card Debt\nauthor: jammy\ndescription&quot;···)" computerName="NATE-PC-9800X3D" duration="00:00:00.0002526" startTime="2026-03-09T15:59:28.3077210-05:00" endTime="2026-03-09T15:59:28.3079217-05:00" testType="13cdc9d9-ddb5-4fa4-a97d-d965ccfc6d4b" outcome="Passed" testListId="8c84fa94-04c1-424b-9868-57a2d4851a1d" relativeResultsDirectory="0dca8d19-8ff0-49f6-8021-132be89a86b5" />
    <UnitTestResult executionId="0a5133b3-7fd1-4516-b98e-8221ad0baa15" testId="bbb0245e-dc89-a00c-b4e1-8eeed54cdec7" testName="Motely.Tests.V0FilterRegressionTests.Filter_ParsesAndRuns(fileName: &quot;deck-zodiac.jaml&quot;, jaml: &quot;name: Zodiac Deck Tarot Engine\nauthor: jammy\ndes&quot;···)" computerName="NATE-PC-9800X3D" duration="00:00:00.0033077" startTime="2026-03-09T15:59:28.2727895-05:00" endTime="2026-03-09T15:59:28.2761081-05:00" testType="13cdc9d9-ddb5-4fa4-a97d-d965ccfc6d4b" outcome="Passed" testListId="8c84fa94-04c1-424b-9868-57a2d4851a1d" relativeResultsDirectory="0a5133b3-7fd1-4516-b98e-8221ad0baa15" />
    <UnitTestResult executionId="5da6d1b6-3cbf-4b20-9773-0eaef5119661" testId="9b0896c1-0341-046f-8f27-beeaf71c75b4" testName="Motely.Tests.V0FilterRegressionTests.Filter_ParsesAndRuns(fileName: &quot;tag-speed.jaml&quot;, jaml: &quot;name: Speed Tag Skip\nauthor: jammy\ndescription: &quot;···)" computerName="NATE-PC-9800X3D" duration="00:00:00.0028571" startTime="2026-03-09T15:59:28.3691507-05:00" endTime="2026-03-09T15:59:28.3719644-05:00" testType="13cdc9d9-ddb5-4fa4-a97d-d965ccfc6d4b" outcome="Passed" testListId="8c84fa94-04c1-424b-9868-57a2d4851a1d" relativeResultsDirectory="5da6d1b6-3cbf-4b20-9773-0eaef5119661" />
    <UnitTestResult executionId="98a0cabb-65c5-4d47-9d47-3c20c34cfb78" testId="c55c7a03-c093-c9af-996f-448f8a1c9c5c" testName="Motely.Tests.V0FilterRegressionTests.Filter_ParsesAndRuns(fileName: &quot;tarot-the-emperor.jaml&quot;, jaml: &quot;name: TheEmperor Tarot Chain\nauthor: jammy\ndescr&quot;···)" computerName="NATE-PC-9800X3D" duration="00:00:00.0002290" startTime="2026-03-09T15:59:28.3391716-05:00" endTime="2026-03-09T15:59:28.3393521-05:00" testType="13cdc9d9-ddb5-4fa4-a97d-d965ccfc6d4b" outcome="Passed" testListId="8c84fa94-04c1-424b-9868-57a2d4851a1d" relativeResultsDirectory="98a0cabb-65c5-4d47-9d47-3c20c34cfb78" />
    <UnitTestResult executionId="1e3226a2-4e9f-4b80-b8e3-cdea8934b1d4" testId="236c8339-42f3-7afa-d74c-afd3993a68d7" testName="Motely.Tests.V0FilterRegressionTests.Filter_ParsesAndRuns(fileName: &quot;uncommon-pareidolia.jaml&quot;, jaml: &quot;name: Pareidolia All Face Cards\nauthor: jammy\nde&quot;···)" computerName="NATE-PC-9800X3D" duration="00:00:00.0002805" startTime="2026-03-09T15:59:28.3674062-05:00" endTime="2026-03-09T15:59:28.3676527-05:00" testType="13cdc9d9-ddb5-4fa4-a97d-d965ccfc6d4b" outcome="Passed" testListId="8c84fa94-04c1-424b-9868-57a2d4851a1d" relativeResultsDirectory="1e3226a2-4e9f-4b80-b8e3-cdea8934b1d4" />
    <UnitTestResult executionId="f28f21f0-a0c9-4fc2-88d6-5dfa0d03f9a0" testId="382d4b6c-bd12-6c10-6544-cf073e111458" testName="Motely.Tests.V0FilterRegressionTests.Filter_ParsesAndRuns(fileName: &quot;uncommon-chaos-the-clown.jaml&quot;, jaml: &quot;name: Chaos the Clown Free Reroll\nauthor: jammy\n&quot;···)" computerName="NATE-PC-9800X3D" duration="00:00:00.0002076" startTime="2026-03-09T15:59:28.3539989-05:00" endTime="2026-03-09T15:59:28.3542139-05:00" testType="13cdc9d9-ddb5-4fa4-a97d-d965ccfc6d4b" outcome="Passed" testListId="8c84fa94-04c1-424b-9868-57a2d4851a1d" relativeResultsDirectory="f28f21f0-a0c9-4fc2-88d6-5dfa0d03f9a0" />
    <UnitTestResult executionId="d73c370a-9f67-4b45-8526-ba24efa04a40" testId="a2957705-6b34-164e-efd5-58e90a41aa82" testName="Motely.Tests.V0FilterRegressionTests.Filter_ParsesAndRuns(fileName: &quot;boss-the-wheel.jaml&quot;, jaml: &quot;name: TheWheel Boss Blind\nauthor: jammy\ndescript&quot;···)" computerName="NATE-PC-9800X3D" duration="00:00:00.0020312" startTime="2026-03-09T15:59:28.4376780-05:00" endTime="2026-03-09T15:59:28.4397294-05:00" testType="13cdc9d9-ddb5-4fa4-a97d-d965ccfc6d4b" outcome="Passed" testListId="8c84fa94-04c1-424b-9868-57a2d4851a1d" relativeResultsDirectory="d73c370a-9f67-4b45-8526-ba24efa04a40" />
    <UnitTestResult executionId="09ee4257-d9f6-4c89-b3ce-002441426bde" testId="2efd7e0d-3ae8-9650-792f-8cf2d8e4f4f0" testName="Motely.Tests.V0FilterRegressionTests.Filter_ParsesAndRuns(fileName: &quot;boss-the-hook.jaml&quot;, jaml: &quot;name: TheHook Boss Blind\nauthor: jammy\ndescripti&quot;···)" computerName="NATE-PC-9800X3D" duration="00:00:00.0116155" startTime="2026-03-09T15:59:28.2606217-05:00" endTime="2026-03-09T15:59:28.2722148-05:00" testType="13cdc9d9-ddb5-4fa4-a97d-d965ccfc6d4b" outcome="Passed" testListId="8c84fa94-04c1-424b-9868-57a2d4851a1d" relativeResultsDirectory="09ee4257-d9f6-4c89-b3ce-002441426bde" />
    <UnitTestResult executionId="fd209430-1b96-4971-a2cb-2ad23d7cfa33" testId="1cd98fbe-c166-431e-0881-f5131fe3ecc7" testName="Motely.Tests.V0FilterRegressionTests.Filter_ParsesAndRuns(fileName: &quot;uncommon-delayed-gratification.jaml&quot;, jaml: &quot;name: Delayed Gratification Blue Deck\nauthor: jam&quot;···)" computerName="NATE-PC-9800X3D" duration="00:00:00.0002210" startTime="2026-03-09T15:59:28.3869489-05:00" endTime="2026-03-09T15:59:28.3871170-05:00" testType="13cdc9d9-ddb5-4fa4-a97d-d965ccfc6d4b" outcome="Passed" testListId="8c84fa94-04c1-424b-9868-57a2d4851a1d" relativeResultsDirectory="fd209430-1b96-4971-a2cb-2ad23d7cfa33" />
    <UnitTestResult executionId="e3bc0010-9a9e-42a3-952f-d3cae24adfda" testId="41e9eb9f-f0ff-d56b-2147-5968f2ddb811" testName="Motely.Tests.V0FilterRegressionTests.Filter_ParsesAndRuns(fileName: &quot;uncommon-8-ball.jaml&quot;, jaml: &quot;name: EightBall Tarot Generation\nauthor: jammy\nd&quot;···)" computerName="NATE-PC-9800X3D" duration="00:00:00.0002242" startTime="2026-03-09T15:59:28.3617772-05:00" endTime="2026-03-09T15:59:28.3617953-05:00" testType="13cdc9d9-ddb5-4fa4-a97d-d965ccfc6d4b" outcome="Passed" testListId="8c84fa94-04c1-424b-9868-57a2d4851a1d" relativeResultsDirectory="e3bc0010-9a9e-42a3-952f-d3cae24adfda" />
    <UnitTestResult executionId="ad05f305-e992-4158-87c1-26edf787bd9c" testId="2ffe35ed-0ccf-4333-45d1-f72e4fd564e7" testName="Motely.Tests.V0FilterRegressionTests.Filter_ParsesAndRuns(fileName: &quot;common-crazy-joker.jaml&quot;, jaml: &quot;name: Crazy Joker Straight\nauthor: jammy\ndescrip&quot;···)" computerName="NATE-PC-9800X3D" duration="00:00:00.0003680" startTime="2026-03-09T15:59:28.3857969-05:00" endTime="2026-03-09T15:59:28.3858232-05:00" testType="13cdc9d9-ddb5-4fa4-a97d-d965ccfc6d4b" outcome="Passed" testListId="8c84fa94-04c1-424b-9868-57a2d4851a1d" relativeResultsDirectory="ad05f305-e992-4158-87c1-26edf787bd9c" />
    <UnitTestResult executionId="a4c82dd1-b401-4cb3-b446-02093f667e79" testId="0f8f8a7a-7152-c9ed-3f76-153add9adc10" testName="Motely.Tests.V0FilterRegressionTests.Filter_ParsesAndRuns(fileName: &quot;tag-small-blind.jaml&quot;, jaml: &quot;name: Small Blind Tag Example\nauthor: jammy\ndesc&quot;···)" computerName="NATE-PC-9800X3D" duration="00:00:00.0118158" startTime="2026-03-09T15:59:28.2919854-05:00" endTime="2026-03-09T15:59:28.2920147-05:00" testType="13cdc9d9-ddb5-4fa4-a97d-d965ccfc6d4b" outcome="Passed" testListId="8c84fa94-04c1-424b-9868-57a2d4851a1d" relativeResultsDirectory="a4c82dd1-b401-4cb3-b446-02093f667e79" />
    <UnitTestResult executionId="78d7c171-14ea-4bb2-80cd-034baa735982" testId="0acb82ef-28a9-fa11-f060-d75d7d12f50d" testName="Motely.Tests.V0FilterRegressionTests.Filter_ParsesAndRuns(fileName: &quot;common-wily-joker.jaml&quot;, jaml: &quot;name: Wily Joker Three of a Kind\nauthor: jammy\nd&quot;···)" computerName="NATE-PC-9800X3D" duration="00:00:00.0002413" startTime="2026-03-09T15:59:28.3413066-05:00" endTime="2026-03-09T15:59:28.3413546-05:00" testType="13cdc9d9-ddb5-4fa4-a97d-d965ccfc6d4b" outcome="Passed" testListId="8c84fa94-04c1-424b-9868-57a2d4851a1d" relativeResultsDirectory="78d7c171-14ea-4bb2-80cd-034baa735982" />
    <UnitTestResult executionId="cb64de4e-3c9c-40bd-a474-307a15caf8a9" testId="e836a4dd-eb38-c81e-bcf9-fad4b6bd16cc" testName="Motely.Tests.V0FilterRegressionTests.Filter_ParsesAndRuns(fileName: &quot;rare-brainstorm.jaml&quot;, jaml: &quot;name: Brainstorm Copy Engine\nauthor: jammy\ndescr&quot;···)" computerName="NATE-PC-9800X3D" duration="00:00:00.0001952" startTime="2026-03-09T15:59:28.4112090-05:00" endTime="2026-03-09T15:59:28.4113915-05:00" testType="13cdc9d9-ddb5-4fa4-a97d-d965ccfc6d4b" outcome="Passed" testListId="8c84fa94-04c1-424b-9868-57a2d4851a1d" relativeResultsDirectory="cb64de4e-3c9c-40bd-a474-307a15caf8a9" />
    <UnitTestResult executionId="e602f4f9-24d2-4aec-9608-880e09be7cd3" testId="175d3384-d8de-994a-9646-39904c558a94" testName="Motely.Tests.V0FilterRegressionTests.Filter_ParsesAndRuns(fileName: &quot;spectral-ectoplasm.jaml&quot;, jaml: &quot;name: Ectoplasm Negative Joker\nauthor: jammy\ndes&quot;···)" computerName="NATE-PC-9800X3D" duration="00:00:00.0001989" startTime="2026-03-09T15:59:28.2924258-05:00" endTime="2026-03-09T15:59:28.2924402-05:00" testType="13cdc9d9-ddb5-4fa4-a97d-d965ccfc6d4b" outcome="Passed" testListId="8c84fa94-04c1-424b-9868-57a2d4851a1d" relativeResultsDirectory="e602f4f9-24d2-4aec-9608-880e09be7cd3" />
    <UnitTestResult executionId="10bdca01-2cbf-4077-bdcb-d666f3e8fc06" testId="d21e0433-87da-7d9b-9280-c9cb2e0b7aed" testName="Motely.Tests.V0FilterRegressionTests.Filter_ParsesAndRuns(fileName: &quot;rare-drivers-license.jaml&quot;, jaml: &quot;name: Driver's License Enhanced\nauthor: jammy\nde&quot;···)" computerName="NATE-PC-9800X3D" duration="00:00:00.0001680" startTime="2026-03-09T15:59:28.3850764-05:00" endTime="2026-03-09T15:59:28.3852619-05:00" testType="13cdc9d9-ddb5-4fa4-a97d-d965ccfc6d4b" outcome="Failed" testListId="8c84fa94-04c1-424b-9868-57a2d4851a1d" relativeResultsDirectory="10bdca01-2cbf-4077-bdcb-d666f3e8fc06">
      <Output>
        <ErrorInfo>
          <Message>[rare-drivers-license.jaml] JAML parse failed: Requested value 'DriversLicense' was not found.</Message>
          <StackTrace>   at Motely.Tests.V0FilterRegressionTests.Filter_ParsesAndRuns(String fileName, String jaml) in X:\JammySeedFinder\src\MotelyJAML\Motely.Tests\V0FilterRegressionTests.cs:line 33&#xD;
   at InvokeStub_V0FilterRegressionTests.Filter_ParsesAndRuns(Object, Span`1)&#xD;
   at System.Reflection.MethodBaseInvoker.InvokeWithFewArgs(Object obj, BindingFlags invokeAttr, Binder binder, Object[] parameters, CultureInfo culture)</StackTrace>
        </ErrorInfo>
      </Output>
    </UnitTestResult>
    <UnitTestResult executionId="14759184-5325-4eb2-8e80-06ea2cc2b174" testId="e493d0f7-4946-9946-cd9a-d00d09158762" testName="Motely.Tests.V0FilterRegressionTests.Filter_ParsesAndRuns(fileName: &quot;legendary-triboulet.jaml&quot;, jaml: &quot;name: Triboulet King Queen\nauthor: jammy\ndescrip&quot;···)" computerName="NATE-PC-9800X3D" duration="00:00:00.0082577" startTime="2026-03-09T15:59:28.3451177-05:00" endTime="2026-03-09T15:59:28.3533973-05:00" testType="13cdc9d9-ddb5-4fa4-a97d-d965ccfc6d4b" outcome="Passed" testListId="8c84fa94-04c1-424b-9868-57a2d4851a1d" relativeResultsDirectory="14759184-5325-4eb2-8e80-06ea2cc2b174" />
    <UnitTestResult executionId="25297892-f66f-4cb7-a776-ae6bf27aa299" testId="c81fde48-ffe0-a591-50de-2ab1174ea36c" testName="Motely.Tests.V0FilterRegressionTests.Filter_ParsesAndRuns(fileName: &quot;tarot-temperance.jaml&quot;, jaml: &quot;name: Temperance Sell Value\nauthor: jammy\ndescri&quot;···)" computerName="NATE-PC-9800X3D" duration="00:00:00.0002300" startTime="2026-03-09T15:59:28.3618229-05:00" endTime="2026-03-09T15:59:28.3619200-05:00" testType="13cdc9d9-ddb5-4fa4-a97d-d965ccfc6d4b" outcome="Passed" testListId="8c84fa94-04c1-424b-9868-57a2d4851a1d" relativeResultsDirectory="25297892-f66f-4cb7-a776-ae6bf27aa299" />
    <UnitTestResult executionId="70b164b0-09f4-4e52-be6d-45e9ca7c43e1" testId="b320d59b-b947-5110-4d4f-36dbdcb8e0ab" testName="Motely.Tests.V0FilterRegressionTests.Filter_ParsesAndRuns(fileName: &quot;tag-voucher.jaml&quot;, jaml: &quot;name: Voucher Tag Free Voucher\nauthor: jammy\ndes&quot;···)" computerName="NATE-PC-9800X3D" duration="00:00:00.0101105" startTime="2026-03-09T15:59:28.4397973-05:00" endTime="2026-03-09T15:59:28.4498755-05:00" testType="13cdc9d9-ddb5-4fa4-a97d-d965ccfc6d4b" outcome="Passed" testListId="8c84fa94-04c1-424b-9868-57a2d4851a1d" relativeResultsDirectory="70b164b0-09f4-4e52-be6d-45e9ca7c43e1" />
    <UnitTestResult executionId="ac896c79-cb5e-4503-b354-fd2962b7231e" testId="e4a38f93-78fb-d2f6-31ec-7e67ada6fb80" testName="Motely.Tests.V0FilterRegressionTests.Filter_ParsesAndRuns(fileName: &quot;deck-blue.jaml&quot;, jaml: &quot;name: Blue Deck Banner Build\nauthor: jammy\ndescr&quot;···)" computerName="NATE-PC-9800X3D" duration="00:00:00.0001908" startTime="2026-03-09T15:59:28.4294969-05:00" endTime="2026-03-09T15:59:28.4295288-05:00" testType="13cdc9d9-ddb5-4fa4-a97d-d965ccfc6d4b" outcome="Passed" testListId="8c84fa94-04c1-424b-9868-57a2d4851a1d" relativeResultsDirectory="ac896c79-cb5e-4503-b354-fd2962b7231e" />
    <UnitTestResult executionId="60109ddf-aeaa-4570-9c37-0b0f3c65a205" testId="8998c765-72c8-bfd3-7d63-4bc0ffa1ffe7" testName="Motely.Tests.V0FilterRegressionTests.Filter_ParsesAndRuns(fileName: &quot;common-hiker.jaml&quot;, jaml: &quot;name: Hiker Permanent Chips\nauthor: jammy\ndescri&quot;···)" computerName="NATE-PC-9800X3D" duration="00:00:00.0001907" startTime="2026-03-09T15:59:28.4051476-05:00" endTime="2026-03-09T15:59:28.4053441-05:00" testType="13cdc9d9-ddb5-4fa4-a97d-d965ccfc6d4b" outcome="Passed" testListId="8c84fa94-04c1-424b-9868-57a2d4851a1d" relativeResultsDirectory="60109ddf-aeaa-4570-9c37-0b0f3c65a205" />
    <UnitTestResult executionId="a9d9654f-9a45-4558-8203-c12c7464b03f" testId="ec9291b2-f0e9-c932-ef37-5ba61ff02779" testName="Motely.Tests.V0FilterRegressionTests.Filter_ParsesAndRuns(fileName: &quot;rare-astronomer.jaml&quot;, jaml: &quot;name: Astronomer Planet Engine\nauthor: jammy\ndes&quot;···)" computerName="NATE-PC-9800X3D" duration="00:00:00.0002103" startTime="2026-03-09T15:59:28.4591035-05:00" endTime="2026-03-09T15:59:28.4593055-05:00" testType="13cdc9d9-ddb5-4fa4-a97d-d965ccfc6d4b" outcome="Passed" testListId="8c84fa94-04c1-424b-9868-57a2d4851a1d" relativeResultsDirectory="a9d9654f-9a45-4558-8203-c12c7464b03f" />
    <UnitTestResult executionId="7b85d600-c95a-4c8f-9702-d44da4d4bd9a" testId="b4ac48e5-8fdb-ed0b-1cf8-bb9d580c8829" testName="Motely.Tests.V0FilterRegressionTests.Filter_ParsesAndRuns(fileName: &quot;deck-magic.jaml&quot;, jaml: &quot;name: Magic Deck Death Clone\nauthor: jammy\ndescr&quot;···)" computerName="NATE-PC-9800X3D" duration="00:00:00.0003133" startTime="2026-03-09T15:59:28.3042995-05:00" endTime="2026-03-09T15:59:28.3043142-05:00" testType="13cdc9d9-ddb5-4fa4-a97d-d965ccfc6d4b" outcome="Passed" testListId="8c84fa94-04c1-424b-9868-57a2d4851a1d" relativeResultsDirectory="7b85d600-c95a-4c8f-9702-d44da4d4bd9a" />
    <UnitTestResult executionId="203c44f7-2495-41fe-8391-4b2296e994a3" testId="6e6278ac-ea61-d41b-c674-19d0827f5693" testName="Motely.Tests.V0FilterRegressionTests.Filter_ParsesAndRuns(fileName: &quot;legendary-chicot.jaml&quot;, jaml: &quot;name: Chicot Boss Disable\nauthor: jammy\ndescript&quot;···)" computerName="NATE-PC-9800X3D" duration="00:00:00.0036558" startTime="2026-03-09T15:59:28.3727083-05:00" endTime="2026-03-09T15:59:28.3763465-05:00" testType="13cdc9d9-ddb5-4fa4-a97d-d965ccfc6d4b" outcome="Passed" testListId="8c84fa94-04c1-424b-9868-57a2d4851a1d" relativeResultsDirectory="203c44f7-2495-41fe-8391-4b2296e994a3" />
    <UnitTestResult executionId="0f0353a2-7994-4f23-8d53-6eb15c48cec8" testId="2140d793-fd71-14b7-eec0-a6107bff3792" testName="Motely.Tests.V0FilterRegressionTests.Filter_ParsesAndRuns(fileName: &quot;uncommon-mime.jaml&quot;, jaml: &quot;name: Mime Steel Baron\nauthor: jammy\ndescription&quot;···)" computerName="NATE-PC-9800X3D" duration="00:00:00.0534025" startTime="2026-03-09T15:59:28.1886664-05:00" endTime="2026-03-09T15:59:28.2458844-05:00" testType="13cdc9d9-ddb5-4fa4-a97d-d965ccfc6d4b" outcome="Passed" testListId="8c84fa94-04c1-424b-9868-57a2d4851a1d" relativeResultsDirectory="0f0353a2-7994-4f23-8d53-6eb15c48cec8" />
    <UnitTestResult executionId="62e2c4aa-afd5-42e1-9f56-a81e821c31e1" testId="805de445-7b70-920f-45fa-5a8457e9ecf5" testName="Motely.Tests.V0FilterRegressionTests.Filter_ParsesAndRuns(fileName: &quot;spectral-talisman.jaml&quot;, jaml: &quot;name: Talisman Gold Seal\nauthor: jammy\ndescripti&quot;···)" computerName="NATE-PC-9800X3D" duration="00:00:00.0001834" startTime="2026-03-09T15:59:28.3042607-05:00" endTime="2026-03-09T15:59:28.3042757-05:00" testType="13cdc9d9-ddb5-4fa4-a97d-d965ccfc6d4b" outcome="Passed" testListId="8c84fa94-04c1-424b-9868-57a2d4851a1d" relativeResultsDirectory="62e2c4aa-afd5-42e1-9f56-a81e821c31e1" />
    <UnitTestResult executionId="34d8b7ee-9ebc-4dbc-837c-0cc66042f52c" testId="3ceeb418-3b20-3b0b-d517-ff2148665ff2" testName="Motely.Tests.V0FilterRegressionTests.Filter_ParsesAndRuns(fileName: &quot;uncommon-ride-the-bus.jaml&quot;, jaml: &quot;name: Ride the Bus Abandoned\nauthor: jammy\ndescr&quot;···)" computerName="NATE-PC-9800X3D" duration="00:00:00.0002603" startTime="2026-03-09T15:59:28.2923427-05:00" endTime="2026-03-09T15:59:28.2923588-05:00" testType="13cdc9d9-ddb5-4fa4-a97d-d965ccfc6d4b" outcome="Passed" testListId="8c84fa94-04c1-424b-9868-57a2d4851a1d" relativeResultsDirectory="34d8b7ee-9ebc-4dbc-837c-0cc66042f52c" />
    <UnitTestResult executionId="e182fc26-30ce-4524-b49f-5eed48203871" testId="7156df1b-8d0a-9736-874e-5715055df9a5" testName="Motely.Tests.V0FilterRegressionTests.Filter_ParsesAndRuns(fileName: &quot;tag-ethereal.jaml&quot;, jaml: &quot;name: Ethereal Tag Free Pack\nauthor: jammy\ndescr&quot;···)" computerName="NATE-PC-9800X3D" duration="00:00:00.0071380" startTime="2026-03-09T15:59:28.3924492-05:00" endTime="2026-03-09T15:59:28.3995725-05:00" testType="13cdc9d9-ddb5-4fa4-a97d-d965ccfc6d4b" outcome="Passed" testListId="8c84fa94-04c1-424b-9868-57a2d4851a1d" relativeResultsDirectory="e182fc26-30ce-4524-b49f-5eed48203871" />
    <UnitTestResult executionId="ad1324b5-423e-461c-9e99-3c68871f7df7" testId="899b8a0a-adc0-df34-1ff5-bccb7a47932c" testName="Motely.Tests.V0FilterRegressionTests.Filter_ParsesAndRuns(fileName: &quot;spectral-hex.jaml&quot;, jaml: &quot;name: Hex Polychrome Baron\nauthor: jammy\ndescrip&quot;···)" computerName="NATE-PC-9800X3D" duration="00:00:00.0004020" startTime="2026-03-09T15:59:28.3041812-05:00" endTime="2026-03-09T15:59:28.3041967-05:00" testType="13cdc9d9-ddb5-4fa4-a97d-d965ccfc6d4b" outcome="Passed" testListId="8c84fa94-04c1-424b-9868-57a2d4851a1d" relativeResultsDirectory="ad1324b5-423e-461c-9e99-3c68871f7df7" />
    <UnitTestResult executionId="16c2b771-4461-423d-80b5-6084b954e64c" testId="8e55345c-d458-71bb-dd47-73305db71ea2" testName="Motely.Tests.V0FilterRegressionTests.Filter_ParsesAndRuns(fileName: &quot;tarot-the-magician.jaml&quot;, jaml: &quot;name: The Magician Lucky Build\nauthor: jammy\ndes&quot;···)" computerName="NATE-PC-9800X3D" duration="00:00:00.0001725" startTime="2026-03-09T15:59:28.4760485-05:00" endTime="2026-03-09T15:59:28.4760670-05:00" testType="13cdc9d9-ddb5-4fa4-a97d-d965ccfc6d4b" outcome="Failed" testListId="8c84fa94-04c1-424b-9868-57a2d4851a1d" relativeResultsDirectory="16c2b771-4461-423d-80b5-6084b954e64c">
      <Output>
        <ErrorInfo>
          <Message>[tarot-the-magician.jaml] JAML parse failed: Requested value 'OopsAll6s' was not found.</Message>
          <StackTrace>   at Motely.Tests.V0FilterRegressionTests.Filter_ParsesAndRuns(String fileName, String jaml) in X:\JammySeedFinder\src\MotelyJAML\Motely.Tests\V0FilterRegressionTests.cs:line 33&#xD;
   at InvokeStub_V0FilterRegressionTests.Filter_ParsesAndRuns(Object, Span`1)&#xD;
   at System.Reflection.MethodBaseInvoker.InvokeWithFewArgs(Object obj, BindingFlags invokeAttr, Binder binder, Object[] parameters, CultureInfo culture)</StackTrace>
        </ErrorInfo>
      </Output>
    </UnitTestResult>
    <UnitTestResult executionId="243683a5-6c1b-45e7-bd0c-83e7920a004e" testId="7dca15c8-1ba6-8517-6753-e87b4aa43ab6" testName="Motely.Tests.V0FilterRegressionTests.Filter_ParsesAndRuns(fileName: &quot;common-crafty-joker.jaml&quot;, jaml: &quot;name: Crafty Joker Flush\nauthor: jammy\ndescripti&quot;···)" computerName="NATE-PC-9800X3D" duration="00:00:00.0001872" startTime="2026-03-09T15:59:28.3393823-05:00" endTime="2026-03-09T15:59:28.3395487-05:00" testType="13cdc9d9-ddb5-4fa4-a97d-d965ccfc6d4b" outcome="Passed" testListId="8c84fa94-04c1-424b-9868-57a2d4851a1d" relativeResultsDirectory="243683a5-6c1b-45e7-bd0c-83e7920a004e" />
    <UnitTestResult executionId="95172ad5-5862-468f-bf1d-16e682d18c0e" testId="e3c939f5-2f01-5ea8-71e9-5aae2cd69b95" testName="Motely.Tests.V0FilterRegressionTests.Filter_ParsesAndRuns(fileName: &quot;tarot-the-star.jaml&quot;, jaml: &quot;name: TheStar Diamond Flush\nauthor: jammy\ndescri&quot;···)" computerName="NATE-PC-9800X3D" duration="00:00:00.0001895" startTime="2026-03-09T15:59:28.4372800-05:00" endTime="2026-03-09T15:59:28.4374626-05:00" testType="13cdc9d9-ddb5-4fa4-a97d-d965ccfc6d4b" outcome="Passed" testListId="8c84fa94-04c1-424b-9868-57a2d4851a1d" relativeResultsDirectory="95172ad5-5862-468f-bf1d-16e682d18c0e" />
    <UnitTestResult executionId="8faa7aba-f5c9-4423-a087-6ca64a241b87" testId="c51aea34-13e0-6cd0-1d0a-7a49a5e4097b" testName="Motely.Tests.V0FilterRegressionTests.Filter_ParsesAndRuns(fileName: &quot;legendary-perkeo.jaml&quot;, jaml: &quot;name: Perkeo Consumable Engine\nauthor: jammy\ndes&quot;···)" computerName="NATE-PC-9800X3D" duration="00:00:00.0036891" startTime="2026-03-09T15:59:28.3999080-05:00" endTime="2026-03-09T15:59:28.4035632-05:00" testType="13cdc9d9-ddb5-4fa4-a97d-d965ccfc6d4b" outcome="Passed" testListId="8c84fa94-04c1-424b-9868-57a2d4851a1d" relativeResultsDirectory="8faa7aba-f5c9-4423-a087-6ca64a241b87" />
    <UnitTestResult executionId="9c93764f-83a7-4667-b24b-5bec05bf0e24" testId="1553b118-009e-1d35-cab5-311d6d4e22b5" testName="Motely.Tests.V0FilterRegressionTests.Filter_ParsesAndRuns(fileName: &quot;spectral-ouija.jaml&quot;, jaml: &quot;name: Ouija Rank Conversion\nauthor: jammy\ndescri&quot;···)" computerName="NATE-PC-9800X3D" duration="00:00:00.0002269" startTime="2026-03-09T15:59:28.3571010-05:00" endTime="2026-03-09T15:59:28.3573300-05:00" testType="13cdc9d9-ddb5-4fa4-a97d-d965ccfc6d4b" outcome="Passed" testListId="8c84fa94-04c1-424b-9868-57a2d4851a1d" relativeResultsDirectory="9c93764f-83a7-4667-b24b-5bec05bf0e24" />
    <UnitTestResult executionId="83ff98c9-88ff-495a-911d-4f9db779f494" testId="41e393cd-07a7-46f0-d4ef-4217598c6250" testName="Motely.Tests.V0FilterRegressionTests.Filter_ParsesAndRuns(fileName: &quot;tarot-the-chariot.jaml&quot;, jaml: &quot;name: TheChariot Steel Baron\nauthor: jammy\ndescr&quot;···)" computerName="NATE-PC-9800X3D" duration="00:00:00.0003780" startTime="2026-03-09T15:59:28.3399195-05:00" endTime="2026-03-09T15:59:28.3402365-05:00" testType="13cdc9d9-ddb5-4fa4-a97d-d965ccfc6d4b" outcome="Passed" testListId="8c84fa94-04c1-424b-9868-57a2d4851a1d" relativeResultsDirectory="83ff98c9-88ff-495a-911d-4f9db779f494" />
    <UnitTestResult executionId="faee8772-f743-4153-a53c-35ae68e1bc5e" testId="359de63c-c14f-6f75-f6ac-a6e9ad1386ca" testName="Motely.Tests.V0FilterRegressionTests.Filter_ParsesAndRuns(fileName: &quot;deck-red.jaml&quot;, jaml: &quot;name: Red Deck Early Economy\nauthor: jammy\ndescr&quot;···)" computerName="NATE-PC-9800X3D" duration="00:00:00.0002604" startTime="2026-03-09T15:59:28.3042216-05:00" endTime="2026-03-09T15:59:28.3042363-05:00" testType="13cdc9d9-ddb5-4fa4-a97d-d965ccfc6d4b" outcome="Passed" testListId="8c84fa94-04c1-424b-9868-57a2d4851a1d" relativeResultsDirectory="faee8772-f743-4153-a53c-35ae68e1bc5e" />
    <UnitTestResult executionId="c3a4f1db-06f1-43b3-bbfb-f29a8d12dbd2" testId="9e0fa217-076c-a34c-561d-bcf8127fa0a5" testName="Motely.Tests.V0FilterRegressionTests.Filter_ParsesAndRuns(fileName: &quot;uncommon-scholar.jaml&quot;, jaml: &quot;name: Scholar Ace Build\nauthor: jammy\ndescriptio&quot;···)" computerName="NATE-PC-9800X3D" duration="00:00:00.0002028" startTime="2026-03-09T15:59:28.4223542-05:00" endTime="2026-03-09T15:59:28.4225295-05:00" testType="13cdc9d9-ddb5-4fa4-a97d-d965ccfc6d4b" outcome="Passed" testListId="8c84fa94-04c1-424b-9868-57a2d4851a1d" relativeResultsDirectory="c3a4f1db-06f1-43b3-bbfb-f29a8d12dbd2" />
    <UnitTestResult executionId="e6666937-9807-4679-b201-c433e95195b3" testId="d646acdf-94de-f35b-da30-064091cc0996" testName="Motely.Tests.V0FilterRegressionTests.Filter_ParsesAndRuns(fileName: &quot;uncommon-dusk.jaml&quot;, jaml: &quot;name: Dusk Retrigger Final Hand\nauthor: jammy\nde&quot;···)" computerName="NATE-PC-9800X3D" duration="00:00:00.0002660" startTime="2026-03-09T15:59:28.4109617-05:00" endTime="2026-03-09T15:59:28.4111836-05:00" testType="13cdc9d9-ddb5-4fa4-a97d-d965ccfc6d4b" outcome="Passed" testListId="8c84fa94-04c1-424b-9868-57a2d4851a1d" relativeResultsDirectory="e6666937-9807-4679-b201-c433e95195b3" />
    <UnitTestResult executionId="4baf5603-5175-4d99-9370-5be5e8e4bff6" testId="f296fa53-2b9a-a789-12b9-97ae2bf3f4df" testName="Motely.Tests.V0FilterRegressionTests.Filter_ParsesAndRuns(fileName: &quot;deck-anaglyph.jaml&quot;, jaml: &quot;name: Anaglyph Deck Negative Tag\nauthor: jammy\nd&quot;···)" computerName="NATE-PC-9800X3D" duration="00:00:00.0001789" startTime="2026-03-09T15:59:28.4114151-05:00" endTime="2026-03-09T15:59:28.4115808-05:00" testType="13cdc9d9-ddb5-4fa4-a97d-d965ccfc6d4b" outcome="Passed" testListId="8c84fa94-04c1-424b-9868-57a2d4851a1d" relativeResultsDirectory="4baf5603-5175-4d99-9370-5be5e8e4bff6" />
    <UnitTestResult executionId="afa8a158-713d-4b81-8dd4-38d171747043" testId="24f7a90f-dd95-7850-6251-6d68bd5977a4" testName="Motely.Tests.V0FilterRegressionTests.Filter_ParsesAndRuns(fileName: &quot;common-runner.jaml&quot;, jaml: &quot;name: Runner Straight Chips\nauthor: jammy\ndescri&quot;···)" computerName="NATE-PC-9800X3D" duration="00:00:00.0003789" startTime="2026-03-09T15:59:28.3537703-05:00" endTime="2026-03-09T15:59:28.3537911-05:00" testType="13cdc9d9-ddb5-4fa4-a97d-d965ccfc6d4b" outcome="Passed" testListId="8c84fa94-04c1-424b-9868-57a2d4851a1d" relativeResultsDirectory="afa8a158-713d-4b81-8dd4-38d171747043" />
    <UnitTestResult executionId="3a3351d3-16c5-485e-bcf6-5bfe6613b2c8" testId="bc002815-0e5b-b9c6-00d6-d658aec34f22" testName="Motely.Tests.V0FilterRegressionTests.Filter_ParsesAndRuns(fileName: &quot;tag-double.jaml&quot;, jaml: &quot;name: Double Tag Copy\nauthor: jammy\ndescription:&quot;···)" computerName="NATE-PC-9800X3D" duration="00:00:00.0083058" startTime="2026-03-09T15:59:28.3302917-05:00" endTime="2026-03-09T15:59:28.3385784-05:00" testType="13cdc9d9-ddb5-4fa4-a97d-d965ccfc6d4b" outcome="Passed" testListId="8c84fa94-04c1-424b-9868-57a2d4851a1d" relativeResultsDirectory="3a3351d3-16c5-485e-bcf6-5bfe6613b2c8" />
    <UnitTestResult executionId="805e4a21-9f92-4c45-bbdd-2f4daa133bce" testId="038d5678-415d-55fb-2a16-f451bf7a94cd" testName="Motely.Tests.V0FilterRegressionTests.Filter_ParsesAndRuns(fileName: &quot;tag-buffoon.jaml&quot;, jaml: &quot;name: Buffoon Tag Free Pack\nauthor: jammy\ndescri&quot;···)" computerName="NATE-PC-9800X3D" duration="00:00:00.0025156" startTime="2026-03-09T15:59:28.4880513-05:00" endTime="2026-03-09T15:59:28.4905741-05:00" testType="13cdc9d9-ddb5-4fa4-a97d-d965ccfc6d4b" outcome="Passed" testListId="8c84fa94-04c1-424b-9868-57a2d4851a1d" relativeResultsDirectory="805e4a21-9f92-4c45-bbdd-2f4daa133bce" />
    <UnitTestResult executionId="51d8daf1-2b32-442f-9684-f161f6e94492" testId="a2319397-31db-954c-c22e-8d29990aae66" testName="Motely.Tests.V0FilterRegressionTests.Filter_ParsesAndRuns(fileName: &quot;spectral-ankh.jaml&quot;, jaml: &quot;name: Ankh Blueprint Duplicate\nauthor: jammy\ndes&quot;···)" computerName="NATE-PC-9800X3D" duration="00:00:00.0002036" startTime="2026-03-09T15:59:28.3677089-05:00" endTime="2026-03-09T15:59:28.3678538-05:00" testType="13cdc9d9-ddb5-4fa4-a97d-d965ccfc6d4b" outcome="Passed" testListId="8c84fa94-04c1-424b-9868-57a2d4851a1d" relativeResultsDirectory="51d8daf1-2b32-442f-9684-f161f6e94492" />
    <UnitTestResult executionId="d4500088-3a73-403c-8ff5-9c53461c01cd" testId="607747dd-3385-dad4-e922-9e90cc7e9ce5" testName="Motely.Tests.V0FilterRegressionTests.Filter_ParsesAndRuns(fileName: &quot;uncommon-supernova.jaml&quot;, jaml: &quot;name: Supernova Hand Level Mult\nauthor: jammy\nde&quot;···)" computerName="NATE-PC-9800X3D" duration="00:00:00.0002761" startTime="2026-03-09T15:59:28.4252090-05:00" endTime="2026-03-09T15:59:28.4254149-05:00" testType="13cdc9d9-ddb5-4fa4-a97d-d965ccfc6d4b" outcome="Passed" testListId="8c84fa94-04c1-424b-9868-57a2d4851a1d" relativeResultsDirectory="d4500088-3a73-403c-8ff5-9c53461c01cd" />
    <UnitTestResult executionId="ff17f4ee-3bfb-4062-a8f8-bc674f076f0c" testId="e989d32e-c58f-897f-32a9-b3163ad63334" testName="Motely.Tests.V0FilterRegressionTests.Filter_ParsesAndRuns(fileName: &quot;tag-big-blind.jaml&quot;, jaml: &quot;name: Big Blind Tag Example\nauthor: jammy\ndescri&quot;···)" computerName="NATE-PC-9800X3D" duration="00:00:00.0026532" startTime="2026-03-09T15:59:28.4791833-05:00" endTime="2026-03-09T15:59:28.4817952-05:00" testType="13cdc9d9-ddb5-4fa4-a97d-d965ccfc6d4b" outcome="Passed" testListId="8c84fa94-04c1-424b-9868-57a2d4851a1d" relativeResultsDirectory="ff17f4ee-3bfb-4062-a8f8-bc674f076f0c" />
    <UnitTestResult executionId="e28a9bca-ce0b-49dd-9f52-5aa63a4c68fe" testId="35e74627-6932-3360-977b-db1065c1a886" testName="Motely.Tests.V0FilterRegressionTests.Filter_ParsesAndRuns(fileName: &quot;boss-the-house.jaml&quot;, jaml: &quot;name: TheHouse Boss Blind\nauthor: jammy\ndescript&quot;···)" computerName="NATE-PC-9800X3D" duration="00:00:00.0020467" startTime="2026-03-09T15:59:28.3652875-05:00" endTime="2026-03-09T15:59:28.3673545-05:00" testType="13cdc9d9-ddb5-4fa4-a97d-d965ccfc6d4b" outcome="Passed" testListId="8c84fa94-04c1-424b-9868-57a2d4851a1d" relativeResultsDirectory="e28a9bca-ce0b-49dd-9f52-5aa63a4c68fe" />
    <UnitTestResult executionId="83226edf-7433-44b2-8f99-8438219cbe84" testId="0fa4d23a-6e24-4ecf-9dbf-8d31139a8d5a" testName="Motely.Tests.V0FilterRegressionTests.Filter_ParsesAndRuns(fileName: &quot;tarot-the-hanged-man.jaml&quot;, jaml: &quot;name: TheHangedMan Erosion\nauthor: jammy\ndescrip&quot;···)" computerName="NATE-PC-9800X3D" duration="00:00:00.0002456" startTime="2026-03-09T15:59:28.3684661-05:00" endTime="2026-03-09T15:59:28.3687220-05:00" testType="13cdc9d9-ddb5-4fa4-a97d-d965ccfc6d4b" outcome="Passed" testListId="8c84fa94-04c1-424b-9868-57a2d4851a1d" relativeResultsDirectory="83226edf-7433-44b2-8f99-8438219cbe84" />
    <UnitTestResult executionId="890f5eb0-be28-435b-aa34-9b896528e78e" testId="a8afee78-489e-8967-40e1-bc07efd6dc38" testName="Motely.Tests.V0FilterRegressionTests.Filter_ParsesAndRuns(fileName: &quot;deck-nebula.jaml&quot;, jaml: &quot;name: Nebula Deck Constellation\nauthor: jammy\nde&quot;···)" computerName="NATE-PC-9800X3D" duration="00:00:00.0001912" startTime="2026-03-09T15:59:28.4594063-05:00" endTime="2026-03-09T15:59:28.4594772-05:00" testType="13cdc9d9-ddb5-4fa4-a97d-d965ccfc6d4b" outcome="Passed" testListId="8c84fa94-04c1-424b-9868-57a2d4851a1d" relativeResultsDirectory="890f5eb0-be28-435b-aa34-9b896528e78e" />
    <UnitTestResult executionId="fa506cab-6ffe-471d-bd52-f0508b447a91" testId="bc24fb9b-b2d7-798e-7c23-d01e81f58832" testName="Motely.Tests.V0FilterRegressionTests.Filter_ParsesAndRuns(fileName: &quot;spectral-black-hole.jaml&quot;, jaml: &quot;name: BlackHole Hand Levels\nauthor: jammy\ndescri&quot;···)" computerName="NATE-PC-9800X3D" duration="00:00:00.0002201" startTime="2026-03-09T15:59:28.4287778-05:00" endTime="2026-03-09T15:59:28.4288182-05:00" testType="13cdc9d9-ddb5-4fa4-a97d-d965ccfc6d4b" outcome="Passed" testListId="8c84fa94-04c1-424b-9868-57a2d4851a1d" relativeResultsDirectory="fa506cab-6ffe-471d-bd52-f0508b447a91" />
    <UnitTestResult executionId="7f8a9fbc-8edf-42ce-b8a8-e9006fe85195" testId="f5647c0f-2b6f-ecdc-9258-6c4f415df2d0" testName="Motely.Tests.V0FilterRegressionTests.Filter_ParsesAndRuns(fileName: &quot;rare-hit-the-road.jaml&quot;, jaml: &quot;name: Hit the Road Jack Discard\nauthor: jammy\nde&quot;···)" computerName="NATE-PC-9800X3D" duration="00:00:00.0002658" startTime="2026-03-09T15:59:28.4043903-05:00" endTime="2026-03-09T15:59:28.4044117-05:00" testType="13cdc9d9-ddb5-4fa4-a97d-d965ccfc6d4b" outcome="Passed" testListId="8c84fa94-04c1-424b-9868-57a2d4851a1d" relativeResultsDirectory="7f8a9fbc-8edf-42ce-b8a8-e9006fe85195" />
    <UnitTestResult executionId="d95233c6-838e-4406-9472-132aa2a4ef5f" testId="a2cfebc4-fdba-1158-4812-765255a6a3c1" testName="Motely.Tests.V0FilterRegressionTests.Filter_ParsesAndRuns(fileName: &quot;tarot-the-moon.jaml&quot;, jaml: &quot;name: TheMoon Club Flush\nauthor: jammy\ndescripti&quot;···)" computerName="NATE-PC-9800X3D" duration="00:00:00.0002324" startTime="2026-03-09T15:59:28.4255643-05:00" endTime="2026-03-09T15:59:28.4256805-05:00" testType="13cdc9d9-ddb5-4fa4-a97d-d965ccfc6d4b" outcome="Passed" testListId="8c84fa94-04c1-424b-9868-57a2d4851a1d" relativeResultsDirectory="d95233c6-838e-4406-9472-132aa2a4ef5f" />
    <UnitTestResult executionId="88ef6be6-7a64-4b45-9608-90b1b0903916" testId="64e218fb-2036-2bff-f70a-1dc474f992fe" testName="Motely.Tests.V0FilterRegressionTests.Filter_ParsesAndRuns(fileName: &quot;tarot-wheel-of-fortune.jaml&quot;, jaml: &quot;name: Wheel of Fortune Edition\nauthor: jammy\ndes&quot;···)" computerName="NATE-PC-9800X3D" duration="00:00:00.0004767" startTime="2026-03-09T15:59:28.2958020-05:00" endTime="2026-03-09T15:59:28.3011714-05:00" testType="13cdc9d9-ddb5-4fa4-a97d-d965ccfc6d4b" outcome="Failed" testListId="8c84fa94-04c1-424b-9868-57a2d4851a1d" relativeResultsDirectory="88ef6be6-7a64-4b45-9608-90b1b0903916">
      <Output>
        <ErrorInfo>
          <Message>[tarot-wheel-of-fortune.jaml] JAML parse failed: Requested value 'OopsAll6s' was not found.</Message>
          <StackTrace>   at Motely.Tests.V0FilterRegressionTests.Filter_ParsesAndRuns(String fileName, String jaml) in X:\JammySeedFinder\src\MotelyJAML\Motely.Tests\V0FilterRegressionTests.cs:line 33&#xD;
   at InvokeStub_V0FilterRegressionTests.Filter_ParsesAndRuns(Object, Span`1)&#xD;
   at System.Reflection.MethodBaseInvoker.InvokeWithFewArgs(Object obj, BindingFlags invokeAttr, Binder binder, Object[] parameters, CultureInfo culture)</StackTrace>
        </ErrorInfo>
      </Output>
    </UnitTestResult>
    <UnitTestResult executionId="99127183-f0a6-44bc-a5a8-718903b10cf1" testId="9fe988c5-022e-20ad-4b5f-fedfa3a40d3c" testName="Motely.Tests.V0FilterRegressionTests.Filter_ParsesAndRuns(fileName: &quot;rare-hologram.jaml&quot;, jaml: &quot;name: Hologram Deck Thin\nauthor: jammy\ndescripti&quot;···)" computerName="NATE-PC-9800X3D" duration="00:00:00.0003408" startTime="2026-03-09T15:59:28.3687738-05:00" endTime="2026-03-09T15:59:28.3690829-05:00" testType="13cdc9d9-ddb5-4fa4-a97d-d965ccfc6d4b" outcome="Passed" testListId="8c84fa94-04c1-424b-9868-57a2d4851a1d" relativeResultsDirectory="99127183-f0a6-44bc-a5a8-718903b10cf1" />
    <UnitTestResult executionId="47a7b891-71b7-4878-9088-b52f6ee7a7c3" testId="f96a477e-69ac-15dc-c346-b046bfa851dd" testName="Motely.Tests.V0FilterRegressionTests.Filter_ParsesAndRuns(fileName: &quot;deck-yellow.jaml&quot;, jaml: &quot;name: Yellow Deck Interest Engine\nauthor: jammy\n&quot;···)" computerName="NATE-PC-9800X3D" duration="00:00:00.0002806" startTime="2026-03-09T15:59:28.3043374-05:00" endTime="2026-03-09T15:59:28.3043519-05:00" testType="13cdc9d9-ddb5-4fa4-a97d-d965ccfc6d4b" outcome="Passed" testListId="8c84fa94-04c1-424b-9868-57a2d4851a1d" relativeResultsDirectory="47a7b891-71b7-4878-9088-b52f6ee7a7c3" />
    <UnitTestResult executionId="784cb8b7-8207-4d9c-953e-88d8d5d4d608" testId="dd3f40eb-8c0c-b61d-7c59-5f4fd3dcbb40" testName="Motely.Tests.V0FilterRegressionTests.Filter_ParsesAndRuns(fileName: &quot;tarot-the-fool.jaml&quot;, jaml: &quot;name: TheFool Tarot Early\nauthor: jammy\ndescript&quot;···)" computerName="NATE-PC-9800X3D" duration="00:00:00.0002072" startTime="2026-03-09T15:59:28.4046038-05:00" endTime="2026-03-09T15:59:28.4047667-05:00" testType="13cdc9d9-ddb5-4fa4-a97d-d965ccfc6d4b" outcome="Passed" testListId="8c84fa94-04c1-424b-9868-57a2d4851a1d" relativeResultsDirectory="784cb8b7-8207-4d9c-953e-88d8d5d4d608" />
    <UnitTestResult executionId="5000cd8b-c297-4e7e-a076-5ce0f157f302" testId="b0621e70-7ae3-2b47-dfe3-3feac456df69" testName="Motely.Tests.V0FilterRegressionTests.Filter_ParsesAndRuns(fileName: &quot;common-ice-cream.jaml&quot;, jaml: &quot;name: Ice Cream First Hand Chips\nauthor: jammy\nd&quot;···)" computerName="NATE-PC-9800X3D" duration="00:00:00.0001764" startTime="2026-03-09T15:59:28.3896842-05:00" endTime="2026-03-09T15:59:28.3898441-05:00" testType="13cdc9d9-ddb5-4fa4-a97d-d965ccfc6d4b" outcome="Passed" testListId="8c84fa94-04c1-424b-9868-57a2d4851a1d" relativeResultsDirectory="5000cd8b-c297-4e7e-a076-5ce0f157f302" />
    <UnitTestResult executionId="e7958c96-3313-49ba-81c6-88d0d4cbd655" testId="f37dcc86-cca9-03b2-00c8-1bb05ba5e5e5" testName="Motely.Tests.V0FilterRegressionTests.Filter_ParsesAndRuns(fileName: &quot;tag-garbage.jaml&quot;, jaml: &quot;name: Garbage Tag Money\nauthor: jammy\ndescriptio&quot;···)" computerName="NATE-PC-9800X3D" duration="00:00:00.0028861" startTime="2026-03-09T15:59:28.2934511-05:00" endTime="2026-03-09T15:59:28.2957482-05:00" testType="13cdc9d9-ddb5-4fa4-a97d-d965ccfc6d4b" outcome="Passed" testListId="8c84fa94-04c1-424b-9868-57a2d4851a1d" relativeResultsDirectory="e7958c96-3313-49ba-81c6-88d0d4cbd655" />
    <UnitTestResult executionId="df7b0845-0ee7-4ce2-b409-f1d64ddcec04" testId="d0dc4375-5bc0-c002-4b30-37e687536b2d" testName="Motely.Tests.V0FilterRegressionTests.Filter_ParsesAndRuns(fileName: &quot;boss-amber-acorn.jaml&quot;, jaml: &quot;name: AmberAcorn Boss Blind\nauthor: jammy\ndescri&quot;···)" computerName="NATE-PC-9800X3D" duration="00:00:00.0019264" startTime="2026-03-09T15:59:28.4062527-05:00" endTime="2026-03-09T15:59:28.4078762-05:00" testType="13cdc9d9-ddb5-4fa4-a97d-d965ccfc6d4b" outcome="Passed" testListId="8c84fa94-04c1-424b-9868-57a2d4851a1d" relativeResultsDirectory="df7b0845-0ee7-4ce2-b409-f1d64ddcec04" />
    <UnitTestResult executionId="1ab2fbf4-81a4-411b-8dcd-241accf6bb4e" testId="181e9004-7083-d06a-978b-6031a5d1a3ea" testName="Motely.Tests.V0FilterRegressionTests.Filter_ParsesAndRuns(fileName: &quot;tarot-the-empress.jaml&quot;, jaml: &quot;name: TheEmpress Mult Enhancement\nauthor: jammy\n&quot;···)" computerName="NATE-PC-9800X3D" duration="00:00:00.0001749" startTime="2026-03-09T15:59:28.4050072-05:00" endTime="2026-03-09T15:59:28.4051207-05:00" testType="13cdc9d9-ddb5-4fa4-a97d-d965ccfc6d4b" outcome="Passed" testListId="8c84fa94-04c1-424b-9868-57a2d4851a1d" relativeResultsDirectory="1ab2fbf4-81a4-411b-8dcd-241accf6bb4e" />
    <UnitTestResult executionId="036fc490-3534-4215-92dc-9a8c2f16c98e" testId="99901418-4103-ee8b-1413-f46e061ac9a2" testName="Motely.Tests.V0FilterRegressionTests.Filter_ParsesAndRuns(fileName: &quot;tarot-justice.jaml&quot;, jaml: &quot;name: Justice Glass Build\nauthor: jammy\ndescript&quot;···)" computerName="NATE-PC-9800X3D" duration="00:00:00.0002129" startTime="2026-03-09T15:59:28.4294410-05:00" endTime="2026-03-09T15:59:28.4294609-05:00" testType="13cdc9d9-ddb5-4fa4-a97d-d965ccfc6d4b" outcome="Passed" testListId="8c84fa94-04c1-424b-9868-57a2d4851a1d" relativeResultsDirectory="036fc490-3534-4215-92dc-9a8c2f16c98e" />
    <UnitTestResult executionId="ace80703-6b36-4719-9af5-f208cab21a2e" testId="c15a19fe-eb91-a467-c720-8946bfbffe75" testName="Motely.Tests.V0FilterRegressionTests.Filter_ParsesAndRuns(fileName: &quot;standard-glass-ace.jaml&quot;, jaml: &quot;name: Glass Ace Early\nauthor: jammy\ndescription:&quot;···)" computerName="NATE-PC-9800X3D" duration="00:00:00.0002299" startTime="2026-03-09T15:59:28.3874390-05:00" endTime="2026-03-09T15:59:28.3874752-05:00" testType="13cdc9d9-ddb5-4fa4-a97d-d965ccfc6d4b" outcome="Passed" testListId="8c84fa94-04c1-424b-9868-57a2d4851a1d" relativeResultsDirectory="ace80703-6b36-4719-9af5-f208cab21a2e" />
    <UnitTestResult executionId="9394ad68-b802-499b-9ca9-df42b065112f" testId="d6dc5941-13eb-4a33-8515-bbd38cc49166" testName="Motely.Tests.V0FilterRegressionTests.Filter_ParsesAndRuns(fileName: &quot;uncommon-steel-joker.jaml&quot;, jaml: &quot;name: Steel Joker X Mult Scaling\nauthor: jammy\nd&quot;···)" computerName="NATE-PC-9800X3D" duration="00:00:00.0001929" startTime="2026-03-09T15:59:28.4299744-05:00" endTime="2026-03-09T15:59:28.4301749-05:00" testType="13cdc9d9-ddb5-4fa4-a97d-d965ccfc6d4b" outcome="Passed" testListId="8c84fa94-04c1-424b-9868-57a2d4851a1d" relativeResultsDirectory="9394ad68-b802-499b-9ca9-df42b065112f" />
    <UnitTestResult executionId="9f8c9c8e-7f1a-4bc5-bcb7-de66c5349751" testId="4d60650c-e94a-f9a2-4c8f-4e7e4ede7f4b" testName="Motely.Tests.V0FilterRegressionTests.Filter_ParsesAndRuns(fileName: &quot;rare-stuntman.jaml&quot;, jaml: &quot;name: Stuntman Straight Build\nauthor: jammy\ndesc&quot;···)" computerName="NATE-PC-9800X3D" duration="00:00:00.0034016" startTime="2026-03-09T15:59:28.2572041-05:00" endTime="2026-03-09T15:59:28.2605678-05:00" testType="13cdc9d9-ddb5-4fa4-a97d-d965ccfc6d4b" outcome="Passed" testListId="8c84fa94-04c1-424b-9868-57a2d4851a1d" relativeResultsDirectory="9f8c9c8e-7f1a-4bc5-bcb7-de66c5349751" />
    <UnitTestResult executionId="d57287b5-3391-4380-ab7a-7cdc811d78fc" testId="32bbbe85-1b38-5555-8a81-6c7d9c337bf8" testName="Motely.Tests.V0FilterRegressionTests.Filter_ParsesAndRuns(fileName: &quot;tarot-the-tower.jaml&quot;, jaml: &quot;name: TheTower Stone Joker\nauthor: jammy\ndescrip&quot;···)" computerName="NATE-PC-9800X3D" duration="00:00:00.0002685" startTime="2026-03-09T15:59:28.3041293-05:00" endTime="2026-03-09T15:59:28.3041505-05:00" testType="13cdc9d9-ddb5-4fa4-a97d-d965ccfc6d4b" outcome="Passed" testListId="8c84fa94-04c1-424b-9868-57a2d4851a1d" relativeResultsDirectory="d57287b5-3391-4380-ab7a-7cdc811d78fc" />
    <UnitTestResult executionId="76009b6b-f633-42a1-bf69-987568da3d33" testId="becf1525-e7b1-7b75-946f-88bc44dfea9d" testName="Motely.Tests.V0FilterRegressionTests.Filter_ParsesAndRuns(fileName: &quot;uncommon-mystic-summit.jaml&quot;, jaml: &quot;name: Mystic Summit Discard Mult\nauthor: jammy\nd&quot;···)" computerName="NATE-PC-9800X3D" duration="00:00:00.0001694" startTime="2026-03-09T15:59:28.3083559-05:00" endTime="2026-03-09T15:59:28.3085114-05:00" testType="13cdc9d9-ddb5-4fa4-a97d-d965ccfc6d4b" outcome="Passed" testListId="8c84fa94-04c1-424b-9868-57a2d4851a1d" relativeResultsDirectory="76009b6b-f633-42a1-bf69-987568da3d33" />
    <UnitTestResult executionId="ba8f0425-e337-401c-a595-1684011dac34" testId="786fb9ec-067a-d93c-dcb5-7892f58b0b10" testName="Motely.Tests.V0FilterRegressionTests.Filter_ParsesAndRuns(fileName: &quot;boss-the-eye.jaml&quot;, jaml: &quot;name: TheEye Boss Blind\nauthor: jammy\ndescriptio&quot;···)" computerName="NATE-PC-9800X3D" duration="00:00:00.0020822" startTime="2026-03-09T15:59:28.3625003-05:00" endTime="2026-03-09T15:59:28.3645508-05:00" testType="13cdc9d9-ddb5-4fa4-a97d-d965ccfc6d4b" outcome="Passed" testListId="8c84fa94-04c1-424b-9868-57a2d4851a1d" relativeResultsDirectory="ba8f0425-e337-401c-a595-1684011dac34" />
    <UnitTestResult executionId="149cae5e-aef2-408d-9b49-999951792511" testId="b186f74e-caf2-71fa-f31f-6b20e927ed54" testName="Motely.Tests.V0FilterRegressionTests.Filter_ParsesAndRuns(fileName: &quot;uncommon-odd-todd.jaml&quot;, jaml: &quot;name: Odd Todd Odd Cards\nauthor: jammy\ndescripti&quot;···)" computerName="NATE-PC-9800X3D" duration="00:00:00.0001759" startTime="2026-03-09T15:59:28.3681857-05:00" endTime="2026-03-09T15:59:28.3682540-05:00" testType="13cdc9d9-ddb5-4fa4-a97d-d965ccfc6d4b" outcome="Passed" testListId="8c84fa94-04c1-424b-9868-57a2d4851a1d" relativeResultsDirectory="149cae5e-aef2-408d-9b49-999951792511" />
    <UnitTestResult executionId="35a6ff19-ec29-4a92-920b-5215b7689b7d" testId="60dc766c-8133-bf73-0cce-8f6be8931638" testName="Motely.Tests.V0FilterRegressionTests.Filter_ParsesAndRuns(fileName: &quot;uncommon-banner.jaml&quot;, jaml: &quot;name: Banner Unused Discards\nauthor: jammy\ndescr&quot;···)" computerName="NATE-PC-9800X3D" duration="00:00:00.0002424" startTime="2026-03-09T15:59:28.4878336-05:00" endTime="2026-03-09T15:59:28.4880248-05:00" testType="13cdc9d9-ddb5-4fa4-a97d-d965ccfc6d4b" outcome="Passed" testListId="8c84fa94-04c1-424b-9868-57a2d4851a1d" relativeResultsDirectory="35a6ff19-ec29-4a92-920b-5215b7689b7d" />
    <UnitTestResult executionId="3b4ef15d-4b2f-46db-ad0a-57e447ab42aa" testId="f3ce4edb-7ebd-70f8-82e4-ab055c8ee8ce" testName="Motely.Tests.V0FilterRegressionTests.Filter_ParsesAndRuns(fileName: &quot;uncommon-marble-joker.jaml&quot;, jaml: &quot;name: Marble Joker Stone Build\nauthor: jammy\ndes&quot;···)" computerName="NATE-PC-9800X3D" duration="00:00:00.0001985" startTime="2026-03-09T15:59:28.3085360-05:00" endTime="2026-03-09T15:59:28.3087199-05:00" testType="13cdc9d9-ddb5-4fa4-a97d-d965ccfc6d4b" outcome="Passed" testListId="8c84fa94-04c1-424b-9868-57a2d4851a1d" relativeResultsDirectory="3b4ef15d-4b2f-46db-ad0a-57e447ab42aa" />
    <UnitTestResult executionId="27bb5ed0-c542-491e-83eb-79adbd1dea69" testId="2b6e32bf-bdd6-d5e2-6b3f-7634456fd0f3" testName="Motely.Tests.V0FilterRegressionTests.Filter_ParsesAndRuns(fileName: &quot;common-blue-joker.jaml&quot;, jaml: &quot;name: Blue Joker Deck Size\nauthor: jammy\ndescrip&quot;···)" computerName="NATE-PC-9800X3D" duration="00:00:00.0002039" startTime="2026-03-09T15:59:28.3681438-05:00" endTime="2026-03-09T15:59:28.3681594-05:00" testType="13cdc9d9-ddb5-4fa4-a97d-d965ccfc6d4b" outcome="Passed" testListId="8c84fa94-04c1-424b-9868-57a2d4851a1d" relativeResultsDirectory="27bb5ed0-c542-491e-83eb-79adbd1dea69" />
    <UnitTestResult executionId="53f56c2b-8acc-4f42-8b7b-f4502d47c917" testId="0a09fa1a-7afc-2ed0-45f9-904805b8c12b" testName="Motely.Tests.V0FilterRegressionTests.Filter_ParsesAndRuns(fileName: &quot;common-joker.jaml&quot;, jaml: &quot;name: Base Joker Early\nauthor: jammy\ndescription&quot;···)" computerName="NATE-PC-9800X3D" duration="00:00:00.0001915" startTime="2026-03-09T15:59:28.3538202-05:00" endTime="2026-03-09T15:59:28.3539750-05:00" testType="13cdc9d9-ddb5-4fa4-a97d-d965ccfc6d4b" outcome="Passed" testListId="8c84fa94-04c1-424b-9868-57a2d4851a1d" relativeResultsDirectory="53f56c2b-8acc-4f42-8b7b-f4502d47c917" />
    <UnitTestResult executionId="407c3524-575d-4b9c-a054-75af508ea670" testId="4ca17c18-3e3c-4624-ebbd-ac1a8d558330" testName="Motely.Tests.V0FilterRegressionTests.Filter_ParsesAndRuns(fileName: &quot;common-gluttonous-joker.jaml&quot;, jaml: &quot;name: Gluttonous Joker Clubs\nauthor: jammy\ndescr&quot;···)" computerName="NATE-PC-9800X3D" duration="00:00:00.0002632" startTime="2026-03-09T15:59:28.3568638-05:00" endTime="2026-03-09T15:59:28.3570745-05:00" testType="13cdc9d9-ddb5-4fa4-a97d-d965ccfc6d4b" outcome="Passed" testListId="8c84fa94-04c1-424b-9868-57a2d4851a1d" relativeResultsDirectory="407c3524-575d-4b9c-a054-75af508ea670" />
    <UnitTestResult executionId="79f6e651-a8df-496e-b359-52777a56ceba" testId="259d1ec9-5837-eb52-a385-cf6038825c6e" testName="Motely.Tests.V0FilterRegressionTests.Filter_ParsesAndRuns(fileName: &quot;rare-cavendish.jaml&quot;, jaml: &quot;name: Cavendish X3 Mult\nauthor: jammy\ndescriptio&quot;···)" computerName="NATE-PC-9800X3D" duration="00:00:00.0001794" startTime="2026-03-09T15:59:28.4054454-05:00" endTime="2026-03-09T15:59:28.4055268-05:00" testType="13cdc9d9-ddb5-4fa4-a97d-d965ccfc6d4b" outcome="Passed" testListId="8c84fa94-04c1-424b-9868-57a2d4851a1d" relativeResultsDirectory="79f6e651-a8df-496e-b359-52777a56ceba" />
    <UnitTestResult executionId="1035368d-fb68-4227-a940-7035efa9ea8b" testId="94e12b8e-3747-6349-0b93-ee8f809f952c" testName="Motely.Tests.V0FilterRegressionTests.Filter_ParsesAndRuns(fileName: &quot;tag-coupon.jaml&quot;, jaml: &quot;name: Coupon Tag Shop Discount\nauthor: jammy\ndes&quot;···)" computerName="NATE-PC-9800X3D" duration="00:00:00.0124439" startTime="2026-03-09T15:59:28.3178138-05:00" endTime="2026-03-09T15:59:28.3299309-05:00" testType="13cdc9d9-ddb5-4fa4-a97d-d965ccfc6d4b" outcome="Passed" testListId="8c84fa94-04c1-424b-9868-57a2d4851a1d" relativeResultsDirectory="1035368d-fb68-4227-a940-7035efa9ea8b" />
    <UnitTestResult executionId="2f595256-1917-49db-ac98-593af8ba836c" testId="42c57f4c-553a-5307-2dae-fe954d340ca6" testName="Motely.Tests.V0FilterRegressionTests.Filter_ParsesAndRuns(fileName: &quot;rare-shoot-the-moon.jaml&quot;, jaml: &quot;name: Shoot TheMoon Queens\nauthor: jammy\ndescrip&quot;···)" computerName="NATE-PC-9800X3D" duration="00:00:00.0002375" startTime="2026-03-09T15:59:28.3413943-05:00" endTime="2026-03-09T15:59:28.3416339-05:00" testType="13cdc9d9-ddb5-4fa4-a97d-d965ccfc6d4b" outcome="Passed" testListId="8c84fa94-04c1-424b-9868-57a2d4851a1d" relativeResultsDirectory="2f595256-1917-49db-ac98-593af8ba836c" />
    <UnitTestResult executionId="0c8738d0-926c-48e0-be98-d9863a5ab648" testId="cc3ea589-3bb1-526c-e7f3-8a765d6db752" testName="Motely.Tests.V0FilterRegressionTests.Filter_ParsesAndRuns(fileName: &quot;spectral-grim.jaml&quot;, jaml: &quot;name: Grim Ace Build\nauthor: jammy\ndescription: &quot;···)" computerName="NATE-PC-9800X3D" duration="00:00:00.0001885" startTime="2026-03-09T15:59:28.4763613-05:00" endTime="2026-03-09T15:59:28.4765350-05:00" testType="13cdc9d9-ddb5-4fa4-a97d-d965ccfc6d4b" outcome="Passed" testListId="8c84fa94-04c1-424b-9868-57a2d4851a1d" relativeResultsDirectory="0c8738d0-926c-48e0-be98-d9863a5ab648" />
    <UnitTestResult executionId="1e95e81c-d7ee-42b2-afa2-a988b6f8540f" testId="ca12b358-de75-db94-3cfc-6b6cb5df280d" testName="Motely.Tests.V0FilterRegressionTests.Filter_ParsesAndRuns(fileName: &quot;tag-economy.jaml&quot;, jaml: &quot;name: Economy Tag Money\nauthor: jammy\ndescriptio&quot;···)" computerName="NATE-PC-9800X3D" duration="00:00:00.0025962" startTime="2026-03-09T15:59:28.4257302-05:00" endTime="2026-03-09T15:59:28.4282943-05:00" testType="13cdc9d9-ddb5-4fa4-a97d-d965ccfc6d4b" outcome="Passed" testListId="8c84fa94-04c1-424b-9868-57a2d4851a1d" relativeResultsDirectory="1e95e81c-d7ee-42b2-afa2-a988b6f8540f" />
    <UnitTestResult executionId="4efc3a72-d2ba-4f51-8012-e21d037d7ea2" testId="b02f3e5b-a01e-3ad0-9a80-f3aa1fa27934" testName="Motely.Tests.V0FilterRegressionTests.Filter_ParsesAndRuns(fileName: &quot;uncommon-raised-fist.jaml&quot;, jaml: &quot;name: Raised Fist Temporary Mult\nauthor: jammy\nd&quot;···)" computerName="NATE-PC-9800X3D" duration="00:00:00.0001762" startTime="2026-03-09T15:59:28.4302279-05:00" endTime="2026-03-09T15:59:28.4303578-05:00" testType="13cdc9d9-ddb5-4fa4-a97d-d965ccfc6d4b" outcome="Passed" testListId="8c84fa94-04c1-424b-9868-57a2d4851a1d" relativeResultsDirectory="4efc3a72-d2ba-4f51-8012-e21d037d7ea2" />
    <UnitTestResult executionId="caed6e98-a3f6-4b36-b19a-dd6287f26005" testId="9942beec-8eba-178e-e4ce-08343b015914" testName="Motely.Tests.V0FilterRegressionTests.Filter_ParsesAndRuns(fileName: &quot;common-half-joker.jaml&quot;, jaml: &quot;name: Half Joker Small Hand\nauthor: jammy\ndescri&quot;···)" computerName="NATE-PC-9800X3D" duration="00:00:00.0001938" startTime="2026-03-09T15:59:28.4761902-05:00" endTime="2026-03-09T15:59:28.4762051-05:00" testType="13cdc9d9-ddb5-4fa4-a97d-d965ccfc6d4b" outcome="Passed" testListId="8c84fa94-04c1-424b-9868-57a2d4851a1d" relativeResultsDirectory="caed6e98-a3f6-4b36-b19a-dd6287f26005" />
    <UnitTestResult executionId="0329a452-128e-4f8b-9530-6963a1a72ec9" testId="0371b9bf-3adf-6154-41eb-7d521a0ce69d" testName="Motely.Tests.V0FilterRegressionTests.Filter_ParsesAndRuns(fileName: &quot;common-greedy-joker.jaml&quot;, jaml: &quot;name: Greedy Joker Diamonds\nauthor: jammy\ndescri&quot;···)" computerName="NATE-PC-9800X3D" duration="00:00:00.0002616" startTime="2026-03-09T15:59:28.3996268-05:00" endTime="2026-03-09T15:59:28.3998549-05:00" testType="13cdc9d9-ddb5-4fa4-a97d-d965ccfc6d4b" outcome="Passed" testListId="8c84fa94-04c1-424b-9868-57a2d4851a1d" relativeResultsDirectory="0329a452-128e-4f8b-9530-6963a1a72ec9" />
[...]
    <TestEntry testId="d6dc5941-13eb-4a33-8515-bbd38cc49166" executionId="9394ad68-b802-499b-9ca9-df42b065112f" testListId="8c84fa94-04c1-424b-9868-57a2d4851a1d" />
    <TestEntry testId="4d60650c-e94a-f9a2-4c8f-4e7e4ede7f4b" executionId="9f8c9c8e-7f1a-4bc5-bcb7-de66c5349751" testListId="8c84fa94-04c1-424b-9868-57a2d4851a1d" />
    <TestEntry testId="32bbbe85-1b38-5555-8a81-6c7d9c337bf8" executionId="d57287b5-3391-4380-ab7a-7cdc811d78fc" testListId="8c84fa94-04c1-424b-9868-57a2d4851a1d" />
    <TestEntry testId="becf1525-e7b1-7b75-946f-88bc44dfea9d" executionId="76009b6b-f633-42a1-bf69-987568da3d33" testListId="8c84fa94-04c1-424b-9868-57a2d4851a1d" />
    <TestEntry testId="786fb9ec-067a-d93c-dcb5-7892f58b0b10" executionId="ba8f0425-e337-401c-a595-1684011dac34" testListId="8c84fa94-04c1-424b-9868-57a2d4851a1d" />
    <TestEntry testId="b186f74e-caf2-71fa-f31f-6b20e927ed54" executionId="149cae5e-aef2-408d-9b49-999951792511" testListId="8c84fa94-04c1-424b-9868-57a2d4851a1d" />
    <TestEntry testId="60dc766c-8133-bf73-0cce-8f6be8931638" executionId="35a6ff19-ec29-4a92-920b-5215b7689b7d" testListId="8c84fa94-04c1-424b-9868-57a2d4851a1d" />
    <TestEntry testId="f3ce4edb-7ebd-70f8-82e4-ab055c8ee8ce" executionId="3b4ef15d-4b2f-46db-ad0a-57e447ab42aa" testListId="8c84fa94-04c1-424b-9868-57a2d4851a1d" />
    <TestEntry testId="2b6e32bf-bdd6-d5e2-6b3f-7634456fd0f3" executionId="27bb5ed0-c542-491e-83eb-79adbd1dea69" testListId="8c84fa94-04c1-424b-9868-57a2d4851a1d" />
    <TestEntry testId="0a09fa1a-7afc-2ed0-45f9-904805b8c12b" executionId="53f56c2b-8acc-4f42-8b7b-f4502d47c917" testListId="8c84fa94-04c1-424b-9868-57a2d4851a1d" />
    <TestEntry testId="4ca17c18-3e3c-4624-ebbd-ac1a8d558330" executionId="407c3524-575d-4b9c-a054-75af508ea670" testListId="8c84fa94-04c1-424b-9868-57a2d4851a1d" />
    <TestEntry testId="259d1ec9-5837-eb52-a385-cf6038825c6e" executionId="79f6e651-a8df-496e-b359-52777a56ceba" testListId="8c84fa94-04c1-424b-9868-57a2d4851a1d" />
    <TestEntry testId="94e12b8e-3747-6349-0b93-ee8f809f952c" executionId="1035368d-fb68-4227-a940-7035efa9ea8b" testListId="8c84fa94-04c1-424b-9868-57a2d4851a1d" />
    <TestEntry testId="42c57f4c-553a-5307-2dae-fe954d340ca6" executionId="2f595256-1917-49db-ac98-593af8ba836c" testListId="8c84fa94-04c1-424b-9868-57a2d4851a1d" />
    <TestEntry testId="cc3ea589-3bb1-526c-e7f3-8a765d6db752" executionId="0c8738d0-926c-48e0-be98-d9863a5ab648" testListId="8c84fa94-04c1-424b-9868-57a2d4851a1d" />
    <TestEntry testId="ca12b358-de75-db94-3cfc-6b6cb5df280d" executionId="1e95e81c-d7ee-42b2-afa2-a988b6f8540f" testListId="8c84fa94-04c1-424b-9868-57a2d4851a1d" />
    <TestEntry testId="b02f3e5b-a01e-3ad0-9a80-f3aa1fa27934" executionId="4efc3a72-d2ba-4f51-8012-e21d037d7ea2" testListId="8c84fa94-04c1-424b-9868-57a2d4851a1d" />
    <TestEntry testId="9942beec-8eba-178e-e4ce-08343b015914" executionId="caed6e98-a3f6-4b36-b19a-dd6287f26005" testListId="8c84fa94-04c1-424b-9868-57a2d4851a1d" />
    <TestEntry testId="0371b9bf-3adf-6154-41eb-7d521a0ce69d" executionId="0329a452-128e-4f8b-9530-6963a1a72ec9" testListId="8c84fa94-04c1-424b-9868-57a2d4851a1d" />
    <TestEntry testId="332d3251-262d-cad9-4ed0-d1ab529b32d9" executionId="3621044d-4b17-4f76-8d0a-0670d62b3e67" testListId="8c84fa94-04c1-424b-9868-57a2d4851a1d" />
    <TestEntry testId="81081ac4-15ab-15f5-5c91-637070b18ff1" executionId="d9235204-17b9-42c1-b360-31c00f4178b9" testListId="8c84fa94-04c1-424b-9868-57a2d4851a1d" />
    <TestEntry testId="a7265754-c3fa-f661-8575-4adf5e732124" executionId="f945c891-c903-4f3e-a9db-2fab77bdc2ad" testListId="8c84fa94-04c1-424b-9868-57a2d4851a1d" />
    <TestEntry testId="1b9010d6-ae7b-a880-7e54-c829a2fa526f" executionId="ee6928c5-88bc-4fbc-b366-5fd6a9aff719" testListId="8c84fa94-04c1-424b-9868-57a2d4851a1d" />
    <TestEntry testId="657b48a2-9133-3635-d470-719dd604151e" executionId="d11bb1b1-50d6-481c-b02f-426ffed8e92d" testListId="8c84fa94-04c1-424b-9868-57a2d4851a1d" />
    <TestEntry testId="6e2fe41d-79f6-355a-db2b-3e705c7e3c3d" executionId="15baaede-2665-4b0e-a139-221617fc5999" testListId="8c84fa94-04c1-424b-9868-57a2d4851a1d" />
    <TestEntry testId="b971a787-838d-ac8c-7a79-c8d1de2fa15e" executionId="f2912d1f-712c-49cf-9bfb-52652d45e892" testListId="8c84fa94-04c1-424b-9868-57a2d4851a1d" />
    <TestEntry testId="80a78d34-35cf-eeba-3083-b0bc3411a318" executionId="7fdaf4e1-055d-4450-b245-16ee9611e82b" testListId="8c84fa94-04c1-424b-9868-57a2d4851a1d" />
    <TestEntry testId="e6c074c8-a16b-6273-20aa-bd4a667a3b74" executionId="86249495-f8fe-4965-bbb5-524a7196aa7e" testListId="8c84fa94-04c1-424b-9868-57a2d4851a1d" />
    <TestEntry testId="939a0ebe-461d-f4a0-0058-d1f077b7f809" executionId="506ed60f-9841-4974-a1e5-e3aeb8c3840c" testListId="8c84fa94-04c1-424b-9868-57a2d4851a1d" />
    <TestEntry testId="75a26fb4-736b-81a1-8722-b2faf28466c5" executionId="5fe04d5a-079a-4044-87e0-27e2df601f23" testListId="8c84fa94-04c1-424b-9868-57a2d4851a1d" />
    <TestEntry testId="2d612b0d-7d88-bda1-5414-35e4aef65176" executionId="e0a9086d-7581-4a58-8fad-1041c57c400b" testListId="8c84fa94-04c1-424b-9868-57a2d4851a1d" />
    <TestEntry testId="31f68de1-c07b-48c1-d212-eccfce02dccc" executionId="f922285a-7aab-4fa3-805e-fa073d7f6f61" testListId="8c84fa94-04c1-424b-9868-57a2d4851a1d" />
    <TestEntry testId="dc5fffa7-790f-c071-ba81-994e42e35b57" executionId="3f235720-a550-471a-a2b0-de98e0a5afa4" testListId="8c84fa94-04c1-424b-9868-57a2d4851a1d" />
    <TestEntry testId="2b7287e5-1a56-c56f-5bf8-02d07dbf4795" executionId="b0fb01e8-c300-4b46-abd1-d0b58bc28cd1" testListId="8c84fa94-04c1-424b-9868-57a2d4851a1d" />
    <TestEntry testId="c39dd61f-8a94-9d77-c8b3-00b5eb2416c7" executionId="6bafa821-1749-4cef-af58-36ae433fdf3e" testListId="8c84fa94-04c1-424b-9868-57a2d4851a1d" />
    <TestEntry testId="181f42d7-3cd1-b13c-e9c9-71e3406f0687" executionId="b26468de-840d-48b6-87d9-4014d0ceebab" testListId="8c84fa94-04c1-424b-9868-57a2d4851a1d" />
    <TestEntry testId="41aa9c56-80fa-f730-8155-a79611fa9564" executionId="91059cfd-30e7-46aa-ba0f-45daa994a5d3" testListId="8c84fa94-04c1-424b-9868-57a2d4851a1d" />
    <TestEntry testId="a4549512-8ebe-50c8-6fe9-7834070eb3d8" executionId="5c15fb86-44bc-43c8-bd67-f430744b49e9" testListId="8c84fa94-04c1-424b-9868-57a2d4851a1d" />
    <TestEntry testId="86c86d67-a039-3b37-7756-dbe321040e0b" executionId="179950f5-eb8e-41c1-8b97-08443f52e845" testListId="8c84fa94-04c1-424b-9868-57a2d4851a1d" />
    <TestEntry testId="2734b5c7-fa59-3ab2-5f78-eb7013f262a6" executionId="cb9cee63-d1e0-4cd1-85d0-32503a815f22" testListId="8c84fa94-04c1-424b-9868-57a2d4851a1d" />
    <TestEntry testId="af7aa454-5af6-8301-213b-5dd60acbcaaf" executionId="c5a5e9cb-7050-4108-ae19-545fe4de98b5" testListId="8c84fa94-04c1-424b-9868-57a2d4851a1d" />
    <TestEntry testId="0082a88a-6cbf-fc73-223f-efab1322c8f6" executionId="c0dfc877-7473-48a3-aff8-3582a4b513a9" testListId="8c84fa94-04c1-424b-9868-57a2d4851a1d" />
    <TestEntry testId="409a00e0-26f3-a9b3-efe5-0f11f18574c5" executionId="0a34e00f-c918-4a75-bfe2-fc4a05d20e95" testListId="8c84fa94-04c1-424b-9868-57a2d4851a1d" />
    <TestEntry testId="82d03e11-67cc-4808-4c75-2f3efaad7faa" executionId="31aa8e69-191d-413f-8f93-36abbc8ab279" testListId="8c84fa94-04c1-424b-9868-57a2d4851a1d" />
    <TestEntry testId="7cf3b9a6-c7ae-6591-760e-cb8ef193170a" executionId="e997fac2-b6ea-407b-bfa1-a5d798bfac82" testListId="8c84fa94-04c1-424b-9868-57a2d4851a1d" />
    <TestEntry testId="7ca14665-a9dd-db54-cc83-6bbec7850969" executionId="9987bfa9-c199-4695-b641-d873c90eb2dd" testListId="8c84fa94-04c1-424b-9868-57a2d4851a1d" />
    <TestEntry testId="bc5994dc-e88e-df68-962f-71a743d8a6d5" executionId="46ddb2f0-71e0-4a56-8164-0b902ff7aa5e" testListId="8c84fa94-04c1-424b-9868-57a2d4851a1d" />
    <TestEntry testId="3727581f-d283-f766-09a8-2023fd7cd890" executionId="809ff644-b3d9-4ce7-a458-0e6fc443302c" testListId="8c84fa94-04c1-424b-9868-57a2d4851a1d" />
    <TestEntry testId="664e1514-82b1-08fd-98d5-58af408cad39" executionId="f51d9077-65e2-47be-9ad7-cfb53c0dc4b5" testListId="8c84fa94-04c1-424b-9868-57a2d4851a1d" />
    <TestEntry testId="6392f9b5-e5a7-d067-7356-d65ba0a43d65" executionId="955c687f-eb21-4184-b94f-deb8f3be2260" testListId="8c84fa94-04c1-424b-9868-57a2d4851a1d" />
    <TestEntry testId="9d3b0b34-dc72-c220-fd97-ab81e60f9075" executionId="b806fe96-b020-46b4-9bd5-f311eea077fe" testListId="8c84fa94-04c1-424b-9868-57a2d4851a1d" />
    <TestEntry testId="f90d32f7-cc19-4cc9-65aa-d248efc70088" executionId="9da50557-8e57-42f1-8e05-4efca66791f5" testListId="8c84fa94-04c1-424b-9868-57a2d4851a1d" />
    <TestEntry testId="a6644018-be81-c0b1-1e8e-127d72e2c0a0" executionId="4a53a197-97f1-487e-9112-7ab8fa1966cf" testListId="8c84fa94-04c1-424b-9868-57a2d4851a1d" />
    <TestEntry testId="6b2d424a-016d-1de6-3bfa-cdd840b71b1c" executionId="bc34b493-b14f-4c75-ab5c-cb81a9032781" testListId="8c84fa94-04c1-424b-9868-57a2d4851a1d" />
    <TestEntry testId="2a53bb19-7c9d-5b44-40c5-379256e2dcb8" executionId="97d43907-03a9-4532-8b13-24fb94f63e91" testListId="8c84fa94-04c1-424b-9868-57a2d4851a1d" />
    <TestEntry testId="9498c53a-f269-2c8f-4f79-a2b8c31cf242" executionId="690c276e-cfc4-4eb6-b723-8ef797de4dbf" testListId="8c84fa94-04c1-424b-9868-57a2d4851a1d" />
    <TestEntry testId="242dd38d-3745-e85d-124d-a9495050dd63" executionId="a9bc183e-9a30-44a5-8473-983291f91117" testListId="8c84fa94-04c1-424b-9868-57a2d4851a1d" />
    <TestEntry testId="d1e359f9-7c57-f532-234e-201dd8e09e78" executionId="e379ac45-7d16-4405-bd23-30021952f67a" testListId="8c84fa94-04c1-424b-9868-57a2d4851a1d" />
    <TestEntry testId="688017f5-335f-3c4d-f33a-3fc9e4788032" executionId="6d58949e-af7c-4124-8e08-47c7e767a5ad" testListId="8c84fa94-04c1-424b-9868-57a2d4851a1d" />
    <TestEntry testId="fb5ea394-3fcf-29a0-722a-2f73906a9058" executionId="3e1d6b83-1d2c-4bd7-99a1-bd84a6300412" testListId="8c84fa94-04c1-424b-9868-57a2d4851a1d" />
    <TestEntry testId="788a9f46-56bd-d8e2-b897-97cf4f1fa753" executionId="92f037e0-c882-4641-9885-5972167b13a5" testListId="8c84fa94-04c1-424b-9868-57a2d4851a1d" />
    <TestEntry testId="ad515e13-2d52-6fd8-fb48-49da3dd3d281" executionId="6ac3cedf-0c2f-41fa-9381-4cc81d0bdcb3" testListId="8c84fa94-04c1-424b-9868-57a2d4851a1d" />
    <TestEntry testId="4c479956-2536-caf7-b92b-dea14a00baf7" executionId="95646144-5c60-46b8-a163-9367e0af91a8" testListId="8c84fa94-04c1-424b-9868-57a2d4851a1d" />
    <TestEntry testId="6f4afd12-849d-9015-09f3-c8d4a242e569" executionId="ec627794-47d7-45a6-aec9-3e8b19e08717" testListId="8c84fa94-04c1-424b-9868-57a2d4851a1d" />
    <TestEntry testId="3e7f33b8-3be7-0c29-a7e0-6b1ea55aab77" executionId="64daa5c4-a6bd-43a6-b444-2cfaceaa605a" testListId="8c84fa94-04c1-424b-9868-57a2d4851a1d" />
    <TestEntry testId="1672fb05-d5ab-14f2-3bf2-d7ca388a4467" executionId="59fdaf4b-8fa2-45e5-8612-2e3b9eea05cf" testListId="8c84fa94-04c1-424b-9868-57a2d4851a1d" />
    <TestEntry testId="246d0033-9b2e-879c-4ca5-140256fc0b53" executionId="7d41cc18-dc01-4062-b80b-71c248f37d18" testListId="8c84fa94-04c1-424b-9868-57a2d4851a1d" />
    <TestEntry testId="44b454ab-a1d0-e93c-3a93-ed40830742f7" executionId="57eb7348-6754-4037-8faf-b8962123aeaa" testListId="8c84fa94-04c1-424b-9868-57a2d4851a1d" />
    <TestEntry testId="1f5222fb-431d-3de9-77e3-2666b2f7c9a3" executionId="e797145b-982f-4c2a-9e49-e9a185aa8c20" testListId="8c84fa94-04c1-424b-9868-57a2d4851a1d" />
    <TestEntry testId="21163c31-c0c0-5779-a701-6e796a8a9421" executionId="a89014b0-66ad-45ee-9387-f3841f3ada62" testListId="8c84fa94-04c1-424b-9868-57a2d4851a1d" />
    <TestEntry testId="0a4a4313-a0fb-8611-f00a-b086598098c6" executionId="5741606b-d355-4336-afea-ea61b8ff5c44" testListId="8c84fa94-04c1-424b-9868-57a2d4851a1d" />
    <TestEntry testId="7a8ab9eb-2ff9-68be-b49c-8ca69adf4728" executionId="fc11d446-2a42-4a77-8f8a-37e8cf58db04" testListId="8c84fa94-04c1-424b-9868-57a2d4851a1d" />
    <TestEntry testId="43da20a8-7098-fbf1-f6d9-64041991eede" executionId="e81542ad-05b0-4084-94e2-7544153d8abf" testListId="8c84fa94-04c1-424b-9868-57a2d4851a1d" />
    <TestEntry testId="d7aae42a-91a9-1759-0766-880db49189a5" executionId="416a5c2a-4b11-4590-84ad-8962a4aa5a72" testListId="8c84fa94-04c1-424b-9868-57a2d4851a1d" />
    <TestEntry testId="f2c7ecb9-311b-2f23-4ffb-a06fc472e9c5" executionId="5b112088-8dd8-435c-bcd8-43b2c6595849" testListId="8c84fa94-04c1-424b-9868-57a2d4851a1d" />
    <TestEntry testId="edd0297d-f07c-ebd6-80af-ffa9db1d4329" executionId="68c278da-7fe4-40d1-a4e7-83732ce79ce0" testListId="8c84fa94-04c1-424b-9868-57a2d4851a1d" />
    <TestEntry testId="8b1e4022-3344-5126-6427-99634b4ba411" executionId="5aa44e91-7490-487d-a007-9cfa8da7c9ad" testListId="8c84fa94-04c1-424b-9868-57a2d4851a1d" />
    <TestEntry testId="78c75480-e4c7-d75d-322a-de0c18c6b263" executionId="002e5193-a32d-435c-99d1-314680b35ff4" testListId="8c84fa94-04c1-424b-9868-57a2d4851a1d" />
  </TestEntries>
  <TestLists>
    <TestList name="Results Not in a List" id="8c84fa94-04c1-424b-9868-57a2d4851a1d" />
    <TestList name="All Loaded Results" id="19431567-8539-422a-85d7-44ee4e166bda" />
  </TestLists>
  <ResultSummary outcome="Failed">
    <Counters total="179" executed="179" passed="173" failed="6" error="0" timeout="0" aborted="0" inconclusive="0" passedButRunAborted="0" notRunnable="0" notExecuted="0" disconnected="0" warning="0" completed="0" inProgress="0" pending="0" />
    <Output>
      <StdOut>[xUnit.net 00:00:00.00] xUnit.net VSTest Adapter v3.1.5+1b188a7b0a (64-bit .NET 10.0.3)&#xD;
[xUnit.net 00:00:00.04]   Discovering: Motely.Tests&#xD;
[xUnit.net 00:00:00.11]   Discovered:  Motely.Tests&#xD;
[xUnit.net 00:00:00.14]   Starting:    Motely.Tests&#xD;
[xUnit.net 00:00:00.27]       [tarot-wheel-of-fortune.jaml] JAML parse failed: Requested value 'OopsAll6s' was not found.&#xD;
[xUnit.net 00:00:00.27]       Stack Trace:&#xD;
[xUnit.net 00:00:00.27]         X:\JammySeedFinder\src\MotelyJAML\Motely.Tests\V0FilterRegressionTests.cs(33,0): at Motely.Tests.V0FilterRegressionTests.Filter_ParsesAndRuns(String fileName, String jaml)&#xD;
[xUnit.net 00:00:00.27]            at InvokeStub_V0FilterRegressionTests.Filter_ParsesAndRuns(Object, Span`1)&#xD;
[xUnit.net 00:00:00.27]            at System.Reflection.MethodBaseInvoker.InvokeWithFewArgs(Object obj, BindingFlags invokeAttr, Binder binder, Object[] parameters, CultureInfo culture)&#xD;
[xUnit.net 00:00:00.30]       [tarot-the-world.jaml] JAML parse failed: Requested value 'DriversLicense' was not found.&#xD;
[xUnit.net 00:00:00.30]       Stack Trace:&#xD;
[xUnit.net 00:00:00.30]         X:\JammySeedFinder\src\MotelyJAML\Motely.Tests\V0FilterRegressionTests.cs(33,0): at Motely.Tests.V0FilterRegressionTests.Filter_ParsesAndRuns(String fileName, String jaml)&#xD;
[xUnit.net 00:00:00.30]            at InvokeStub_V0FilterRegressionTests.Filter_ParsesAndRuns(Object, Span`1)&#xD;
[xUnit.net 00:00:00.30]            at System.Reflection.MethodBaseInvoker.InvokeWithFewArgs(Object obj, BindingFlags invokeAttr, Binder binder, Object[] parameters, CultureInfo culture)&#xD;
[xUnit.net 00:00:00.35]       [rare-drivers-license.jaml] JAML parse failed: Requested value 'DriversLicense' was not found.&#xD;
[xUnit.net 00:00:00.35]       Stack Trace:&#xD;
[xUnit.net 00:00:00.35]         X:\JammySeedFinder\src\MotelyJAML\Motely.Tests\V0FilterRegressionTests.cs(33,0): at Motely.Tests.V0FilterRegressionTests.Filter_ParsesAndRuns(String fileName, String jaml)&#xD;
[xUnit.net 00:00:00.35]            at InvokeStub_V0FilterRegressionTests.Filter_ParsesAndRuns(Object, Span`1)&#xD;
[xUnit.net 00:00:00.35]            at System.Reflection.MethodBaseInvoker.InvokeWithFewArgs(Object obj, BindingFlags invokeAttr, Binder binder, Object[] parameters, CultureInfo culture)&#xD;
[xUnit.net 00:00:00.39]       [deck-ghost.jaml] JAML parse failed: Requested value 'OopsAll6s' was not found.&#xD;
[xUnit.net 00:00:00.39]       Stack Trace:&#xD;
[xUnit.net 00:00:00.39]         X:\JammySeedFinder\src\MotelyJAML\Motely.Tests\V0FilterRegressionTests.cs(33,0): at Motely.Tests.V0FilterRegressionTests.Filter_ParsesAndRuns(String fileName, String jaml)&#xD;
[xUnit.net 00:00:00.39]            at InvokeStub_V0FilterRegressionTests.Filter_ParsesAndRuns(Object, Span`1)&#xD;
[xUnit.net 00:00:00.39]            at System.Reflection.MethodBaseInvoker.InvokeWithFewArgs(Object obj, BindingFlags invokeAttr, Binder binder, Object[] parameters, CultureInfo culture)&#xD;
[xUnit.net 00:00:00.41]       [common-sixth-sense.jaml] JAML parse failed: Requested value 'OopsAll6s' was not found.&#xD;
[xUnit.net 00:00:00.41]       Stack Trace:&#xD;
[xUnit.net 00:00:00.41]         X:\JammySeedFinder\src\MotelyJAML\Motely.Tests\V0FilterRegressionTests.cs(33,0): at Motely.Tests.V0FilterRegressionTests.Filter_ParsesAndRuns(String fileName, String jaml)&#xD;
[xUnit.net 00:00:00.41]            at InvokeStub_V0FilterRegressionTests.Filter_ParsesAndRuns(Object, Span`1)&#xD;
[xUnit.net 00:00:00.41]            at System.Reflection.MethodBaseInvoker.InvokeWithFewArgs(Object obj, BindingFlags invokeAttr, Binder binder, Object[] parameters, CultureInfo culture)&#xD;
[xUnit.net 00:00:00.44]       [tarot-the-magician.jaml] JAML parse failed: Requested value 'OopsAll6s' was not found.&#xD;
[xUnit.net 00:00:00.44]       Stack Trace:&#xD;
[xUnit.net 00:00:00.44]         X:\JammySeedFinder\src\MotelyJAML\Motely.Tests\V0FilterRegressionTests.cs(33,0): at Motely.Tests.V0FilterRegressionTests.Filter_ParsesAndRuns(String fileName, String jaml)&#xD;
[xUnit.net 00:00:00.44]            at InvokeStub_V0FilterRegressionTests.Filter_ParsesAndRuns(Object, Span`1)&#xD;
[xUnit.net 00:00:00.44]            at System.Reflection.MethodBaseInvoker.InvokeWithFewArgs(Object obj, BindingFlags invokeAttr, Binder binder, Object[] parameters, CultureInfo culture)&#xD;
[xUnit.net 00:00:00.46]   Finished:    Motely.Tests&#xD;
</StdOut>
    </Output>
    <RunInfos>
      <RunInfo computerName="NATE-PC-9800X3D" outcome="Error" timestamp="2026-03-09T15:59:28.3130168-05:00">
        <Text>[xUnit.net 00:00:00.26]     Motely.Tests.V0FilterRegressionTests.Filter_ParsesAndRuns(fileName: "tarot-wheel-of-fortune.jaml", jaml: "name: Wheel of Fortune Edition\nauthor: jammy\ndes"···) [FAIL]</Text>
      </RunInfo>
      <RunInfo computerName="NATE-PC-9800X3D" outcome="Error" timestamp="2026-03-09T15:59:28.3415099-05:00">
        <Text>[xUnit.net 00:00:00.30]     Motely.Tests.V0FilterRegressionTests.Filter_ParsesAndRuns(fileName: "tarot-the-world.jaml", jaml: "name: The World Enhancement\nauthor: jammy\ndescri"···) [FAIL]</Text>
      </RunInfo>
      <RunInfo computerName="NATE-PC-9800X3D" outcome="Error" timestamp="2026-03-09T15:59:28.3854685-05:00">
        <Text>[xUnit.net 00:00:00.35]     Motely.Tests.V0FilterRegressionTests.Filter_ParsesAndRuns(fileName: "rare-drivers-license.jaml", jaml: "name: Driver's License Enhanced\nauthor: jammy\nde"···) [FAIL]</Text>
      </RunInfo>
      <RunInfo computerName="NATE-PC-9800X3D" outcome="Error" timestamp="2026-03-09T15:59:28.4287250-05:00">
        <Text>[xUnit.net 00:00:00.39]     Motely.Tests.V0FilterRegressionTests.Filter_ParsesAndRuns(fileName: "deck-ghost.jaml", jaml: "name: Ghost Deck Spectral Spam\nauthor: jammy\ndes"···) [FAIL]</Text>
      </RunInfo>
      <RunInfo computerName="NATE-PC-9800X3D" outcome="Error" timestamp="2026-03-09T15:59:28.4503726-05:00">
        <Text>[xUnit.net 00:00:00.41]     Motely.Tests.V0FilterRegressionTests.Filter_ParsesAndRuns(fileName: "common-sixth-sense.jaml", jaml: "name: Sixth Sense Spectral\nauthor: jammy\ndescrip"···) [FAIL]</Text>
      </RunInfo>
      <RunInfo computerName="NATE-PC-9800X3D" outcome="Error" timestamp="2026-03-09T15:59:28.4767238-05:00">
        <Text>[xUnit.net 00:00:00.44]     Motely.Tests.V0FilterRegressionTests.Filter_ParsesAndRuns(fileName: "tarot-the-magician.jaml", jaml: "name: The Magician Lucky Build\nauthor: jammy\ndes"···) [FAIL]</Text>
      </RunInfo>
    </RunInfos>
  </ResultSummary>
</TestRun>